<?xml version="1.0" encoding="UTF-8"?>
<testng-results skipped="0" failed="1" ignored="0" total="1" passed="0">
  <reporter-output>
    <line>
      <![CDATA[<a href='C:\Users\smangal\git\Sightline_QA_Automation_POM\sightline/Screenshots/Assignment_Regression--QuickBatchModifyValidation.png'> <img src='C:\Users\smangal\git\Sightline_QA_Automation_POM\sightline/Screenshots/Assignment_Regression--QuickBatchModifyValidation.png' height='100' width='100'/> </a>]]>
    </line>
  </reporter-output>
  <suite name="Default suite" duration-ms="127852" started-at="2020-03-02T06:27:31Z" finished-at="2020-03-02T06:29:39Z">
    <groups>
      <group name="regression">
        <method signature="Assignment_Regression.QuickBatchModifyValidation()[pri:22, instance:testScriptsRegression.Assignment_Regression@3c0ecd4b]" name="QuickBatchModifyValidation" class="testScriptsRegression.Assignment_Regression"/>
      </group> <!-- regression -->
      <group name="smoke">
        <method signature="Assignment_Regression.QuickBatchModifyValidation()[pri:22, instance:testScriptsRegression.Assignment_Regression@3c0ecd4b]" name="QuickBatchModifyValidation" class="testScriptsRegression.Assignment_Regression"/>
      </group> <!-- smoke -->
    </groups>
    <test name="Default test" duration-ms="127852" started-at="2020-03-02T06:27:31Z" finished-at="2020-03-02T06:29:39Z">
      <class name="testScriptsRegression.Assignment_Regression">
        <test-method status="PASS" signature="preCondition()[pri:0, instance:testScriptsRegression.Assignment_Regression@3c0ecd4b]" name="preCondition" is-config="true" duration-ms="45539" started-at="2020-03-02T11:57:31Z" finished-at="2020-03-02T11:58:17Z">
          <reporter-output>
          </reporter-output>
        </test-method> <!-- preCondition -->
        <test-method status="PASS" signature="beforeTestMethod(java.lang.reflect.Method)[pri:0, instance:testScriptsRegression.Assignment_Regression@3c0ecd4b]" name="beforeTestMethod" is-config="true" duration-ms="1" started-at="2020-03-02T11:58:17Z" finished-at="2020-03-02T11:58:17Z">
          <params>
            <param index="0">
              <value>
                <![CDATA[public void testScriptsRegression.Assignment_Regression.QuickBatchModifyValidation() throws java.lang.InterruptedException,java.text.ParseException,java.io.IOException]]>
              </value>
            </param>
          </params>
          <reporter-output>
          </reporter-output>
        </test-method> <!-- beforeTestMethod -->
        <test-method status="FAIL" signature="QuickBatchModifyValidation()[pri:22, instance:testScriptsRegression.Assignment_Regression@3c0ecd4b]" name="QuickBatchModifyValidation" duration-ms="68006" started-at="2020-03-02T11:58:17Z" finished-at="2020-03-02T11:59:25Z">
          <exception class="org.openqa.selenium.NoSuchElementException">
            <message>
              <![CDATA[no such element: Unable to locate element: {"method":"id","selector":"AssignmentName"}
  (Session info: chrome=80.0.3987.122)
  (Driver info: chromedriver=2.36.540470 (e522d04694c7ebea4ba8821272dbef4f9b818c91),platform=Windows NT 10.0.17134 x86_64) (WARNING: The server did not provide any stacktrace information)
Command duration or timeout: 10 milliseconds
For documentation on this error, please visit: http://seleniumhq.org/exceptions/no_such_element.html
Build info: version: '3.4.0', revision: 'unknown', time: 'unknown'
System info: host: 'INLTP-SHILPIM', ip: '10.225.8.133', os.name: 'Windows 10', os.arch: 'amd64', os.version: '10.0', java.version: '1.8.0_181'
Driver info: org.openqa.selenium.chrome.ChromeDriver
Capabilities [{applicationCacheEnabled=false, rotatable=false, mobileEmulationEnabled=false, networkConnectionEnabled=false, chrome={chromedriverVersion=2.36.540470 (e522d04694c7ebea4ba8821272dbef4f9b818c91), userDataDir=C:\Users\smangal\AppData\Local\Temp\scoped_dir5736_22674}, takesHeapSnapshot=true, pageLoadStrategy=normal, databaseEnabled=false, handlesAlerts=true, hasTouchScreen=false, version=80.0.3987.122, platform=XP, browserConnectionEnabled=false, nativeEvents=true, acceptSslCerts=false, acceptInsecureCerts=false, locationContextEnabled=true, webStorageEnabled=true, browserName=chrome, takesScreenshot=true, javascriptEnabled=true, cssSelectorsEnabled=true, setWindowRect=true, unexpectedAlertBehaviour=}]
Session ID: 41c4fb8cbf76ed37ad37413a11ccc77c
*** Element info: {Using=id, value=AssignmentName}]]>
            </message>
            <full-stacktrace>
              <![CDATA[org.openqa.selenium.NoSuchElementException: no such element: Unable to locate element: {"method":"id","selector":"AssignmentName"}
  (Session info: chrome=80.0.3987.122)
  (Driver info: chromedriver=2.36.540470 (e522d04694c7ebea4ba8821272dbef4f9b818c91),platform=Windows NT 10.0.17134 x86_64) (WARNING: The server did not provide any stacktrace information)
Command duration or timeout: 10 milliseconds
For documentation on this error, please visit: http://seleniumhq.org/exceptions/no_such_element.html
Build info: version: '3.4.0', revision: 'unknown', time: 'unknown'
System info: host: 'INLTP-SHILPIM', ip: '10.225.8.133', os.name: 'Windows 10', os.arch: 'amd64', os.version: '10.0', java.version: '1.8.0_181'
Driver info: org.openqa.selenium.chrome.ChromeDriver
Capabilities [{applicationCacheEnabled=false, rotatable=false, mobileEmulationEnabled=false, networkConnectionEnabled=false, chrome={chromedriverVersion=2.36.540470 (e522d04694c7ebea4ba8821272dbef4f9b818c91), userDataDir=C:\Users\smangal\AppData\Local\Temp\scoped_dir5736_22674}, takesHeapSnapshot=true, pageLoadStrategy=normal, databaseEnabled=false, handlesAlerts=true, hasTouchScreen=false, version=80.0.3987.122, platform=XP, browserConnectionEnabled=false, nativeEvents=true, acceptSslCerts=false, acceptInsecureCerts=false, locationContextEnabled=true, webStorageEnabled=true, browserName=chrome, takesScreenshot=true, javascriptEnabled=true, cssSelectorsEnabled=true, setWindowRect=true, unexpectedAlertBehaviour=}]
Session ID: 41c4fb8cbf76ed37ad37413a11ccc77c
*** Element info: {Using=id, value=AssignmentName}
	at sun.reflect.GeneratedConstructorAccessor13.newInstance(Unknown Source)
	at sun.reflect.DelegatingConstructorAccessorImpl.newInstance(DelegatingConstructorAccessorImpl.java:45)
	at java.lang.reflect.Constructor.newInstance(Constructor.java:423)
	at org.openqa.selenium.remote.ErrorHandler.createThrowable(ErrorHandler.java:215)
	at org.openqa.selenium.remote.ErrorHandler.throwIfResponseFailed(ErrorHandler.java:167)
	at org.openqa.selenium.remote.RemoteWebDriver.execute(RemoteWebDriver.java:671)
	at org.openqa.selenium.remote.RemoteWebDriver.findElement(RemoteWebDriver.java:410)
	at org.openqa.selenium.remote.RemoteWebDriver.findElementById(RemoteWebDriver.java:453)
	at org.openqa.selenium.By$ById.findElement(By.java:218)
	at org.openqa.selenium.remote.RemoteWebDriver.findElement(RemoteWebDriver.java:402)
	at automationLibrary.Element.AssertExists(Element.java:486)
	at automationLibrary.Element.SendKeys(Element.java:417)
	at pageFactory.AssignmentsPage.createnewquickbatch(AssignmentsPage.java:1303)
	at testScriptsRegression.Assignment_Regression.QuickBatchModifyValidation(Assignment_Regression.java:113)
	at sun.reflect.NativeMethodAccessorImpl.invoke0(Native Method)
	at sun.reflect.NativeMethodAccessorImpl.invoke(NativeMethodAccessorImpl.java:62)
	at sun.reflect.DelegatingMethodAccessorImpl.invoke(DelegatingMethodAccessorImpl.java:43)
	at java.lang.reflect.Method.invoke(Method.java:498)
	at org.testng.internal.MethodInvocationHelper.invokeMethod(MethodInvocationHelper.java:108)
	at org.testng.internal.Invoker.invokeMethod(Invoker.java:661)
	at org.testng.internal.Invoker.invokeTestMethod(Invoker.java:869)
	at org.testng.internal.Invoker.invokeTestMethods(Invoker.java:1193)
	at org.testng.internal.TestMethodWorker.invokeTestMethods(TestMethodWorker.java:126)
	at org.testng.internal.TestMethodWorker.run(TestMethodWorker.java:109)
	at org.testng.TestRunner.privateRun(TestRunner.java:744)
	at org.testng.TestRunner.run(TestRunner.java:602)
	at org.testng.SuiteRunner.runTest(SuiteRunner.java:380)
	at org.testng.SuiteRunner.runSequentially(SuiteRunner.java:375)
	at org.testng.SuiteRunner.privateRun(SuiteRunner.java:340)
	at org.testng.SuiteRunner.run(SuiteRunner.java:289)
	at org.testng.SuiteRunnerWorker.runSuite(SuiteRunnerWorker.java:52)
	at org.testng.SuiteRunnerWorker.run(SuiteRunnerWorker.java:86)
	at org.testng.TestNG.runSuitesSequentially(TestNG.java:1301)
	at org.testng.TestNG.runSuitesLocally(TestNG.java:1226)
	at org.testng.TestNG.runSuites(TestNG.java:1144)
	at org.testng.TestNG.run(TestNG.java:1115)
	at org.testng.remote.AbstractRemoteTestNG.run(AbstractRemoteTestNG.java:115)
	at org.testng.remote.RemoteTestNG.initAndRun(RemoteTestNG.java:251)
	at org.testng.remote.RemoteTestNG.main(RemoteTestNG.java:77)
]]>
            </full-stacktrace>
          </exception> <!-- org.openqa.selenium.NoSuchElementException -->
          <reporter-output>
          </reporter-output>
        </test-method> <!-- QuickBatchModifyValidation -->
        <test-method status="PASS" signature="takeScreenShot(org.testng.ITestResult)[pri:0, instance:testScriptsRegression.Assignment_Regression@3c0ecd4b]" name="takeScreenShot" is-config="true" duration-ms="592" started-at="2020-03-02T11:59:25Z" finished-at="2020-03-02T11:59:25Z">
          <params>
            <param index="0">
              <value>
                <![CDATA[[TestResult name=QuickBatchModifyValidation status=FAILURE method=Assignment_Regression.QuickBatchModifyValidation()[pri:22, instance:testScriptsRegression.Assignment_Regression@3c0ecd4b] output={null}]]]>
              </value>
            </param>
          </params>
          <reporter-output>
            <line>
              <![CDATA[<a href='C:\Users\smangal\git\Sightline_QA_Automation_POM\sightline/Screenshots/Assignment_Regression--QuickBatchModifyValidation.png'> <img src='C:\Users\smangal\git\Sightline_QA_Automation_POM\sightline/Screenshots/Assignment_Regression--QuickBatchModifyValidation.png' height='100' width='100'/> </a>]]>
            </line>
          </reporter-output>
        </test-method> <!-- takeScreenShot -->
        <test-method status="PASS" signature="close()[pri:0, instance:testScriptsRegression.Assignment_Regression@3c0ecd4b]" name="close" is-config="true" duration-ms="13673" started-at="2020-03-02T11:59:25Z" finished-at="2020-03-02T11:59:39Z">
          <reporter-output>
          </reporter-output>
        </test-method> <!-- close -->
      </class> <!-- testScriptsRegression.Assignment_Regression -->
    </test> <!-- Default test -->
  </suite> <!-- Default suite -->
</testng-results>
