<?xml version="1.0" encoding="UTF-8"?>
<testng-results skipped="0" failed="13" ignored="0" total="13" passed="0">
  <reporter-output>
    <line>
      <![CDATA[<a href='C:\Users\ftarannum\git\Sightline_QA_Automation_POM3\sightline/Screenshots/TS_004_BasicAndAdvancedSearchOperations--ConceptualSearch.png'> <img src='C:\Users\ftarannum\git\Sightline_QA_Automation_POM3\sightline/Screenshots/TS_004_BasicAndAdvancedSearchOperations--ConceptualSearch.png' height='100' width='100'/> </a>]]>
    </line>
    <line>
      <![CDATA[<a href='C:\Users\ftarannum\git\Sightline_QA_Automation_POM3\sightline/Screenshots/TS_004_BasicAndAdvancedSearchOperations--Search_RPMXCON_37690.png'> <img src='C:\Users\ftarannum\git\Sightline_QA_Automation_POM3\sightline/Screenshots/TS_004_BasicAndAdvancedSearchOperations--Search_RPMXCON_37690.png' height='100' width='100'/> </a>]]>
    </line>
    <line>
      <![CDATA[<a href='C:\Users\ftarannum\git\Sightline_QA_Automation_POM3\sightline/Screenshots/TS_004_BasicAndAdvancedSearchOperations--audioSearch.png'> <img src='C:\Users\ftarannum\git\Sightline_QA_Automation_POM3\sightline/Screenshots/TS_004_BasicAndAdvancedSearchOperations--audioSearch.png' height='100' width='100'/> </a>]]>
    </line>
    <line>
      <![CDATA[<a href='C:\Users\ftarannum\git\Sightline_QA_Automation_POM3\sightline/Screenshots/TS_004_BasicAndAdvancedSearchOperations--contentSearchWithOperatorsInAS.png'> <img src='C:\Users\ftarannum\git\Sightline_QA_Automation_POM3\sightline/Screenshots/TS_004_BasicAndAdvancedSearchOperations--contentSearchWithOperatorsInAS.png' height='100' width='100'/> </a>]]>
    </line>
    <line>
      <![CDATA[<a href='C:\Users\ftarannum\git\Sightline_QA_Automation_POM3\sightline/Screenshots/TS_004_BasicAndAdvancedSearchOperations--contentSearchWithOperatorsInBS.png'> <img src='C:\Users\ftarannum\git\Sightline_QA_Automation_POM3\sightline/Screenshots/TS_004_BasicAndAdvancedSearchOperations--contentSearchWithOperatorsInBS.png' height='100' width='100'/> </a>]]>
    </line>
    <line>
      <![CDATA[<a href='C:\Users\ftarannum\git\Sightline_QA_Automation_POM3\sightline/Screenshots/TS_004_BasicAndAdvancedSearchOperations--metaDataSearch.png'> <img src='C:\Users\ftarannum\git\Sightline_QA_Automation_POM3\sightline/Screenshots/TS_004_BasicAndAdvancedSearchOperations--metaDataSearch.png' height='100' width='100'/> </a>]]>
    </line>
    <line>
      <![CDATA[<a href='C:\Users\ftarannum\git\Sightline_QA_Automation_POM3\sightline/Screenshots/TS_004_BasicAndAdvancedSearchOperations--proximityAndRegExInBS.png'> <img src='C:\Users\ftarannum\git\Sightline_QA_Automation_POM3\sightline/Screenshots/TS_004_BasicAndAdvancedSearchOperations--proximityAndRegExInBS.png' height='100' width='100'/> </a>]]>
    </line>
    <line>
      <![CDATA[<a href='C:\Users\ftarannum\git\Sightline_QA_Automation_POM3\sightline/Screenshots/TS_004_BasicAndAdvancedSearchOperations--proximityAndRegExInBS.png'> <img src='C:\Users\ftarannum\git\Sightline_QA_Automation_POM3\sightline/Screenshots/TS_004_BasicAndAdvancedSearchOperations--proximityAndRegExInBS.png' height='100' width='100'/> </a>]]>
    </line>
    <line>
      <![CDATA[<a href='C:\Users\ftarannum\git\Sightline_QA_Automation_POM3\sightline/Screenshots/TS_004_BasicAndAdvancedSearchOperations--proximityAndRegExInBS.png'> <img src='C:\Users\ftarannum\git\Sightline_QA_Automation_POM3\sightline/Screenshots/TS_004_BasicAndAdvancedSearchOperations--proximityAndRegExInBS.png' height='100' width='100'/> </a>]]>
    </line>
    <line>
      <![CDATA[<a href='C:\Users\ftarannum\git\Sightline_QA_Automation_POM3\sightline/Screenshots/TS_004_BasicAndAdvancedSearchOperations--proximityAndRegExInBS.png'> <img src='C:\Users\ftarannum\git\Sightline_QA_Automation_POM3\sightline/Screenshots/TS_004_BasicAndAdvancedSearchOperations--proximityAndRegExInBS.png' height='100' width='100'/> </a>]]>
    </line>
    <line>
      <![CDATA[<a href='C:\Users\ftarannum\git\Sightline_QA_Automation_POM3\sightline/Screenshots/TS_004_BasicAndAdvancedSearchOperations--proximityAndRegExInBS.png'> <img src='C:\Users\ftarannum\git\Sightline_QA_Automation_POM3\sightline/Screenshots/TS_004_BasicAndAdvancedSearchOperations--proximityAndRegExInBS.png' height='100' width='100'/> </a>]]>
    </line>
    <line>
      <![CDATA[<a href='C:\Users\ftarannum\git\Sightline_QA_Automation_POM3\sightline/Screenshots/TS_004_BasicAndAdvancedSearchOperations--proximityAndRegExInBS.png'> <img src='C:\Users\ftarannum\git\Sightline_QA_Automation_POM3\sightline/Screenshots/TS_004_BasicAndAdvancedSearchOperations--proximityAndRegExInBS.png' height='100' width='100'/> </a>]]>
    </line>
    <line>
      <![CDATA[<a href='C:\Users\ftarannum\git\Sightline_QA_Automation_POM3\sightline/Screenshots/TS_004_BasicAndAdvancedSearchOperations--searchsavedSearch.png'> <img src='C:\Users\ftarannum\git\Sightline_QA_Automation_POM3\sightline/Screenshots/TS_004_BasicAndAdvancedSearchOperations--searchsavedSearch.png' height='100' width='100'/> </a>]]>
    </line>
  </reporter-output>
  <suite name="Default suite" duration-ms="3019140" started-at="2021-02-25T08:50:46Z" finished-at="2021-02-25T09:41:05Z">
    <groups>
      <group name="regression">
        <method signature="TS_004_BasicAndAdvancedSearchOperations.ConceptualSearch()[pri:0, instance:testScriptsSmoke.TS_004_BasicAndAdvancedSearchOperations@72d818d1]" name="ConceptualSearch" class="testScriptsSmoke.TS_004_BasicAndAdvancedSearchOperations"/>
        <method signature="TS_004_BasicAndAdvancedSearchOperations.Search_RPMXCON_37690()[pri:0, instance:testScriptsSmoke.TS_004_BasicAndAdvancedSearchOperations@72d818d1]" name="Search_RPMXCON_37690" class="testScriptsSmoke.TS_004_BasicAndAdvancedSearchOperations"/>
        <method signature="TS_004_BasicAndAdvancedSearchOperations.audioSearch()[pri:0, instance:testScriptsSmoke.TS_004_BasicAndAdvancedSearchOperations@72d818d1]" name="audioSearch" class="testScriptsSmoke.TS_004_BasicAndAdvancedSearchOperations"/>
        <method signature="TS_004_BasicAndAdvancedSearchOperations.contentSearchWithOperatorsInAS()[pri:0, instance:testScriptsSmoke.TS_004_BasicAndAdvancedSearchOperations@72d818d1]" name="contentSearchWithOperatorsInAS" class="testScriptsSmoke.TS_004_BasicAndAdvancedSearchOperations"/>
        <method signature="TS_004_BasicAndAdvancedSearchOperations.contentSearchWithOperatorsInBS()[pri:0, instance:testScriptsSmoke.TS_004_BasicAndAdvancedSearchOperations@72d818d1]" name="contentSearchWithOperatorsInBS" class="testScriptsSmoke.TS_004_BasicAndAdvancedSearchOperations"/>
        <method signature="TS_004_BasicAndAdvancedSearchOperations.metaDataSearch()[pri:0, instance:testScriptsSmoke.TS_004_BasicAndAdvancedSearchOperations@72d818d1]" name="metaDataSearch" class="testScriptsSmoke.TS_004_BasicAndAdvancedSearchOperations"/>
        <method signature="TS_004_BasicAndAdvancedSearchOperations.proximityAndRegExInBS(java.lang.String, int)[pri:0, instance:testScriptsSmoke.TS_004_BasicAndAdvancedSearchOperations@72d818d1]" name="proximityAndRegExInBS" class="testScriptsSmoke.TS_004_BasicAndAdvancedSearchOperations"/>
        <method signature="TS_004_BasicAndAdvancedSearchOperations.searchsavedSearch()[pri:0, instance:testScriptsSmoke.TS_004_BasicAndAdvancedSearchOperations@72d818d1]" name="searchsavedSearch" class="testScriptsSmoke.TS_004_BasicAndAdvancedSearchOperations"/>
      </group> <!-- regression -->
      <group name="smoke">
        <method signature="TS_004_BasicAndAdvancedSearchOperations.ConceptualSearch()[pri:0, instance:testScriptsSmoke.TS_004_BasicAndAdvancedSearchOperations@72d818d1]" name="ConceptualSearch" class="testScriptsSmoke.TS_004_BasicAndAdvancedSearchOperations"/>
        <method signature="TS_004_BasicAndAdvancedSearchOperations.audioSearch()[pri:0, instance:testScriptsSmoke.TS_004_BasicAndAdvancedSearchOperations@72d818d1]" name="audioSearch" class="testScriptsSmoke.TS_004_BasicAndAdvancedSearchOperations"/>
        <method signature="TS_004_BasicAndAdvancedSearchOperations.contentSearchWithOperatorsInAS()[pri:0, instance:testScriptsSmoke.TS_004_BasicAndAdvancedSearchOperations@72d818d1]" name="contentSearchWithOperatorsInAS" class="testScriptsSmoke.TS_004_BasicAndAdvancedSearchOperations"/>
        <method signature="TS_004_BasicAndAdvancedSearchOperations.contentSearchWithOperatorsInBS()[pri:0, instance:testScriptsSmoke.TS_004_BasicAndAdvancedSearchOperations@72d818d1]" name="contentSearchWithOperatorsInBS" class="testScriptsSmoke.TS_004_BasicAndAdvancedSearchOperations"/>
        <method signature="TS_004_BasicAndAdvancedSearchOperations.metaDataSearch()[pri:0, instance:testScriptsSmoke.TS_004_BasicAndAdvancedSearchOperations@72d818d1]" name="metaDataSearch" class="testScriptsSmoke.TS_004_BasicAndAdvancedSearchOperations"/>
        <method signature="TS_004_BasicAndAdvancedSearchOperations.proximityAndRegExInBS(java.lang.String, int)[pri:0, instance:testScriptsSmoke.TS_004_BasicAndAdvancedSearchOperations@72d818d1]" name="proximityAndRegExInBS" class="testScriptsSmoke.TS_004_BasicAndAdvancedSearchOperations"/>
        <method signature="TS_004_BasicAndAdvancedSearchOperations.searchsavedSearch()[pri:0, instance:testScriptsSmoke.TS_004_BasicAndAdvancedSearchOperations@72d818d1]" name="searchsavedSearch" class="testScriptsSmoke.TS_004_BasicAndAdvancedSearchOperations"/>
      </group> <!-- smoke -->
    </groups>
    <test name="Default test" duration-ms="3019140" started-at="2021-02-25T08:50:46Z" finished-at="2021-02-25T09:41:05Z">
      <class name="testScriptsSmoke.TS_004_BasicAndAdvancedSearchOperations">
        <test-method status="PASS" signature="preCondition()[pri:0, instance:testScriptsSmoke.TS_004_BasicAndAdvancedSearchOperations@72d818d1]" name="preCondition" is-config="true" duration-ms="56314" started-at="2021-02-25T14:20:46Z" finished-at="2021-02-25T14:21:42Z">
          <reporter-output>
          </reporter-output>
        </test-method> <!-- preCondition -->
        <test-method status="PASS" signature="beforeTestMethod(java.lang.reflect.Method)[pri:0, instance:testScriptsSmoke.TS_004_BasicAndAdvancedSearchOperations@72d818d1]" name="beforeTestMethod" is-config="true" duration-ms="3" started-at="2021-02-25T14:21:42Z" finished-at="2021-02-25T14:21:42Z">
          <params>
            <param index="0">
              <value>
                <![CDATA[public void testScriptsSmoke.TS_004_BasicAndAdvancedSearchOperations.ConceptualSearch()]]>
              </value>
            </param>
          </params>
          <reporter-output>
          </reporter-output>
        </test-method> <!-- beforeTestMethod -->
        <test-method status="FAIL" signature="ConceptualSearch()[pri:0, instance:testScriptsSmoke.TS_004_BasicAndAdvancedSearchOperations@72d818d1]" name="ConceptualSearch" duration-ms="19639" started-at="2021-02-25T14:21:42Z" finished-at="2021-02-25T14:22:02Z">
          <exception class="org.openqa.selenium.NoSuchElementException">
            <message>
              <![CDATA[no such element: Unable to locate element: {"method":"xpath","selector":"//a[@title='TesdtAudioSuresh']"}
  (Session info: chrome=88.0.4324.150)
  (Driver info: chromedriver=2.36.540470 (e522d04694c7ebea4ba8821272dbef4f9b818c91),platform=Windows NT 10.0.17763 x86_64) (WARNING: The server did not provide any stacktrace information)
Command duration or timeout: 28 milliseconds
For documentation on this error, please visit: http://seleniumhq.org/exceptions/no_such_element.html
Build info: version: '3.4.0', revision: 'unknown', time: 'unknown'
System info: host: 'INLTP-FERHAT', ip: '10.12.49.154', os.name: 'Windows 10', os.arch: 'amd64', os.version: '10.0', java.version: '1.8.0_241'
Driver info: org.openqa.selenium.chrome.ChromeDriver
Capabilities [{applicationCacheEnabled=false, rotatable=false, mobileEmulationEnabled=false, networkConnectionEnabled=false, chrome={chromedriverVersion=2.36.540470 (e522d04694c7ebea4ba8821272dbef4f9b818c91), userDataDir=C:\Users\FTARAN~1\AppData\Local\Temp\scoped_dir18680_7112}, takesHeapSnapshot=true, pageLoadStrategy=normal, databaseEnabled=false, handlesAlerts=true, hasTouchScreen=false, version=88.0.4324.150, platform=XP, browserConnectionEnabled=false, nativeEvents=true, acceptSslCerts=false, acceptInsecureCerts=false, locationContextEnabled=true, webStorageEnabled=true, browserName=chrome, takesScreenshot=true, javascriptEnabled=true, cssSelectorsEnabled=true, setWindowRect=true, unexpectedAlertBehaviour=}]
Session ID: c60344958f1e4ac7c84a317675a2d3d3
*** Element info: {Using=xpath, value=//a[@title='TesdtAudioSuresh']}]]>
            </message>
            <full-stacktrace>
              <![CDATA[org.openqa.selenium.NoSuchElementException: no such element: Unable to locate element: {"method":"xpath","selector":"//a[@title='TesdtAudioSuresh']"}
  (Session info: chrome=88.0.4324.150)
  (Driver info: chromedriver=2.36.540470 (e522d04694c7ebea4ba8821272dbef4f9b818c91),platform=Windows NT 10.0.17763 x86_64) (WARNING: The server did not provide any stacktrace information)
Command duration or timeout: 28 milliseconds
For documentation on this error, please visit: http://seleniumhq.org/exceptions/no_such_element.html
Build info: version: '3.4.0', revision: 'unknown', time: 'unknown'
System info: host: 'INLTP-FERHAT', ip: '10.12.49.154', os.name: 'Windows 10', os.arch: 'amd64', os.version: '10.0', java.version: '1.8.0_241'
Driver info: org.openqa.selenium.chrome.ChromeDriver
Capabilities [{applicationCacheEnabled=false, rotatable=false, mobileEmulationEnabled=false, networkConnectionEnabled=false, chrome={chromedriverVersion=2.36.540470 (e522d04694c7ebea4ba8821272dbef4f9b818c91), userDataDir=C:\Users\FTARAN~1\AppData\Local\Temp\scoped_dir18680_7112}, takesHeapSnapshot=true, pageLoadStrategy=normal, databaseEnabled=false, handlesAlerts=true, hasTouchScreen=false, version=88.0.4324.150, platform=XP, browserConnectionEnabled=false, nativeEvents=true, acceptSslCerts=false, acceptInsecureCerts=false, locationContextEnabled=true, webStorageEnabled=true, browserName=chrome, takesScreenshot=true, javascriptEnabled=true, cssSelectorsEnabled=true, setWindowRect=true, unexpectedAlertBehaviour=}]
Session ID: c60344958f1e4ac7c84a317675a2d3d3
*** Element info: {Using=xpath, value=//a[@title='TesdtAudioSuresh']}
	at sun.reflect.GeneratedConstructorAccessor13.newInstance(Unknown Source)
	at sun.reflect.DelegatingConstructorAccessorImpl.newInstance(Unknown Source)
	at java.lang.reflect.Constructor.newInstance(Unknown Source)
	at org.openqa.selenium.remote.ErrorHandler.createThrowable(ErrorHandler.java:215)
	at org.openqa.selenium.remote.ErrorHandler.throwIfResponseFailed(ErrorHandler.java:167)
	at org.openqa.selenium.remote.RemoteWebDriver.execute(RemoteWebDriver.java:671)
	at org.openqa.selenium.remote.RemoteWebDriver.findElement(RemoteWebDriver.java:410)
	at org.openqa.selenium.remote.RemoteWebDriver.findElementByXPath(RemoteWebDriver.java:509)
	at org.openqa.selenium.By$ByXPath.findElement(By.java:361)
	at org.openqa.selenium.remote.RemoteWebDriver.findElement(RemoteWebDriver.java:402)
	at automationLibrary.Element.AssertExists(Element.java:501)
	at automationLibrary.Element.waitAndClick(Element.java:256)
	at pageFactory.BaseClass.selectproject(BaseClass.java:200)
	at testScriptsSmoke.TS_004_BasicAndAdvancedSearchOperations.ConceptualSearch(TS_004_BasicAndAdvancedSearchOperations.java:243)
	at sun.reflect.NativeMethodAccessorImpl.invoke0(Native Method)
	at sun.reflect.NativeMethodAccessorImpl.invoke(Unknown Source)
	at sun.reflect.DelegatingMethodAccessorImpl.invoke(Unknown Source)
	at java.lang.reflect.Method.invoke(Unknown Source)
	at org.testng.internal.MethodInvocationHelper.invokeMethod(MethodInvocationHelper.java:108)
	at org.testng.internal.Invoker.invokeMethod(Invoker.java:661)
	at org.testng.internal.Invoker.invokeTestMethod(Invoker.java:869)
	at org.testng.internal.Invoker.invokeTestMethods(Invoker.java:1193)
	at org.testng.internal.TestMethodWorker.invokeTestMethods(TestMethodWorker.java:126)
	at org.testng.internal.TestMethodWorker.run(TestMethodWorker.java:109)
	at org.testng.TestRunner.privateRun(TestRunner.java:744)
	at org.testng.TestRunner.run(TestRunner.java:602)
	at org.testng.SuiteRunner.runTest(SuiteRunner.java:380)
	at org.testng.SuiteRunner.runSequentially(SuiteRunner.java:375)
	at org.testng.SuiteRunner.privateRun(SuiteRunner.java:340)
	at org.testng.SuiteRunner.run(SuiteRunner.java:289)
	at org.testng.SuiteRunnerWorker.runSuite(SuiteRunnerWorker.java:52)
	at org.testng.SuiteRunnerWorker.run(SuiteRunnerWorker.java:86)
	at org.testng.TestNG.runSuitesSequentially(TestNG.java:1301)
	at org.testng.TestNG.runSuitesLocally(TestNG.java:1226)
	at org.testng.TestNG.runSuites(TestNG.java:1144)
	at org.testng.TestNG.run(TestNG.java:1115)
	at org.testng.remote.AbstractRemoteTestNG.run(AbstractRemoteTestNG.java:132)
	at org.testng.remote.RemoteTestNG.initAndRun(RemoteTestNG.java:236)
	at org.testng.remote.RemoteTestNG.main(RemoteTestNG.java:81)
]]>
            </full-stacktrace>
          </exception> <!-- org.openqa.selenium.NoSuchElementException -->
          <reporter-output>
          </reporter-output>
        </test-method> <!-- ConceptualSearch -->
        <test-method status="PASS" signature="takeScreenShot(org.testng.ITestResult)[pri:0, instance:testScriptsSmoke.TS_004_BasicAndAdvancedSearchOperations@72d818d1]" name="takeScreenShot" is-config="true" duration-ms="483" started-at="2021-02-25T14:22:02Z" finished-at="2021-02-25T14:22:02Z">
          <params>
            <param index="0">
              <value>
                <![CDATA[[TestResult name=ConceptualSearch status=FAILURE method=TS_004_BasicAndAdvancedSearchOperations.ConceptualSearch()[pri:0, instance:testScriptsSmoke.TS_004_BasicAndAdvancedSearchOperations@72d818d1] output={null}]]]>
              </value>
            </param>
          </params>
          <reporter-output>
            <line>
              <![CDATA[<a href='C:\Users\ftarannum\git\Sightline_QA_Automation_POM3\sightline/Screenshots/TS_004_BasicAndAdvancedSearchOperations--ConceptualSearch.png'> <img src='C:\Users\ftarannum\git\Sightline_QA_Automation_POM3\sightline/Screenshots/TS_004_BasicAndAdvancedSearchOperations--ConceptualSearch.png' height='100' width='100'/> </a>]]>
            </line>
          </reporter-output>
        </test-method> <!-- takeScreenShot -->
        <test-method status="FAIL" signature="Search_RPMXCON_37690()[pri:0, instance:testScriptsSmoke.TS_004_BasicAndAdvancedSearchOperations@72d818d1]" name="Search_RPMXCON_37690" duration-ms="19753" started-at="2021-02-25T14:22:02Z" finished-at="2021-02-25T14:22:22Z">
          <exception class="org.openqa.selenium.NoSuchElementException">
            <message>
              <![CDATA[no such element: Unable to locate element: {"method":"xpath","selector":"//a[@title='TesdtAudioSuresh']"}
  (Session info: chrome=88.0.4324.150)
  (Driver info: chromedriver=2.36.540470 (e522d04694c7ebea4ba8821272dbef4f9b818c91),platform=Windows NT 10.0.17763 x86_64) (WARNING: The server did not provide any stacktrace information)
Command duration or timeout: 28 milliseconds
For documentation on this error, please visit: http://seleniumhq.org/exceptions/no_such_element.html
Build info: version: '3.4.0', revision: 'unknown', time: 'unknown'
System info: host: 'INLTP-FERHAT', ip: '10.12.49.154', os.name: 'Windows 10', os.arch: 'amd64', os.version: '10.0', java.version: '1.8.0_241'
Driver info: org.openqa.selenium.chrome.ChromeDriver
Capabilities [{applicationCacheEnabled=false, rotatable=false, mobileEmulationEnabled=false, networkConnectionEnabled=false, chrome={chromedriverVersion=2.36.540470 (e522d04694c7ebea4ba8821272dbef4f9b818c91), userDataDir=C:\Users\FTARAN~1\AppData\Local\Temp\scoped_dir18680_7112}, takesHeapSnapshot=true, pageLoadStrategy=normal, databaseEnabled=false, handlesAlerts=true, hasTouchScreen=false, version=88.0.4324.150, platform=XP, browserConnectionEnabled=false, nativeEvents=true, acceptSslCerts=false, acceptInsecureCerts=false, locationContextEnabled=true, webStorageEnabled=true, browserName=chrome, takesScreenshot=true, javascriptEnabled=true, cssSelectorsEnabled=true, setWindowRect=true, unexpectedAlertBehaviour=}]
Session ID: c60344958f1e4ac7c84a317675a2d3d3
*** Element info: {Using=xpath, value=//a[@title='TesdtAudioSuresh']}]]>
            </message>
            <full-stacktrace>
              <![CDATA[org.openqa.selenium.NoSuchElementException: no such element: Unable to locate element: {"method":"xpath","selector":"//a[@title='TesdtAudioSuresh']"}
  (Session info: chrome=88.0.4324.150)
  (Driver info: chromedriver=2.36.540470 (e522d04694c7ebea4ba8821272dbef4f9b818c91),platform=Windows NT 10.0.17763 x86_64) (WARNING: The server did not provide any stacktrace information)
Command duration or timeout: 28 milliseconds
For documentation on this error, please visit: http://seleniumhq.org/exceptions/no_such_element.html
Build info: version: '3.4.0', revision: 'unknown', time: 'unknown'
System info: host: 'INLTP-FERHAT', ip: '10.12.49.154', os.name: 'Windows 10', os.arch: 'amd64', os.version: '10.0', java.version: '1.8.0_241'
Driver info: org.openqa.selenium.chrome.ChromeDriver
Capabilities [{applicationCacheEnabled=false, rotatable=false, mobileEmulationEnabled=false, networkConnectionEnabled=false, chrome={chromedriverVersion=2.36.540470 (e522d04694c7ebea4ba8821272dbef4f9b818c91), userDataDir=C:\Users\FTARAN~1\AppData\Local\Temp\scoped_dir18680_7112}, takesHeapSnapshot=true, pageLoadStrategy=normal, databaseEnabled=false, handlesAlerts=true, hasTouchScreen=false, version=88.0.4324.150, platform=XP, browserConnectionEnabled=false, nativeEvents=true, acceptSslCerts=false, acceptInsecureCerts=false, locationContextEnabled=true, webStorageEnabled=true, browserName=chrome, takesScreenshot=true, javascriptEnabled=true, cssSelectorsEnabled=true, setWindowRect=true, unexpectedAlertBehaviour=}]
Session ID: c60344958f1e4ac7c84a317675a2d3d3
*** Element info: {Using=xpath, value=//a[@title='TesdtAudioSuresh']}
	at sun.reflect.GeneratedConstructorAccessor13.newInstance(Unknown Source)
	at sun.reflect.DelegatingConstructorAccessorImpl.newInstance(Unknown Source)
	at java.lang.reflect.Constructor.newInstance(Unknown Source)
	at org.openqa.selenium.remote.ErrorHandler.createThrowable(ErrorHandler.java:215)
	at org.openqa.selenium.remote.ErrorHandler.throwIfResponseFailed(ErrorHandler.java:167)
	at org.openqa.selenium.remote.RemoteWebDriver.execute(RemoteWebDriver.java:671)
	at org.openqa.selenium.remote.RemoteWebDriver.findElement(RemoteWebDriver.java:410)
	at org.openqa.selenium.remote.RemoteWebDriver.findElementByXPath(RemoteWebDriver.java:509)
	at org.openqa.selenium.By$ByXPath.findElement(By.java:361)
	at org.openqa.selenium.remote.RemoteWebDriver.findElement(RemoteWebDriver.java:402)
	at automationLibrary.Element.AssertExists(Element.java:501)
	at automationLibrary.Element.waitAndClick(Element.java:256)
	at pageFactory.BaseClass.selectproject(BaseClass.java:200)
	at testScriptsSmoke.TS_004_BasicAndAdvancedSearchOperations.Search_RPMXCON_37690(TS_004_BasicAndAdvancedSearchOperations.java:268)
	at sun.reflect.NativeMethodAccessorImpl.invoke0(Native Method)
	at sun.reflect.NativeMethodAccessorImpl.invoke(Unknown Source)
	at sun.reflect.DelegatingMethodAccessorImpl.invoke(Unknown Source)
	at java.lang.reflect.Method.invoke(Unknown Source)
	at org.testng.internal.MethodInvocationHelper.invokeMethod(MethodInvocationHelper.java:108)
	at org.testng.internal.Invoker.invokeMethod(Invoker.java:661)
	at org.testng.internal.Invoker.invokeTestMethod(Invoker.java:869)
	at org.testng.internal.Invoker.invokeTestMethods(Invoker.java:1193)
	at org.testng.internal.TestMethodWorker.invokeTestMethods(TestMethodWorker.java:126)
	at org.testng.internal.TestMethodWorker.run(TestMethodWorker.java:109)
	at org.testng.TestRunner.privateRun(TestRunner.java:744)
	at org.testng.TestRunner.run(TestRunner.java:602)
	at org.testng.SuiteRunner.runTest(SuiteRunner.java:380)
	at org.testng.SuiteRunner.runSequentially(SuiteRunner.java:375)
	at org.testng.SuiteRunner.privateRun(SuiteRunner.java:340)
	at org.testng.SuiteRunner.run(SuiteRunner.java:289)
	at org.testng.SuiteRunnerWorker.runSuite(SuiteRunnerWorker.java:52)
	at org.testng.SuiteRunnerWorker.run(SuiteRunnerWorker.java:86)
	at org.testng.TestNG.runSuitesSequentially(TestNG.java:1301)
	at org.testng.TestNG.runSuitesLocally(TestNG.java:1226)
	at org.testng.TestNG.runSuites(TestNG.java:1144)
	at org.testng.TestNG.run(TestNG.java:1115)
	at org.testng.remote.AbstractRemoteTestNG.run(AbstractRemoteTestNG.java:132)
	at org.testng.remote.RemoteTestNG.initAndRun(RemoteTestNG.java:236)
	at org.testng.remote.RemoteTestNG.main(RemoteTestNG.java:81)
]]>
            </full-stacktrace>
          </exception> <!-- org.openqa.selenium.NoSuchElementException -->
          <reporter-output>
          </reporter-output>
        </test-method> <!-- Search_RPMXCON_37690 -->
        <test-method status="PASS" signature="beforeTestMethod(java.lang.reflect.Method)[pri:0, instance:testScriptsSmoke.TS_004_BasicAndAdvancedSearchOperations@72d818d1]" name="beforeTestMethod" is-config="true" duration-ms="0" started-at="2021-02-25T14:22:02Z" finished-at="2021-02-25T14:22:02Z">
          <params>
            <param index="0">
              <value>
                <![CDATA[public void testScriptsSmoke.TS_004_BasicAndAdvancedSearchOperations.Search_RPMXCON_37690() throws java.lang.InterruptedException]]>
              </value>
            </param>
          </params>
          <reporter-output>
          </reporter-output>
        </test-method> <!-- beforeTestMethod -->
        <test-method status="PASS" signature="takeScreenShot(org.testng.ITestResult)[pri:0, instance:testScriptsSmoke.TS_004_BasicAndAdvancedSearchOperations@72d818d1]" name="takeScreenShot" is-config="true" duration-ms="355" started-at="2021-02-25T14:22:22Z" finished-at="2021-02-25T14:22:22Z">
          <params>
            <param index="0">
              <value>
                <![CDATA[[TestResult name=Search_RPMXCON_37690 status=FAILURE method=TS_004_BasicAndAdvancedSearchOperations.Search_RPMXCON_37690()[pri:0, instance:testScriptsSmoke.TS_004_BasicAndAdvancedSearchOperations@72d818d1] output={null}]]]>
              </value>
            </param>
          </params>
          <reporter-output>
            <line>
              <![CDATA[<a href='C:\Users\ftarannum\git\Sightline_QA_Automation_POM3\sightline/Screenshots/TS_004_BasicAndAdvancedSearchOperations--Search_RPMXCON_37690.png'> <img src='C:\Users\ftarannum\git\Sightline_QA_Automation_POM3\sightline/Screenshots/TS_004_BasicAndAdvancedSearchOperations--Search_RPMXCON_37690.png' height='100' width='100'/> </a>]]>
            </line>
          </reporter-output>
        </test-method> <!-- takeScreenShot -->
        <test-method status="PASS" signature="beforeTestMethod(java.lang.reflect.Method)[pri:0, instance:testScriptsSmoke.TS_004_BasicAndAdvancedSearchOperations@72d818d1]" name="beforeTestMethod" is-config="true" duration-ms="0" started-at="2021-02-25T14:22:22Z" finished-at="2021-02-25T14:22:22Z">
          <params>
            <param index="0">
              <value>
                <![CDATA[public void testScriptsSmoke.TS_004_BasicAndAdvancedSearchOperations.audioSearch()]]>
              </value>
            </param>
          </params>
          <reporter-output>
          </reporter-output>
        </test-method> <!-- beforeTestMethod -->
        <test-method status="FAIL" signature="audioSearch()[pri:0, instance:testScriptsSmoke.TS_004_BasicAndAdvancedSearchOperations@72d818d1]" name="audioSearch" duration-ms="19641" started-at="2021-02-25T14:22:22Z" finished-at="2021-02-25T14:22:42Z">
          <exception class="org.openqa.selenium.NoSuchElementException">
            <message>
              <![CDATA[no such element: Unable to locate element: {"method":"xpath","selector":"//a[@title='TesdtAudioSuresh']"}
  (Session info: chrome=88.0.4324.150)
  (Driver info: chromedriver=2.36.540470 (e522d04694c7ebea4ba8821272dbef4f9b818c91),platform=Windows NT 10.0.17763 x86_64) (WARNING: The server did not provide any stacktrace information)
Command duration or timeout: 26 milliseconds
For documentation on this error, please visit: http://seleniumhq.org/exceptions/no_such_element.html
Build info: version: '3.4.0', revision: 'unknown', time: 'unknown'
System info: host: 'INLTP-FERHAT', ip: '10.12.49.154', os.name: 'Windows 10', os.arch: 'amd64', os.version: '10.0', java.version: '1.8.0_241'
Driver info: org.openqa.selenium.chrome.ChromeDriver
Capabilities [{applicationCacheEnabled=false, rotatable=false, mobileEmulationEnabled=false, networkConnectionEnabled=false, chrome={chromedriverVersion=2.36.540470 (e522d04694c7ebea4ba8821272dbef4f9b818c91), userDataDir=C:\Users\FTARAN~1\AppData\Local\Temp\scoped_dir18680_7112}, takesHeapSnapshot=true, pageLoadStrategy=normal, databaseEnabled=false, handlesAlerts=true, hasTouchScreen=false, version=88.0.4324.150, platform=XP, browserConnectionEnabled=false, nativeEvents=true, acceptSslCerts=false, acceptInsecureCerts=false, locationContextEnabled=true, webStorageEnabled=true, browserName=chrome, takesScreenshot=true, javascriptEnabled=true, cssSelectorsEnabled=true, setWindowRect=true, unexpectedAlertBehaviour=}]
Session ID: c60344958f1e4ac7c84a317675a2d3d3
*** Element info: {Using=xpath, value=//a[@title='TesdtAudioSuresh']}]]>
            </message>
            <full-stacktrace>
              <![CDATA[org.openqa.selenium.NoSuchElementException: no such element: Unable to locate element: {"method":"xpath","selector":"//a[@title='TesdtAudioSuresh']"}
  (Session info: chrome=88.0.4324.150)
  (Driver info: chromedriver=2.36.540470 (e522d04694c7ebea4ba8821272dbef4f9b818c91),platform=Windows NT 10.0.17763 x86_64) (WARNING: The server did not provide any stacktrace information)
Command duration or timeout: 26 milliseconds
For documentation on this error, please visit: http://seleniumhq.org/exceptions/no_such_element.html
Build info: version: '3.4.0', revision: 'unknown', time: 'unknown'
System info: host: 'INLTP-FERHAT', ip: '10.12.49.154', os.name: 'Windows 10', os.arch: 'amd64', os.version: '10.0', java.version: '1.8.0_241'
Driver info: org.openqa.selenium.chrome.ChromeDriver
Capabilities [{applicationCacheEnabled=false, rotatable=false, mobileEmulationEnabled=false, networkConnectionEnabled=false, chrome={chromedriverVersion=2.36.540470 (e522d04694c7ebea4ba8821272dbef4f9b818c91), userDataDir=C:\Users\FTARAN~1\AppData\Local\Temp\scoped_dir18680_7112}, takesHeapSnapshot=true, pageLoadStrategy=normal, databaseEnabled=false, handlesAlerts=true, hasTouchScreen=false, version=88.0.4324.150, platform=XP, browserConnectionEnabled=false, nativeEvents=true, acceptSslCerts=false, acceptInsecureCerts=false, locationContextEnabled=true, webStorageEnabled=true, browserName=chrome, takesScreenshot=true, javascriptEnabled=true, cssSelectorsEnabled=true, setWindowRect=true, unexpectedAlertBehaviour=}]
Session ID: c60344958f1e4ac7c84a317675a2d3d3
*** Element info: {Using=xpath, value=//a[@title='TesdtAudioSuresh']}
	at sun.reflect.GeneratedConstructorAccessor13.newInstance(Unknown Source)
	at sun.reflect.DelegatingConstructorAccessorImpl.newInstance(Unknown Source)
	at java.lang.reflect.Constructor.newInstance(Unknown Source)
	at org.openqa.selenium.remote.ErrorHandler.createThrowable(ErrorHandler.java:215)
	at org.openqa.selenium.remote.ErrorHandler.throwIfResponseFailed(ErrorHandler.java:167)
	at org.openqa.selenium.remote.RemoteWebDriver.execute(RemoteWebDriver.java:671)
	at org.openqa.selenium.remote.RemoteWebDriver.findElement(RemoteWebDriver.java:410)
	at org.openqa.selenium.remote.RemoteWebDriver.findElementByXPath(RemoteWebDriver.java:509)
	at org.openqa.selenium.By$ByXPath.findElement(By.java:361)
	at org.openqa.selenium.remote.RemoteWebDriver.findElement(RemoteWebDriver.java:402)
	at automationLibrary.Element.AssertExists(Element.java:501)
	at automationLibrary.Element.waitAndClick(Element.java:256)
	at pageFactory.BaseClass.selectproject(BaseClass.java:200)
	at testScriptsSmoke.TS_004_BasicAndAdvancedSearchOperations.audioSearch(TS_004_BasicAndAdvancedSearchOperations.java:228)
	at sun.reflect.NativeMethodAccessorImpl.invoke0(Native Method)
	at sun.reflect.NativeMethodAccessorImpl.invoke(Unknown Source)
	at sun.reflect.DelegatingMethodAccessorImpl.invoke(Unknown Source)
	at java.lang.reflect.Method.invoke(Unknown Source)
	at org.testng.internal.MethodInvocationHelper.invokeMethod(MethodInvocationHelper.java:108)
	at org.testng.internal.Invoker.invokeMethod(Invoker.java:661)
	at org.testng.internal.Invoker.invokeTestMethod(Invoker.java:869)
	at org.testng.internal.Invoker.invokeTestMethods(Invoker.java:1193)
	at org.testng.internal.TestMethodWorker.invokeTestMethods(TestMethodWorker.java:126)
	at org.testng.internal.TestMethodWorker.run(TestMethodWorker.java:109)
	at org.testng.TestRunner.privateRun(TestRunner.java:744)
	at org.testng.TestRunner.run(TestRunner.java:602)
	at org.testng.SuiteRunner.runTest(SuiteRunner.java:380)
	at org.testng.SuiteRunner.runSequentially(SuiteRunner.java:375)
	at org.testng.SuiteRunner.privateRun(SuiteRunner.java:340)
	at org.testng.SuiteRunner.run(SuiteRunner.java:289)
	at org.testng.SuiteRunnerWorker.runSuite(SuiteRunnerWorker.java:52)
	at org.testng.SuiteRunnerWorker.run(SuiteRunnerWorker.java:86)
	at org.testng.TestNG.runSuitesSequentially(TestNG.java:1301)
	at org.testng.TestNG.runSuitesLocally(TestNG.java:1226)
	at org.testng.TestNG.runSuites(TestNG.java:1144)
	at org.testng.TestNG.run(TestNG.java:1115)
	at org.testng.remote.AbstractRemoteTestNG.run(AbstractRemoteTestNG.java:132)
	at org.testng.remote.RemoteTestNG.initAndRun(RemoteTestNG.java:236)
	at org.testng.remote.RemoteTestNG.main(RemoteTestNG.java:81)
]]>
            </full-stacktrace>
          </exception> <!-- org.openqa.selenium.NoSuchElementException -->
          <reporter-output>
          </reporter-output>
        </test-method> <!-- audioSearch -->
        <test-method status="PASS" signature="takeScreenShot(org.testng.ITestResult)[pri:0, instance:testScriptsSmoke.TS_004_BasicAndAdvancedSearchOperations@72d818d1]" name="takeScreenShot" is-config="true" duration-ms="396" started-at="2021-02-25T14:22:42Z" finished-at="2021-02-25T14:22:42Z">
          <params>
            <param index="0">
              <value>
                <![CDATA[[TestResult name=audioSearch status=FAILURE method=TS_004_BasicAndAdvancedSearchOperations.audioSearch()[pri:0, instance:testScriptsSmoke.TS_004_BasicAndAdvancedSearchOperations@72d818d1] output={null}]]]>
              </value>
            </param>
          </params>
          <reporter-output>
            <line>
              <![CDATA[<a href='C:\Users\ftarannum\git\Sightline_QA_Automation_POM3\sightline/Screenshots/TS_004_BasicAndAdvancedSearchOperations--audioSearch.png'> <img src='C:\Users\ftarannum\git\Sightline_QA_Automation_POM3\sightline/Screenshots/TS_004_BasicAndAdvancedSearchOperations--audioSearch.png' height='100' width='100'/> </a>]]>
            </line>
          </reporter-output>
        </test-method> <!-- takeScreenShot -->
        <test-method status="PASS" signature="beforeTestMethod(java.lang.reflect.Method)[pri:0, instance:testScriptsSmoke.TS_004_BasicAndAdvancedSearchOperations@72d818d1]" name="beforeTestMethod" is-config="true" duration-ms="1" started-at="2021-02-25T14:22:42Z" finished-at="2021-02-25T14:22:42Z">
          <params>
            <param index="0">
              <value>
                <![CDATA[public void testScriptsSmoke.TS_004_BasicAndAdvancedSearchOperations.contentSearchWithOperatorsInAS()]]>
              </value>
            </param>
          </params>
          <reporter-output>
          </reporter-output>
        </test-method> <!-- beforeTestMethod -->
        <test-method status="FAIL" signature="contentSearchWithOperatorsInAS()[pri:0, instance:testScriptsSmoke.TS_004_BasicAndAdvancedSearchOperations@72d818d1]" name="contentSearchWithOperatorsInAS" duration-ms="21170" started-at="2021-02-25T14:22:42Z" finished-at="2021-02-25T14:23:03Z">
          <exception class="org.openqa.selenium.NoSuchElementException">
            <message>
              <![CDATA[no such element: Unable to locate element: {"method":"xpath","selector":"//a[@title='TesdtAudioSuresh']"}
  (Session info: chrome=88.0.4324.150)
  (Driver info: chromedriver=2.36.540470 (e522d04694c7ebea4ba8821272dbef4f9b818c91),platform=Windows NT 10.0.17763 x86_64) (WARNING: The server did not provide any stacktrace information)
Command duration or timeout: 25 milliseconds
For documentation on this error, please visit: http://seleniumhq.org/exceptions/no_such_element.html
Build info: version: '3.4.0', revision: 'unknown', time: 'unknown'
System info: host: 'INLTP-FERHAT', ip: '10.12.49.154', os.name: 'Windows 10', os.arch: 'amd64', os.version: '10.0', java.version: '1.8.0_241'
Driver info: org.openqa.selenium.chrome.ChromeDriver
Capabilities [{applicationCacheEnabled=false, rotatable=false, mobileEmulationEnabled=false, networkConnectionEnabled=false, chrome={chromedriverVersion=2.36.540470 (e522d04694c7ebea4ba8821272dbef4f9b818c91), userDataDir=C:\Users\FTARAN~1\AppData\Local\Temp\scoped_dir18680_7112}, takesHeapSnapshot=true, pageLoadStrategy=normal, databaseEnabled=false, handlesAlerts=true, hasTouchScreen=false, version=88.0.4324.150, platform=XP, browserConnectionEnabled=false, nativeEvents=true, acceptSslCerts=false, acceptInsecureCerts=false, locationContextEnabled=true, webStorageEnabled=true, browserName=chrome, takesScreenshot=true, javascriptEnabled=true, cssSelectorsEnabled=true, setWindowRect=true, unexpectedAlertBehaviour=}]
Session ID: c60344958f1e4ac7c84a317675a2d3d3
*** Element info: {Using=xpath, value=//a[@title='TesdtAudioSuresh']}]]>
            </message>
            <full-stacktrace>
              <![CDATA[org.openqa.selenium.NoSuchElementException: no such element: Unable to locate element: {"method":"xpath","selector":"//a[@title='TesdtAudioSuresh']"}
  (Session info: chrome=88.0.4324.150)
  (Driver info: chromedriver=2.36.540470 (e522d04694c7ebea4ba8821272dbef4f9b818c91),platform=Windows NT 10.0.17763 x86_64) (WARNING: The server did not provide any stacktrace information)
Command duration or timeout: 25 milliseconds
For documentation on this error, please visit: http://seleniumhq.org/exceptions/no_such_element.html
Build info: version: '3.4.0', revision: 'unknown', time: 'unknown'
System info: host: 'INLTP-FERHAT', ip: '10.12.49.154', os.name: 'Windows 10', os.arch: 'amd64', os.version: '10.0', java.version: '1.8.0_241'
Driver info: org.openqa.selenium.chrome.ChromeDriver
Capabilities [{applicationCacheEnabled=false, rotatable=false, mobileEmulationEnabled=false, networkConnectionEnabled=false, chrome={chromedriverVersion=2.36.540470 (e522d04694c7ebea4ba8821272dbef4f9b818c91), userDataDir=C:\Users\FTARAN~1\AppData\Local\Temp\scoped_dir18680_7112}, takesHeapSnapshot=true, pageLoadStrategy=normal, databaseEnabled=false, handlesAlerts=true, hasTouchScreen=false, version=88.0.4324.150, platform=XP, browserConnectionEnabled=false, nativeEvents=true, acceptSslCerts=false, acceptInsecureCerts=false, locationContextEnabled=true, webStorageEnabled=true, browserName=chrome, takesScreenshot=true, javascriptEnabled=true, cssSelectorsEnabled=true, setWindowRect=true, unexpectedAlertBehaviour=}]
Session ID: c60344958f1e4ac7c84a317675a2d3d3
*** Element info: {Using=xpath, value=//a[@title='TesdtAudioSuresh']}
	at sun.reflect.GeneratedConstructorAccessor13.newInstance(Unknown Source)
	at sun.reflect.DelegatingConstructorAccessorImpl.newInstance(Unknown Source)
	at java.lang.reflect.Constructor.newInstance(Unknown Source)
	at org.openqa.selenium.remote.ErrorHandler.createThrowable(ErrorHandler.java:215)
	at org.openqa.selenium.remote.ErrorHandler.throwIfResponseFailed(ErrorHandler.java:167)
	at org.openqa.selenium.remote.RemoteWebDriver.execute(RemoteWebDriver.java:671)
	at org.openqa.selenium.remote.RemoteWebDriver.findElement(RemoteWebDriver.java:410)
	at org.openqa.selenium.remote.RemoteWebDriver.findElementByXPath(RemoteWebDriver.java:509)
	at org.openqa.selenium.By$ByXPath.findElement(By.java:361)
	at org.openqa.selenium.remote.RemoteWebDriver.findElement(RemoteWebDriver.java:402)
	at automationLibrary.Element.AssertExists(Element.java:501)
	at automationLibrary.Element.waitAndClick(Element.java:256)
	at pageFactory.BaseClass.selectproject(BaseClass.java:200)
	at testScriptsSmoke.TS_004_BasicAndAdvancedSearchOperations.contentSearchWithOperatorsInAS(TS_004_BasicAndAdvancedSearchOperations.java:126)
	at sun.reflect.NativeMethodAccessorImpl.invoke0(Native Method)
	at sun.reflect.NativeMethodAccessorImpl.invoke(Unknown Source)
	at sun.reflect.DelegatingMethodAccessorImpl.invoke(Unknown Source)
	at java.lang.reflect.Method.invoke(Unknown Source)
	at org.testng.internal.MethodInvocationHelper.invokeMethod(MethodInvocationHelper.java:108)
	at org.testng.internal.Invoker.invokeMethod(Invoker.java:661)
	at org.testng.internal.Invoker.invokeTestMethod(Invoker.java:869)
	at org.testng.internal.Invoker.invokeTestMethods(Invoker.java:1193)
	at org.testng.internal.TestMethodWorker.invokeTestMethods(TestMethodWorker.java:126)
	at org.testng.internal.TestMethodWorker.run(TestMethodWorker.java:109)
	at org.testng.TestRunner.privateRun(TestRunner.java:744)
	at org.testng.TestRunner.run(TestRunner.java:602)
	at org.testng.SuiteRunner.runTest(SuiteRunner.java:380)
	at org.testng.SuiteRunner.runSequentially(SuiteRunner.java:375)
	at org.testng.SuiteRunner.privateRun(SuiteRunner.java:340)
	at org.testng.SuiteRunner.run(SuiteRunner.java:289)
	at org.testng.SuiteRunnerWorker.runSuite(SuiteRunnerWorker.java:52)
	at org.testng.SuiteRunnerWorker.run(SuiteRunnerWorker.java:86)
	at org.testng.TestNG.runSuitesSequentially(TestNG.java:1301)
	at org.testng.TestNG.runSuitesLocally(TestNG.java:1226)
	at org.testng.TestNG.runSuites(TestNG.java:1144)
	at org.testng.TestNG.run(TestNG.java:1115)
	at org.testng.remote.AbstractRemoteTestNG.run(AbstractRemoteTestNG.java:132)
	at org.testng.remote.RemoteTestNG.initAndRun(RemoteTestNG.java:236)
	at org.testng.remote.RemoteTestNG.main(RemoteTestNG.java:81)
]]>
            </full-stacktrace>
          </exception> <!-- org.openqa.selenium.NoSuchElementException -->
          <reporter-output>
          </reporter-output>
        </test-method> <!-- contentSearchWithOperatorsInAS -->
        <test-method status="PASS" signature="takeScreenShot(org.testng.ITestResult)[pri:0, instance:testScriptsSmoke.TS_004_BasicAndAdvancedSearchOperations@72d818d1]" name="takeScreenShot" is-config="true" duration-ms="380" started-at="2021-02-25T14:23:03Z" finished-at="2021-02-25T14:23:04Z">
          <params>
            <param index="0">
              <value>
                <![CDATA[[TestResult name=contentSearchWithOperatorsInAS status=FAILURE method=TS_004_BasicAndAdvancedSearchOperations.contentSearchWithOperatorsInAS()[pri:0, instance:testScriptsSmoke.TS_004_BasicAndAdvancedSearchOperations@72d818d1] output={null}]]]>
              </value>
            </param>
          </params>
          <reporter-output>
            <line>
              <![CDATA[<a href='C:\Users\ftarannum\git\Sightline_QA_Automation_POM3\sightline/Screenshots/TS_004_BasicAndAdvancedSearchOperations--contentSearchWithOperatorsInAS.png'> <img src='C:\Users\ftarannum\git\Sightline_QA_Automation_POM3\sightline/Screenshots/TS_004_BasicAndAdvancedSearchOperations--contentSearchWithOperatorsInAS.png' height='100' width='100'/> </a>]]>
            </line>
          </reporter-output>
        </test-method> <!-- takeScreenShot -->
        <test-method status="PASS" signature="beforeTestMethod(java.lang.reflect.Method)[pri:0, instance:testScriptsSmoke.TS_004_BasicAndAdvancedSearchOperations@72d818d1]" name="beforeTestMethod" is-config="true" duration-ms="0" started-at="2021-02-25T14:23:04Z" finished-at="2021-02-25T14:23:04Z">
          <params>
            <param index="0">
              <value>
                <![CDATA[public void testScriptsSmoke.TS_004_BasicAndAdvancedSearchOperations.contentSearchWithOperatorsInBS()]]>
              </value>
            </param>
          </params>
          <reporter-output>
          </reporter-output>
        </test-method> <!-- beforeTestMethod -->
        <test-method status="FAIL" signature="contentSearchWithOperatorsInBS()[pri:0, instance:testScriptsSmoke.TS_004_BasicAndAdvancedSearchOperations@72d818d1]" name="contentSearchWithOperatorsInBS" duration-ms="21380" started-at="2021-02-25T14:23:04Z" finished-at="2021-02-25T14:23:25Z">
          <exception class="org.openqa.selenium.NoSuchElementException">
            <message>
              <![CDATA[no such element: Unable to locate element: {"method":"xpath","selector":"//a[@title='TesdtAudioSuresh']"}
  (Session info: chrome=88.0.4324.150)
  (Driver info: chromedriver=2.36.540470 (e522d04694c7ebea4ba8821272dbef4f9b818c91),platform=Windows NT 10.0.17763 x86_64) (WARNING: The server did not provide any stacktrace information)
Command duration or timeout: 25 milliseconds
For documentation on this error, please visit: http://seleniumhq.org/exceptions/no_such_element.html
Build info: version: '3.4.0', revision: 'unknown', time: 'unknown'
System info: host: 'INLTP-FERHAT', ip: '10.12.49.154', os.name: 'Windows 10', os.arch: 'amd64', os.version: '10.0', java.version: '1.8.0_241'
Driver info: org.openqa.selenium.chrome.ChromeDriver
Capabilities [{applicationCacheEnabled=false, rotatable=false, mobileEmulationEnabled=false, networkConnectionEnabled=false, chrome={chromedriverVersion=2.36.540470 (e522d04694c7ebea4ba8821272dbef4f9b818c91), userDataDir=C:\Users\FTARAN~1\AppData\Local\Temp\scoped_dir18680_7112}, takesHeapSnapshot=true, pageLoadStrategy=normal, databaseEnabled=false, handlesAlerts=true, hasTouchScreen=false, version=88.0.4324.150, platform=XP, browserConnectionEnabled=false, nativeEvents=true, acceptSslCerts=false, acceptInsecureCerts=false, locationContextEnabled=true, webStorageEnabled=true, browserName=chrome, takesScreenshot=true, javascriptEnabled=true, cssSelectorsEnabled=true, setWindowRect=true, unexpectedAlertBehaviour=}]
Session ID: c60344958f1e4ac7c84a317675a2d3d3
*** Element info: {Using=xpath, value=//a[@title='TesdtAudioSuresh']}]]>
            </message>
            <full-stacktrace>
              <![CDATA[org.openqa.selenium.NoSuchElementException: no such element: Unable to locate element: {"method":"xpath","selector":"//a[@title='TesdtAudioSuresh']"}
  (Session info: chrome=88.0.4324.150)
  (Driver info: chromedriver=2.36.540470 (e522d04694c7ebea4ba8821272dbef4f9b818c91),platform=Windows NT 10.0.17763 x86_64) (WARNING: The server did not provide any stacktrace information)
Command duration or timeout: 25 milliseconds
For documentation on this error, please visit: http://seleniumhq.org/exceptions/no_such_element.html
Build info: version: '3.4.0', revision: 'unknown', time: 'unknown'
System info: host: 'INLTP-FERHAT', ip: '10.12.49.154', os.name: 'Windows 10', os.arch: 'amd64', os.version: '10.0', java.version: '1.8.0_241'
Driver info: org.openqa.selenium.chrome.ChromeDriver
Capabilities [{applicationCacheEnabled=false, rotatable=false, mobileEmulationEnabled=false, networkConnectionEnabled=false, chrome={chromedriverVersion=2.36.540470 (e522d04694c7ebea4ba8821272dbef4f9b818c91), userDataDir=C:\Users\FTARAN~1\AppData\Local\Temp\scoped_dir18680_7112}, takesHeapSnapshot=true, pageLoadStrategy=normal, databaseEnabled=false, handlesAlerts=true, hasTouchScreen=false, version=88.0.4324.150, platform=XP, browserConnectionEnabled=false, nativeEvents=true, acceptSslCerts=false, acceptInsecureCerts=false, locationContextEnabled=true, webStorageEnabled=true, browserName=chrome, takesScreenshot=true, javascriptEnabled=true, cssSelectorsEnabled=true, setWindowRect=true, unexpectedAlertBehaviour=}]
Session ID: c60344958f1e4ac7c84a317675a2d3d3
*** Element info: {Using=xpath, value=//a[@title='TesdtAudioSuresh']}
	at sun.reflect.GeneratedConstructorAccessor13.newInstance(Unknown Source)
	at sun.reflect.DelegatingConstructorAccessorImpl.newInstance(Unknown Source)
	at java.lang.reflect.Constructor.newInstance(Unknown Source)
	at org.openqa.selenium.remote.ErrorHandler.createThrowable(ErrorHandler.java:215)
	at org.openqa.selenium.remote.ErrorHandler.throwIfResponseFailed(ErrorHandler.java:167)
	at org.openqa.selenium.remote.RemoteWebDriver.execute(RemoteWebDriver.java:671)
	at org.openqa.selenium.remote.RemoteWebDriver.findElement(RemoteWebDriver.java:410)
	at org.openqa.selenium.remote.RemoteWebDriver.findElementByXPath(RemoteWebDriver.java:509)
	at org.openqa.selenium.By$ByXPath.findElement(By.java:361)
	at org.openqa.selenium.remote.RemoteWebDriver.findElement(RemoteWebDriver.java:402)
	at automationLibrary.Element.AssertExists(Element.java:501)
	at automationLibrary.Element.waitAndClick(Element.java:256)
	at pageFactory.BaseClass.selectproject(BaseClass.java:200)
	at testScriptsSmoke.TS_004_BasicAndAdvancedSearchOperations.contentSearchWithOperatorsInBS(TS_004_BasicAndAdvancedSearchOperations.java:91)
	at sun.reflect.NativeMethodAccessorImpl.invoke0(Native Method)
	at sun.reflect.NativeMethodAccessorImpl.invoke(Unknown Source)
	at sun.reflect.DelegatingMethodAccessorImpl.invoke(Unknown Source)
	at java.lang.reflect.Method.invoke(Unknown Source)
	at org.testng.internal.MethodInvocationHelper.invokeMethod(MethodInvocationHelper.java:108)
	at org.testng.internal.Invoker.invokeMethod(Invoker.java:661)
	at org.testng.internal.Invoker.invokeTestMethod(Invoker.java:869)
	at org.testng.internal.Invoker.invokeTestMethods(Invoker.java:1193)
	at org.testng.internal.TestMethodWorker.invokeTestMethods(TestMethodWorker.java:126)
	at org.testng.internal.TestMethodWorker.run(TestMethodWorker.java:109)
	at org.testng.TestRunner.privateRun(TestRunner.java:744)
	at org.testng.TestRunner.run(TestRunner.java:602)
	at org.testng.SuiteRunner.runTest(SuiteRunner.java:380)
	at org.testng.SuiteRunner.runSequentially(SuiteRunner.java:375)
	at org.testng.SuiteRunner.privateRun(SuiteRunner.java:340)
	at org.testng.SuiteRunner.run(SuiteRunner.java:289)
	at org.testng.SuiteRunnerWorker.runSuite(SuiteRunnerWorker.java:52)
	at org.testng.SuiteRunnerWorker.run(SuiteRunnerWorker.java:86)
	at org.testng.TestNG.runSuitesSequentially(TestNG.java:1301)
	at org.testng.TestNG.runSuitesLocally(TestNG.java:1226)
	at org.testng.TestNG.runSuites(TestNG.java:1144)
	at org.testng.TestNG.run(TestNG.java:1115)
	at org.testng.remote.AbstractRemoteTestNG.run(AbstractRemoteTestNG.java:132)
	at org.testng.remote.RemoteTestNG.initAndRun(RemoteTestNG.java:236)
	at org.testng.remote.RemoteTestNG.main(RemoteTestNG.java:81)
]]>
            </full-stacktrace>
          </exception> <!-- org.openqa.selenium.NoSuchElementException -->
          <reporter-output>
          </reporter-output>
        </test-method> <!-- contentSearchWithOperatorsInBS -->
        <test-method status="PASS" signature="takeScreenShot(org.testng.ITestResult)[pri:0, instance:testScriptsSmoke.TS_004_BasicAndAdvancedSearchOperations@72d818d1]" name="takeScreenShot" is-config="true" duration-ms="361" started-at="2021-02-25T14:23:25Z" finished-at="2021-02-25T14:23:26Z">
          <params>
            <param index="0">
              <value>
                <![CDATA[[TestResult name=contentSearchWithOperatorsInBS status=FAILURE method=TS_004_BasicAndAdvancedSearchOperations.contentSearchWithOperatorsInBS()[pri:0, instance:testScriptsSmoke.TS_004_BasicAndAdvancedSearchOperations@72d818d1] output={null}]]]>
              </value>
            </param>
          </params>
          <reporter-output>
            <line>
              <![CDATA[<a href='C:\Users\ftarannum\git\Sightline_QA_Automation_POM3\sightline/Screenshots/TS_004_BasicAndAdvancedSearchOperations--contentSearchWithOperatorsInBS.png'> <img src='C:\Users\ftarannum\git\Sightline_QA_Automation_POM3\sightline/Screenshots/TS_004_BasicAndAdvancedSearchOperations--contentSearchWithOperatorsInBS.png' height='100' width='100'/> </a>]]>
            </line>
          </reporter-output>
        </test-method> <!-- takeScreenShot -->
        <test-method status="FAIL" signature="metaDataSearch()[pri:0, instance:testScriptsSmoke.TS_004_BasicAndAdvancedSearchOperations@72d818d1]" name="metaDataSearch" duration-ms="20595" started-at="2021-02-25T14:23:26Z" finished-at="2021-02-25T14:23:46Z">
          <exception class="org.openqa.selenium.NoSuchElementException">
            <message>
              <![CDATA[no such element: Unable to locate element: {"method":"xpath","selector":"//a[@title='TesdtAudioSuresh']"}
  (Session info: chrome=88.0.4324.150)
  (Driver info: chromedriver=2.36.540470 (e522d04694c7ebea4ba8821272dbef4f9b818c91),platform=Windows NT 10.0.17763 x86_64) (WARNING: The server did not provide any stacktrace information)
Command duration or timeout: 25 milliseconds
For documentation on this error, please visit: http://seleniumhq.org/exceptions/no_such_element.html
Build info: version: '3.4.0', revision: 'unknown', time: 'unknown'
System info: host: 'INLTP-FERHAT', ip: '10.12.49.154', os.name: 'Windows 10', os.arch: 'amd64', os.version: '10.0', java.version: '1.8.0_241'
Driver info: org.openqa.selenium.chrome.ChromeDriver
Capabilities [{applicationCacheEnabled=false, rotatable=false, mobileEmulationEnabled=false, networkConnectionEnabled=false, chrome={chromedriverVersion=2.36.540470 (e522d04694c7ebea4ba8821272dbef4f9b818c91), userDataDir=C:\Users\FTARAN~1\AppData\Local\Temp\scoped_dir18680_7112}, takesHeapSnapshot=true, pageLoadStrategy=normal, databaseEnabled=false, handlesAlerts=true, hasTouchScreen=false, version=88.0.4324.150, platform=XP, browserConnectionEnabled=false, nativeEvents=true, acceptSslCerts=false, acceptInsecureCerts=false, locationContextEnabled=true, webStorageEnabled=true, browserName=chrome, takesScreenshot=true, javascriptEnabled=true, cssSelectorsEnabled=true, setWindowRect=true, unexpectedAlertBehaviour=}]
Session ID: c60344958f1e4ac7c84a317675a2d3d3
*** Element info: {Using=xpath, value=//a[@title='TesdtAudioSuresh']}]]>
            </message>
            <full-stacktrace>
              <![CDATA[org.openqa.selenium.NoSuchElementException: no such element: Unable to locate element: {"method":"xpath","selector":"//a[@title='TesdtAudioSuresh']"}
  (Session info: chrome=88.0.4324.150)
  (Driver info: chromedriver=2.36.540470 (e522d04694c7ebea4ba8821272dbef4f9b818c91),platform=Windows NT 10.0.17763 x86_64) (WARNING: The server did not provide any stacktrace information)
Command duration or timeout: 25 milliseconds
For documentation on this error, please visit: http://seleniumhq.org/exceptions/no_such_element.html
Build info: version: '3.4.0', revision: 'unknown', time: 'unknown'
System info: host: 'INLTP-FERHAT', ip: '10.12.49.154', os.name: 'Windows 10', os.arch: 'amd64', os.version: '10.0', java.version: '1.8.0_241'
Driver info: org.openqa.selenium.chrome.ChromeDriver
Capabilities [{applicationCacheEnabled=false, rotatable=false, mobileEmulationEnabled=false, networkConnectionEnabled=false, chrome={chromedriverVersion=2.36.540470 (e522d04694c7ebea4ba8821272dbef4f9b818c91), userDataDir=C:\Users\FTARAN~1\AppData\Local\Temp\scoped_dir18680_7112}, takesHeapSnapshot=true, pageLoadStrategy=normal, databaseEnabled=false, handlesAlerts=true, hasTouchScreen=false, version=88.0.4324.150, platform=XP, browserConnectionEnabled=false, nativeEvents=true, acceptSslCerts=false, acceptInsecureCerts=false, locationContextEnabled=true, webStorageEnabled=true, browserName=chrome, takesScreenshot=true, javascriptEnabled=true, cssSelectorsEnabled=true, setWindowRect=true, unexpectedAlertBehaviour=}]
Session ID: c60344958f1e4ac7c84a317675a2d3d3
*** Element info: {Using=xpath, value=//a[@title='TesdtAudioSuresh']}
	at sun.reflect.GeneratedConstructorAccessor13.newInstance(Unknown Source)
	at sun.reflect.DelegatingConstructorAccessorImpl.newInstance(Unknown Source)
	at java.lang.reflect.Constructor.newInstance(Unknown Source)
	at org.openqa.selenium.remote.ErrorHandler.createThrowable(ErrorHandler.java:215)
	at org.openqa.selenium.remote.ErrorHandler.throwIfResponseFailed(ErrorHandler.java:167)
	at org.openqa.selenium.remote.RemoteWebDriver.execute(RemoteWebDriver.java:671)
	at org.openqa.selenium.remote.RemoteWebDriver.findElement(RemoteWebDriver.java:410)
	at org.openqa.selenium.remote.RemoteWebDriver.findElementByXPath(RemoteWebDriver.java:509)
	at org.openqa.selenium.By$ByXPath.findElement(By.java:361)
	at org.openqa.selenium.remote.RemoteWebDriver.findElement(RemoteWebDriver.java:402)
	at automationLibrary.Element.AssertExists(Element.java:501)
	at automationLibrary.Element.waitAndClick(Element.java:256)
	at pageFactory.BaseClass.selectproject(BaseClass.java:200)
	at testScriptsSmoke.TS_004_BasicAndAdvancedSearchOperations.metaDataSearch(TS_004_BasicAndAdvancedSearchOperations.java:159)
	at sun.reflect.NativeMethodAccessorImpl.invoke0(Native Method)
	at sun.reflect.NativeMethodAccessorImpl.invoke(Unknown Source)
	at sun.reflect.DelegatingMethodAccessorImpl.invoke(Unknown Source)
	at java.lang.reflect.Method.invoke(Unknown Source)
	at org.testng.internal.MethodInvocationHelper.invokeMethod(MethodInvocationHelper.java:108)
	at org.testng.internal.Invoker.invokeMethod(Invoker.java:661)
	at org.testng.internal.Invoker.invokeTestMethod(Invoker.java:869)
	at org.testng.internal.Invoker.invokeTestMethods(Invoker.java:1193)
	at org.testng.internal.TestMethodWorker.invokeTestMethods(TestMethodWorker.java:126)
	at org.testng.internal.TestMethodWorker.run(TestMethodWorker.java:109)
	at org.testng.TestRunner.privateRun(TestRunner.java:744)
	at org.testng.TestRunner.run(TestRunner.java:602)
	at org.testng.SuiteRunner.runTest(SuiteRunner.java:380)
	at org.testng.SuiteRunner.runSequentially(SuiteRunner.java:375)
	at org.testng.SuiteRunner.privateRun(SuiteRunner.java:340)
	at org.testng.SuiteRunner.run(SuiteRunner.java:289)
	at org.testng.SuiteRunnerWorker.runSuite(SuiteRunnerWorker.java:52)
	at org.testng.SuiteRunnerWorker.run(SuiteRunnerWorker.java:86)
	at org.testng.TestNG.runSuitesSequentially(TestNG.java:1301)
	at org.testng.TestNG.runSuitesLocally(TestNG.java:1226)
	at org.testng.TestNG.runSuites(TestNG.java:1144)
	at org.testng.TestNG.run(TestNG.java:1115)
	at org.testng.remote.AbstractRemoteTestNG.run(AbstractRemoteTestNG.java:132)
	at org.testng.remote.RemoteTestNG.initAndRun(RemoteTestNG.java:236)
	at org.testng.remote.RemoteTestNG.main(RemoteTestNG.java:81)
]]>
            </full-stacktrace>
          </exception> <!-- org.openqa.selenium.NoSuchElementException -->
          <reporter-output>
          </reporter-output>
        </test-method> <!-- metaDataSearch -->
        <test-method status="PASS" signature="beforeTestMethod(java.lang.reflect.Method)[pri:0, instance:testScriptsSmoke.TS_004_BasicAndAdvancedSearchOperations@72d818d1]" name="beforeTestMethod" is-config="true" duration-ms="0" started-at="2021-02-25T14:23:26Z" finished-at="2021-02-25T14:23:26Z">
          <params>
            <param index="0">
              <value>
                <![CDATA[public void testScriptsSmoke.TS_004_BasicAndAdvancedSearchOperations.metaDataSearch()]]>
              </value>
            </param>
          </params>
          <reporter-output>
          </reporter-output>
        </test-method> <!-- beforeTestMethod -->
        <test-method status="PASS" signature="takeScreenShot(org.testng.ITestResult)[pri:0, instance:testScriptsSmoke.TS_004_BasicAndAdvancedSearchOperations@72d818d1]" name="takeScreenShot" is-config="true" duration-ms="361" started-at="2021-02-25T14:23:46Z" finished-at="2021-02-25T14:23:47Z">
          <params>
            <param index="0">
              <value>
                <![CDATA[[TestResult name=metaDataSearch status=FAILURE method=TS_004_BasicAndAdvancedSearchOperations.metaDataSearch()[pri:0, instance:testScriptsSmoke.TS_004_BasicAndAdvancedSearchOperations@72d818d1] output={null}]]]>
              </value>
            </param>
          </params>
          <reporter-output>
            <line>
              <![CDATA[<a href='C:\Users\ftarannum\git\Sightline_QA_Automation_POM3\sightline/Screenshots/TS_004_BasicAndAdvancedSearchOperations--metaDataSearch.png'> <img src='C:\Users\ftarannum\git\Sightline_QA_Automation_POM3\sightline/Screenshots/TS_004_BasicAndAdvancedSearchOperations--metaDataSearch.png' height='100' width='100'/> </a>]]>
            </line>
          </reporter-output>
        </test-method> <!-- takeScreenShot -->
        <test-method status="FAIL" signature="proximityAndRegExInBS(java.lang.String, int)[pri:0, instance:testScriptsSmoke.TS_004_BasicAndAdvancedSearchOperations@72d818d1]" name="proximityAndRegExInBS" duration-ms="20652" started-at="2021-02-25T14:23:47Z" data-provider="ProxAndRegx" finished-at="2021-02-25T14:24:07Z">
          <params>
            <param index="0">
              <value>
                <![CDATA["illustratin* since Q499"~20]]>
              </value>
            </param>
            <param index="1">
              <value>
                <![CDATA[1]]>
              </value>
            </param>
          </params>
          <exception class="org.openqa.selenium.NoSuchElementException">
            <message>
              <![CDATA[no such element: Unable to locate element: {"method":"xpath","selector":"//a[@title='TesdtAudioSuresh']"}
  (Session info: chrome=88.0.4324.150)
  (Driver info: chromedriver=2.36.540470 (e522d04694c7ebea4ba8821272dbef4f9b818c91),platform=Windows NT 10.0.17763 x86_64) (WARNING: The server did not provide any stacktrace information)
Command duration or timeout: 25 milliseconds
For documentation on this error, please visit: http://seleniumhq.org/exceptions/no_such_element.html
Build info: version: '3.4.0', revision: 'unknown', time: 'unknown'
System info: host: 'INLTP-FERHAT', ip: '10.12.49.154', os.name: 'Windows 10', os.arch: 'amd64', os.version: '10.0', java.version: '1.8.0_241'
Driver info: org.openqa.selenium.chrome.ChromeDriver
Capabilities [{applicationCacheEnabled=false, rotatable=false, mobileEmulationEnabled=false, networkConnectionEnabled=false, chrome={chromedriverVersion=2.36.540470 (e522d04694c7ebea4ba8821272dbef4f9b818c91), userDataDir=C:\Users\FTARAN~1\AppData\Local\Temp\scoped_dir18680_7112}, takesHeapSnapshot=true, pageLoadStrategy=normal, databaseEnabled=false, handlesAlerts=true, hasTouchScreen=false, version=88.0.4324.150, platform=XP, browserConnectionEnabled=false, nativeEvents=true, acceptSslCerts=false, acceptInsecureCerts=false, locationContextEnabled=true, webStorageEnabled=true, browserName=chrome, takesScreenshot=true, javascriptEnabled=true, cssSelectorsEnabled=true, setWindowRect=true, unexpectedAlertBehaviour=}]
Session ID: c60344958f1e4ac7c84a317675a2d3d3
*** Element info: {Using=xpath, value=//a[@title='TesdtAudioSuresh']}]]>
            </message>
            <full-stacktrace>
              <![CDATA[org.openqa.selenium.NoSuchElementException: no such element: Unable to locate element: {"method":"xpath","selector":"//a[@title='TesdtAudioSuresh']"}
  (Session info: chrome=88.0.4324.150)
  (Driver info: chromedriver=2.36.540470 (e522d04694c7ebea4ba8821272dbef4f9b818c91),platform=Windows NT 10.0.17763 x86_64) (WARNING: The server did not provide any stacktrace information)
Command duration or timeout: 25 milliseconds
For documentation on this error, please visit: http://seleniumhq.org/exceptions/no_such_element.html
Build info: version: '3.4.0', revision: 'unknown', time: 'unknown'
System info: host: 'INLTP-FERHAT', ip: '10.12.49.154', os.name: 'Windows 10', os.arch: 'amd64', os.version: '10.0', java.version: '1.8.0_241'
Driver info: org.openqa.selenium.chrome.ChromeDriver
Capabilities [{applicationCacheEnabled=false, rotatable=false, mobileEmulationEnabled=false, networkConnectionEnabled=false, chrome={chromedriverVersion=2.36.540470 (e522d04694c7ebea4ba8821272dbef4f9b818c91), userDataDir=C:\Users\FTARAN~1\AppData\Local\Temp\scoped_dir18680_7112}, takesHeapSnapshot=true, pageLoadStrategy=normal, databaseEnabled=false, handlesAlerts=true, hasTouchScreen=false, version=88.0.4324.150, platform=XP, browserConnectionEnabled=false, nativeEvents=true, acceptSslCerts=false, acceptInsecureCerts=false, locationContextEnabled=true, webStorageEnabled=true, browserName=chrome, takesScreenshot=true, javascriptEnabled=true, cssSelectorsEnabled=true, setWindowRect=true, unexpectedAlertBehaviour=}]
Session ID: c60344958f1e4ac7c84a317675a2d3d3
*** Element info: {Using=xpath, value=//a[@title='TesdtAudioSuresh']}
	at sun.reflect.GeneratedConstructorAccessor13.newInstance(Unknown Source)
	at sun.reflect.DelegatingConstructorAccessorImpl.newInstance(Unknown Source)
	at java.lang.reflect.Constructor.newInstance(Unknown Source)
	at org.openqa.selenium.remote.ErrorHandler.createThrowable(ErrorHandler.java:215)
	at org.openqa.selenium.remote.ErrorHandler.throwIfResponseFailed(ErrorHandler.java:167)
	at org.openqa.selenium.remote.RemoteWebDriver.execute(RemoteWebDriver.java:671)
	at org.openqa.selenium.remote.RemoteWebDriver.findElement(RemoteWebDriver.java:410)
	at org.openqa.selenium.remote.RemoteWebDriver.findElementByXPath(RemoteWebDriver.java:509)
	at org.openqa.selenium.By$ByXPath.findElement(By.java:361)
	at org.openqa.selenium.remote.RemoteWebDriver.findElement(RemoteWebDriver.java:402)
	at automationLibrary.Element.AssertExists(Element.java:501)
	at automationLibrary.Element.waitAndClick(Element.java:256)
	at pageFactory.BaseClass.selectproject(BaseClass.java:200)
	at testScriptsSmoke.TS_004_BasicAndAdvancedSearchOperations.proximityAndRegExInBS(TS_004_BasicAndAdvancedSearchOperations.java:77)
	at sun.reflect.NativeMethodAccessorImpl.invoke0(Native Method)
	at sun.reflect.NativeMethodAccessorImpl.invoke(Unknown Source)
	at sun.reflect.DelegatingMethodAccessorImpl.invoke(Unknown Source)
	at java.lang.reflect.Method.invoke(Unknown Source)
	at org.testng.internal.MethodInvocationHelper.invokeMethod(MethodInvocationHelper.java:108)
	at org.testng.internal.Invoker.invokeMethod(Invoker.java:661)
	at org.testng.internal.Invoker.invokeTestMethod(Invoker.java:869)
	at org.testng.internal.Invoker.invokeTestMethods(Invoker.java:1193)
	at org.testng.internal.TestMethodWorker.invokeTestMethods(TestMethodWorker.java:126)
	at org.testng.internal.TestMethodWorker.run(TestMethodWorker.java:109)
	at org.testng.TestRunner.privateRun(TestRunner.java:744)
	at org.testng.TestRunner.run(TestRunner.java:602)
	at org.testng.SuiteRunner.runTest(SuiteRunner.java:380)
	at org.testng.SuiteRunner.runSequentially(SuiteRunner.java:375)
	at org.testng.SuiteRunner.privateRun(SuiteRunner.java:340)
	at org.testng.SuiteRunner.run(SuiteRunner.java:289)
	at org.testng.SuiteRunnerWorker.runSuite(SuiteRunnerWorker.java:52)
	at org.testng.SuiteRunnerWorker.run(SuiteRunnerWorker.java:86)
	at org.testng.TestNG.runSuitesSequentially(TestNG.java:1301)
	at org.testng.TestNG.runSuitesLocally(TestNG.java:1226)
	at org.testng.TestNG.runSuites(TestNG.java:1144)
	at org.testng.TestNG.run(TestNG.java:1115)
	at org.testng.remote.AbstractRemoteTestNG.run(AbstractRemoteTestNG.java:132)
	at org.testng.remote.RemoteTestNG.initAndRun(RemoteTestNG.java:236)
	at org.testng.remote.RemoteTestNG.main(RemoteTestNG.java:81)
]]>
            </full-stacktrace>
          </exception> <!-- org.openqa.selenium.NoSuchElementException -->
          <reporter-output>
          </reporter-output>
        </test-method> <!-- proximityAndRegExInBS -->
        <test-method status="PASS" signature="beforeTestMethod(java.lang.reflect.Method)[pri:0, instance:testScriptsSmoke.TS_004_BasicAndAdvancedSearchOperations@72d818d1]" name="beforeTestMethod" is-config="true" duration-ms="0" started-at="2021-02-25T14:23:47Z" finished-at="2021-02-25T14:23:47Z">
          <params>
            <param index="0">
              <value>
                <![CDATA[public void testScriptsSmoke.TS_004_BasicAndAdvancedSearchOperations.proximityAndRegExInBS(java.lang.String,int)]]>
              </value>
            </param>
          </params>
          <reporter-output>
          </reporter-output>
        </test-method> <!-- beforeTestMethod -->
        <test-method status="PASS" signature="takeScreenShot(org.testng.ITestResult)[pri:0, instance:testScriptsSmoke.TS_004_BasicAndAdvancedSearchOperations@72d818d1]" name="takeScreenShot" is-config="true" duration-ms="365" started-at="2021-02-25T14:24:07Z" finished-at="2021-02-25T14:24:08Z">
          <params>
            <param index="0">
              <value>
                <![CDATA[[TestResult name=proximityAndRegExInBS status=FAILURE method=TS_004_BasicAndAdvancedSearchOperations.proximityAndRegExInBS(java.lang.String, int)[pri:0, instance:testScriptsSmoke.TS_004_BasicAndAdvancedSearchOperations@72d818d1] output={null}]]]>
              </value>
            </param>
          </params>
          <reporter-output>
            <line>
              <![CDATA[<a href='C:\Users\ftarannum\git\Sightline_QA_Automation_POM3\sightline/Screenshots/TS_004_BasicAndAdvancedSearchOperations--proximityAndRegExInBS.png'> <img src='C:\Users\ftarannum\git\Sightline_QA_Automation_POM3\sightline/Screenshots/TS_004_BasicAndAdvancedSearchOperations--proximityAndRegExInBS.png' height='100' width='100'/> </a>]]>
            </line>
          </reporter-output>
        </test-method> <!-- takeScreenShot -->
        <test-method status="PASS" signature="beforeTestMethod(java.lang.reflect.Method)[pri:0, instance:testScriptsSmoke.TS_004_BasicAndAdvancedSearchOperations@72d818d1]" name="beforeTestMethod" is-config="true" duration-ms="0" started-at="2021-02-25T14:24:08Z" finished-at="2021-02-25T14:24:08Z">
          <params>
            <param index="0">
              <value>
                <![CDATA[public void testScriptsSmoke.TS_004_BasicAndAdvancedSearchOperations.proximityAndRegExInBS(java.lang.String,int)]]>
              </value>
            </param>
          </params>
          <reporter-output>
          </reporter-output>
        </test-method> <!-- beforeTestMethod -->
        <test-method status="FAIL" signature="proximityAndRegExInBS(java.lang.String, int)[pri:0, instance:testScriptsSmoke.TS_004_BasicAndAdvancedSearchOperations@72d818d1]" name="proximityAndRegExInBS" duration-ms="20744" started-at="2021-02-25T14:24:08Z" data-provider="ProxAndRegx" finished-at="2021-02-25T14:24:28Z">
          <params>
            <param index="0">
              <value>
                <![CDATA["**elief that the rights"]]>
              </value>
            </param>
            <param index="1">
              <value>
                <![CDATA[1]]>
              </value>
            </param>
          </params>
          <exception class="org.openqa.selenium.NoSuchElementException">
            <message>
              <![CDATA[no such element: Unable to locate element: {"method":"xpath","selector":"//a[@title='TesdtAudioSuresh']"}
  (Session info: chrome=88.0.4324.150)
  (Driver info: chromedriver=2.36.540470 (e522d04694c7ebea4ba8821272dbef4f9b818c91),platform=Windows NT 10.0.17763 x86_64) (WARNING: The server did not provide any stacktrace information)
Command duration or timeout: 14 milliseconds
For documentation on this error, please visit: http://seleniumhq.org/exceptions/no_such_element.html
Build info: version: '3.4.0', revision: 'unknown', time: 'unknown'
System info: host: 'INLTP-FERHAT', ip: '10.12.49.154', os.name: 'Windows 10', os.arch: 'amd64', os.version: '10.0', java.version: '1.8.0_241'
Driver info: org.openqa.selenium.chrome.ChromeDriver
Capabilities [{applicationCacheEnabled=false, rotatable=false, mobileEmulationEnabled=false, networkConnectionEnabled=false, chrome={chromedriverVersion=2.36.540470 (e522d04694c7ebea4ba8821272dbef4f9b818c91), userDataDir=C:\Users\FTARAN~1\AppData\Local\Temp\scoped_dir18680_7112}, takesHeapSnapshot=true, pageLoadStrategy=normal, databaseEnabled=false, handlesAlerts=true, hasTouchScreen=false, version=88.0.4324.150, platform=XP, browserConnectionEnabled=false, nativeEvents=true, acceptSslCerts=false, acceptInsecureCerts=false, locationContextEnabled=true, webStorageEnabled=true, browserName=chrome, takesScreenshot=true, javascriptEnabled=true, cssSelectorsEnabled=true, setWindowRect=true, unexpectedAlertBehaviour=}]
Session ID: c60344958f1e4ac7c84a317675a2d3d3
*** Element info: {Using=xpath, value=//a[@title='TesdtAudioSuresh']}]]>
            </message>
            <full-stacktrace>
              <![CDATA[org.openqa.selenium.NoSuchElementException: no such element: Unable to locate element: {"method":"xpath","selector":"//a[@title='TesdtAudioSuresh']"}
  (Session info: chrome=88.0.4324.150)
  (Driver info: chromedriver=2.36.540470 (e522d04694c7ebea4ba8821272dbef4f9b818c91),platform=Windows NT 10.0.17763 x86_64) (WARNING: The server did not provide any stacktrace information)
Command duration or timeout: 14 milliseconds
For documentation on this error, please visit: http://seleniumhq.org/exceptions/no_such_element.html
Build info: version: '3.4.0', revision: 'unknown', time: 'unknown'
System info: host: 'INLTP-FERHAT', ip: '10.12.49.154', os.name: 'Windows 10', os.arch: 'amd64', os.version: '10.0', java.version: '1.8.0_241'
Driver info: org.openqa.selenium.chrome.ChromeDriver
Capabilities [{applicationCacheEnabled=false, rotatable=false, mobileEmulationEnabled=false, networkConnectionEnabled=false, chrome={chromedriverVersion=2.36.540470 (e522d04694c7ebea4ba8821272dbef4f9b818c91), userDataDir=C:\Users\FTARAN~1\AppData\Local\Temp\scoped_dir18680_7112}, takesHeapSnapshot=true, pageLoadStrategy=normal, databaseEnabled=false, handlesAlerts=true, hasTouchScreen=false, version=88.0.4324.150, platform=XP, browserConnectionEnabled=false, nativeEvents=true, acceptSslCerts=false, acceptInsecureCerts=false, locationContextEnabled=true, webStorageEnabled=true, browserName=chrome, takesScreenshot=true, javascriptEnabled=true, cssSelectorsEnabled=true, setWindowRect=true, unexpectedAlertBehaviour=}]
Session ID: c60344958f1e4ac7c84a317675a2d3d3
*** Element info: {Using=xpath, value=//a[@title='TesdtAudioSuresh']}
	at sun.reflect.GeneratedConstructorAccessor13.newInstance(Unknown Source)
	at sun.reflect.DelegatingConstructorAccessorImpl.newInstance(Unknown Source)
	at java.lang.reflect.Constructor.newInstance(Unknown Source)
	at org.openqa.selenium.remote.ErrorHandler.createThrowable(ErrorHandler.java:215)
	at org.openqa.selenium.remote.ErrorHandler.throwIfResponseFailed(ErrorHandler.java:167)
	at org.openqa.selenium.remote.RemoteWebDriver.execute(RemoteWebDriver.java:671)
	at org.openqa.selenium.remote.RemoteWebDriver.findElement(RemoteWebDriver.java:410)
	at org.openqa.selenium.remote.RemoteWebDriver.findElementByXPath(RemoteWebDriver.java:509)
	at org.openqa.selenium.By$ByXPath.findElement(By.java:361)
	at org.openqa.selenium.remote.RemoteWebDriver.findElement(RemoteWebDriver.java:402)
	at automationLibrary.Element.AssertExists(Element.java:501)
	at automationLibrary.Element.waitAndClick(Element.java:256)
	at pageFactory.BaseClass.selectproject(BaseClass.java:200)
	at testScriptsSmoke.TS_004_BasicAndAdvancedSearchOperations.proximityAndRegExInBS(TS_004_BasicAndAdvancedSearchOperations.java:77)
	at sun.reflect.NativeMethodAccessorImpl.invoke0(Native Method)
	at sun.reflect.NativeMethodAccessorImpl.invoke(Unknown Source)
	at sun.reflect.DelegatingMethodAccessorImpl.invoke(Unknown Source)
	at java.lang.reflect.Method.invoke(Unknown Source)
	at org.testng.internal.MethodInvocationHelper.invokeMethod(MethodInvocationHelper.java:108)
	at org.testng.internal.Invoker.invokeMethod(Invoker.java:661)
	at org.testng.internal.Invoker.invokeTestMethod(Invoker.java:869)
	at org.testng.internal.Invoker.invokeTestMethods(Invoker.java:1193)
	at org.testng.internal.TestMethodWorker.invokeTestMethods(TestMethodWorker.java:126)
	at org.testng.internal.TestMethodWorker.run(TestMethodWorker.java:109)
	at org.testng.TestRunner.privateRun(TestRunner.java:744)
	at org.testng.TestRunner.run(TestRunner.java:602)
	at org.testng.SuiteRunner.runTest(SuiteRunner.java:380)
	at org.testng.SuiteRunner.runSequentially(SuiteRunner.java:375)
	at org.testng.SuiteRunner.privateRun(SuiteRunner.java:340)
	at org.testng.SuiteRunner.run(SuiteRunner.java:289)
	at org.testng.SuiteRunnerWorker.runSuite(SuiteRunnerWorker.java:52)
	at org.testng.SuiteRunnerWorker.run(SuiteRunnerWorker.java:86)
	at org.testng.TestNG.runSuitesSequentially(TestNG.java:1301)
	at org.testng.TestNG.runSuitesLocally(TestNG.java:1226)
	at org.testng.TestNG.runSuites(TestNG.java:1144)
	at org.testng.TestNG.run(TestNG.java:1115)
	at org.testng.remote.AbstractRemoteTestNG.run(AbstractRemoteTestNG.java:132)
	at org.testng.remote.RemoteTestNG.initAndRun(RemoteTestNG.java:236)
	at org.testng.remote.RemoteTestNG.main(RemoteTestNG.java:81)
]]>
            </full-stacktrace>
          </exception> <!-- org.openqa.selenium.NoSuchElementException -->
          <reporter-output>
          </reporter-output>
        </test-method> <!-- proximityAndRegExInBS -->
        <test-method status="PASS" signature="takeScreenShot(org.testng.ITestResult)[pri:0, instance:testScriptsSmoke.TS_004_BasicAndAdvancedSearchOperations@72d818d1]" name="takeScreenShot" is-config="true" duration-ms="128315" started-at="2021-02-25T14:24:28Z" finished-at="2021-02-25T14:26:37Z">
          <params>
            <param index="0">
              <value>
                <![CDATA[[TestResult name=proximityAndRegExInBS status=FAILURE method=TS_004_BasicAndAdvancedSearchOperations.proximityAndRegExInBS(java.lang.String, int)[pri:0, instance:testScriptsSmoke.TS_004_BasicAndAdvancedSearchOperations@72d818d1] output={null}]]]>
              </value>
            </param>
          </params>
          <reporter-output>
            <line>
              <![CDATA[<a href='C:\Users\ftarannum\git\Sightline_QA_Automation_POM3\sightline/Screenshots/TS_004_BasicAndAdvancedSearchOperations--proximityAndRegExInBS.png'> <img src='C:\Users\ftarannum\git\Sightline_QA_Automation_POM3\sightline/Screenshots/TS_004_BasicAndAdvancedSearchOperations--proximityAndRegExInBS.png' height='100' width='100'/> </a>]]>
            </line>
          </reporter-output>
        </test-method> <!-- takeScreenShot -->
        <test-method status="FAIL" signature="proximityAndRegExInBS(java.lang.String, int)[pri:0, instance:testScriptsSmoke.TS_004_BasicAndAdvancedSearchOperations@72d818d1]" name="proximityAndRegExInBS" duration-ms="25947" started-at="2021-02-25T14:26:37Z" data-provider="ProxAndRegx" finished-at="2021-02-25T14:27:03Z">
          <params>
            <param index="0">
              <value>
                <![CDATA["quarterly bas**"]]>
              </value>
            </param>
            <param index="1">
              <value>
                <![CDATA[1]]>
              </value>
            </param>
          </params>
          <exception class="org.openqa.selenium.NoSuchElementException">
            <message>
              <![CDATA[no such element: Unable to locate element: {"method":"xpath","selector":"//a[@title='TesdtAudioSuresh']"}
  (Session info: chrome=88.0.4324.150)
  (Driver info: chromedriver=2.36.540470 (e522d04694c7ebea4ba8821272dbef4f9b818c91),platform=Windows NT 10.0.17763 x86_64) (WARNING: The server did not provide any stacktrace information)
Command duration or timeout: 25 milliseconds
For documentation on this error, please visit: http://seleniumhq.org/exceptions/no_such_element.html
Build info: version: '3.4.0', revision: 'unknown', time: 'unknown'
System info: host: 'INLTP-FERHAT', ip: '10.12.49.154', os.name: 'Windows 10', os.arch: 'amd64', os.version: '10.0', java.version: '1.8.0_241'
Driver info: org.openqa.selenium.chrome.ChromeDriver
[...]
Capabilities [{applicationCacheEnabled=false, rotatable=false, mobileEmulationEnabled=false, networkConnectionEnabled=false, chrome={chromedriverVersion=2.36.540470 (e522d04694c7ebea4ba8821272dbef4f9b818c91), userDataDir=C:\Users\FTARAN~1\AppData\Local\Temp\scoped_dir18680_7112}, takesHeapSnapshot=true, pageLoadStrategy=normal, databaseEnabled=false, handlesAlerts=true, hasTouchScreen=false, version=88.0.4324.150, platform=XP, browserConnectionEnabled=false, nativeEvents=true, acceptSslCerts=false, acceptInsecureCerts=false, locationContextEnabled=true, webStorageEnabled=true, browserName=chrome, takesScreenshot=true, javascriptEnabled=true, cssSelectorsEnabled=true, setWindowRect=true, unexpectedAlertBehaviour=}]
Session ID: c60344958f1e4ac7c84a317675a2d3d3
*** Element info: {Using=id, value=project-selector}
	at sun.reflect.GeneratedConstructorAccessor13.newInstance(Unknown Source)
	at sun.reflect.DelegatingConstructorAccessorImpl.newInstance(Unknown Source)
	at java.lang.reflect.Constructor.newInstance(Unknown Source)
	at org.openqa.selenium.remote.ErrorHandler.createThrowable(ErrorHandler.java:215)
	at org.openqa.selenium.remote.ErrorHandler.throwIfResponseFailed(ErrorHandler.java:167)
	at org.openqa.selenium.remote.RemoteWebDriver.execute(RemoteWebDriver.java:671)
	at org.openqa.selenium.remote.RemoteWebDriver.findElement(RemoteWebDriver.java:410)
	at org.openqa.selenium.remote.RemoteWebDriver.findElementById(RemoteWebDriver.java:453)
	at org.openqa.selenium.By$ById.findElement(By.java:218)
	at org.openqa.selenium.remote.RemoteWebDriver.findElement(RemoteWebDriver.java:402)
	at automationLibrary.Element.AssertExists(Element.java:501)
	at automationLibrary.Element.waitAndClick(Element.java:256)
	at pageFactory.BaseClass.selectproject(BaseClass.java:196)
	at testScriptsSmoke.TS_004_BasicAndAdvancedSearchOperations.proximityAndRegExInBS(TS_004_BasicAndAdvancedSearchOperations.java:77)
	at sun.reflect.NativeMethodAccessorImpl.invoke0(Native Method)
	at sun.reflect.NativeMethodAccessorImpl.invoke(Unknown Source)
	at sun.reflect.DelegatingMethodAccessorImpl.invoke(Unknown Source)
	at java.lang.reflect.Method.invoke(Unknown Source)
	at org.testng.internal.MethodInvocationHelper.invokeMethod(MethodInvocationHelper.java:108)
	at org.testng.internal.Invoker.invokeMethod(Invoker.java:661)
	at org.testng.internal.Invoker.invokeTestMethod(Invoker.java:869)
	at org.testng.internal.Invoker.invokeTestMethods(Invoker.java:1193)
	at org.testng.internal.TestMethodWorker.invokeTestMethods(TestMethodWorker.java:126)
	at org.testng.internal.TestMethodWorker.run(TestMethodWorker.java:109)
	at org.testng.TestRunner.privateRun(TestRunner.java:744)
	at org.testng.TestRunner.run(TestRunner.java:602)
	at org.testng.SuiteRunner.runTest(SuiteRunner.java:380)
	at org.testng.SuiteRunner.runSequentially(SuiteRunner.java:375)
	at org.testng.SuiteRunner.privateRun(SuiteRunner.java:340)
	at org.testng.SuiteRunner.run(SuiteRunner.java:289)
	at org.testng.SuiteRunnerWorker.runSuite(SuiteRunnerWorker.java:52)
	at org.testng.SuiteRunnerWorker.run(SuiteRunnerWorker.java:86)
	at org.testng.TestNG.runSuitesSequentially(TestNG.java:1301)
	at org.testng.TestNG.runSuitesLocally(TestNG.java:1226)
	at org.testng.TestNG.runSuites(TestNG.java:1144)
	at org.testng.TestNG.run(TestNG.java:1115)
	at org.testng.remote.AbstractRemoteTestNG.run(AbstractRemoteTestNG.java:132)
	at org.testng.remote.RemoteTestNG.initAndRun(RemoteTestNG.java:236)
	at org.testng.remote.RemoteTestNG.main(RemoteTestNG.java:81)
]]>
            </full-stacktrace>
          </exception> <!-- org.openqa.selenium.NoSuchElementException -->
          <reporter-output>
          </reporter-output>
        </test-method> <!-- proximityAndRegExInBS -->
        <test-method status="PASS" signature="takeScreenShot(org.testng.ITestResult)[pri:0, instance:testScriptsSmoke.TS_004_BasicAndAdvancedSearchOperations@72d818d1]" name="takeScreenShot" is-config="true" duration-ms="66652" started-at="2021-02-25T15:08:56Z" finished-at="2021-02-25T15:10:03Z">
          <params>
            <param index="0">
              <value>
                <![CDATA[[TestResult name=proximityAndRegExInBS status=FAILURE method=TS_004_BasicAndAdvancedSearchOperations.proximityAndRegExInBS(java.lang.String, int)[pri:0, instance:testScriptsSmoke.TS_004_BasicAndAdvancedSearchOperations@72d818d1] output={null}]]]>
              </value>
            </param>
          </params>
          <reporter-output>
            <line>
              <![CDATA[<a href='C:\Users\ftarannum\git\Sightline_QA_Automation_POM3\sightline/Screenshots/TS_004_BasicAndAdvancedSearchOperations--proximityAndRegExInBS.png'> <img src='C:\Users\ftarannum\git\Sightline_QA_Automation_POM3\sightline/Screenshots/TS_004_BasicAndAdvancedSearchOperations--proximityAndRegExInBS.png' height='100' width='100'/> </a>]]>
            </line>
          </reporter-output>
        </test-method> <!-- takeScreenShot -->
        <test-method status="PASS" signature="beforeTestMethod(java.lang.reflect.Method)[pri:0, instance:testScriptsSmoke.TS_004_BasicAndAdvancedSearchOperations@72d818d1]" name="beforeTestMethod" is-config="true" duration-ms="0" started-at="2021-02-25T15:10:03Z" finished-at="2021-02-25T15:10:03Z">
          <params>
            <param index="0">
              <value>
                <![CDATA[public void testScriptsSmoke.TS_004_BasicAndAdvancedSearchOperations.searchsavedSearch()]]>
              </value>
            </param>
          </params>
          <reporter-output>
          </reporter-output>
        </test-method> <!-- beforeTestMethod -->
        <test-method status="FAIL" signature="searchsavedSearch()[pri:0, instance:testScriptsSmoke.TS_004_BasicAndAdvancedSearchOperations@72d818d1]" name="searchsavedSearch" duration-ms="20702" started-at="2021-02-25T15:10:03Z" finished-at="2021-02-25T15:10:23Z">
          <exception class="org.openqa.selenium.NoSuchElementException">
            <message>
              <![CDATA[no such element: Unable to locate element: {"method":"id","selector":"project-selector"}
  (Session info: chrome=88.0.4324.150)
  (Driver info: chromedriver=2.36.540470 (e522d04694c7ebea4ba8821272dbef4f9b818c91),platform=Windows NT 10.0.17763 x86_64) (WARNING: The server did not provide any stacktrace information)
Command duration or timeout: 25 milliseconds
For documentation on this error, please visit: http://seleniumhq.org/exceptions/no_such_element.html
Build info: version: '3.4.0', revision: 'unknown', time: 'unknown'
System info: host: 'INLTP-FERHAT', ip: '10.12.49.154', os.name: 'Windows 10', os.arch: 'amd64', os.version: '10.0', java.version: '1.8.0_241'
Driver info: org.openqa.selenium.chrome.ChromeDriver
Capabilities [{applicationCacheEnabled=false, rotatable=false, mobileEmulationEnabled=false, networkConnectionEnabled=false, chrome={chromedriverVersion=2.36.540470 (e522d04694c7ebea4ba8821272dbef4f9b818c91), userDataDir=C:\Users\FTARAN~1\AppData\Local\Temp\scoped_dir18680_7112}, takesHeapSnapshot=true, pageLoadStrategy=normal, databaseEnabled=false, handlesAlerts=true, hasTouchScreen=false, version=88.0.4324.150, platform=XP, browserConnectionEnabled=false, nativeEvents=true, acceptSslCerts=false, acceptInsecureCerts=false, locationContextEnabled=true, webStorageEnabled=true, browserName=chrome, takesScreenshot=true, javascriptEnabled=true, cssSelectorsEnabled=true, setWindowRect=true, unexpectedAlertBehaviour=}]
Session ID: c60344958f1e4ac7c84a317675a2d3d3
*** Element info: {Using=id, value=project-selector}]]>
            </message>
            <full-stacktrace>
              <![CDATA[org.openqa.selenium.NoSuchElementException: no such element: Unable to locate element: {"method":"id","selector":"project-selector"}
  (Session info: chrome=88.0.4324.150)
  (Driver info: chromedriver=2.36.540470 (e522d04694c7ebea4ba8821272dbef4f9b818c91),platform=Windows NT 10.0.17763 x86_64) (WARNING: The server did not provide any stacktrace information)
Command duration or timeout: 25 milliseconds
For documentation on this error, please visit: http://seleniumhq.org/exceptions/no_such_element.html
Build info: version: '3.4.0', revision: 'unknown', time: 'unknown'
System info: host: 'INLTP-FERHAT', ip: '10.12.49.154', os.name: 'Windows 10', os.arch: 'amd64', os.version: '10.0', java.version: '1.8.0_241'
Driver info: org.openqa.selenium.chrome.ChromeDriver
Capabilities [{applicationCacheEnabled=false, rotatable=false, mobileEmulationEnabled=false, networkConnectionEnabled=false, chrome={chromedriverVersion=2.36.540470 (e522d04694c7ebea4ba8821272dbef4f9b818c91), userDataDir=C:\Users\FTARAN~1\AppData\Local\Temp\scoped_dir18680_7112}, takesHeapSnapshot=true, pageLoadStrategy=normal, databaseEnabled=false, handlesAlerts=true, hasTouchScreen=false, version=88.0.4324.150, platform=XP, browserConnectionEnabled=false, nativeEvents=true, acceptSslCerts=false, acceptInsecureCerts=false, locationContextEnabled=true, webStorageEnabled=true, browserName=chrome, takesScreenshot=true, javascriptEnabled=true, cssSelectorsEnabled=true, setWindowRect=true, unexpectedAlertBehaviour=}]
Session ID: c60344958f1e4ac7c84a317675a2d3d3
*** Element info: {Using=id, value=project-selector}
	at sun.reflect.GeneratedConstructorAccessor13.newInstance(Unknown Source)
	at sun.reflect.DelegatingConstructorAccessorImpl.newInstance(Unknown Source)
	at java.lang.reflect.Constructor.newInstance(Unknown Source)
	at org.openqa.selenium.remote.ErrorHandler.createThrowable(ErrorHandler.java:215)
	at org.openqa.selenium.remote.ErrorHandler.throwIfResponseFailed(ErrorHandler.java:167)
	at org.openqa.selenium.remote.RemoteWebDriver.execute(RemoteWebDriver.java:671)
	at org.openqa.selenium.remote.RemoteWebDriver.findElement(RemoteWebDriver.java:410)
	at org.openqa.selenium.remote.RemoteWebDriver.findElementById(RemoteWebDriver.java:453)
	at org.openqa.selenium.By$ById.findElement(By.java:218)
	at org.openqa.selenium.remote.RemoteWebDriver.findElement(RemoteWebDriver.java:402)
	at automationLibrary.Element.AssertExists(Element.java:501)
	at automationLibrary.Element.waitAndClick(Element.java:256)
	at pageFactory.BaseClass.selectproject(BaseClass.java:196)
	at testScriptsSmoke.TS_004_BasicAndAdvancedSearchOperations.searchsavedSearch(TS_004_BasicAndAdvancedSearchOperations.java:210)
	at sun.reflect.NativeMethodAccessorImpl.invoke0(Native Method)
	at sun.reflect.NativeMethodAccessorImpl.invoke(Unknown Source)
	at sun.reflect.DelegatingMethodAccessorImpl.invoke(Unknown Source)
	at java.lang.reflect.Method.invoke(Unknown Source)
	at org.testng.internal.MethodInvocationHelper.invokeMethod(MethodInvocationHelper.java:108)
	at org.testng.internal.Invoker.invokeMethod(Invoker.java:661)
	at org.testng.internal.Invoker.invokeTestMethod(Invoker.java:869)
	at org.testng.internal.Invoker.invokeTestMethods(Invoker.java:1193)
	at org.testng.internal.TestMethodWorker.invokeTestMethods(TestMethodWorker.java:126)
	at org.testng.internal.TestMethodWorker.run(TestMethodWorker.java:109)
	at org.testng.TestRunner.privateRun(TestRunner.java:744)
	at org.testng.TestRunner.run(TestRunner.java:602)
	at org.testng.SuiteRunner.runTest(SuiteRunner.java:380)
	at org.testng.SuiteRunner.runSequentially(SuiteRunner.java:375)
	at org.testng.SuiteRunner.privateRun(SuiteRunner.java:340)
	at org.testng.SuiteRunner.run(SuiteRunner.java:289)
	at org.testng.SuiteRunnerWorker.runSuite(SuiteRunnerWorker.java:52)
	at org.testng.SuiteRunnerWorker.run(SuiteRunnerWorker.java:86)
	at org.testng.TestNG.runSuitesSequentially(TestNG.java:1301)
	at org.testng.TestNG.runSuitesLocally(TestNG.java:1226)
	at org.testng.TestNG.runSuites(TestNG.java:1144)
	at org.testng.TestNG.run(TestNG.java:1115)
	at org.testng.remote.AbstractRemoteTestNG.run(AbstractRemoteTestNG.java:132)
	at org.testng.remote.RemoteTestNG.initAndRun(RemoteTestNG.java:236)
	at org.testng.remote.RemoteTestNG.main(RemoteTestNG.java:81)
]]>
            </full-stacktrace>
          </exception> <!-- org.openqa.selenium.NoSuchElementException -->
          <reporter-output>
          </reporter-output>
        </test-method> <!-- searchsavedSearch -->
        <test-method status="PASS" signature="takeScreenShot(org.testng.ITestResult)[pri:0, instance:testScriptsSmoke.TS_004_BasicAndAdvancedSearchOperations@72d818d1]" name="takeScreenShot" is-config="true" duration-ms="24791" started-at="2021-02-25T15:10:23Z" finished-at="2021-02-25T15:10:48Z">
          <params>
            <param index="0">
              <value>
                <![CDATA[[TestResult name=searchsavedSearch status=FAILURE method=TS_004_BasicAndAdvancedSearchOperations.searchsavedSearch()[pri:0, instance:testScriptsSmoke.TS_004_BasicAndAdvancedSearchOperations@72d818d1] output={null}]]]>
              </value>
            </param>
          </params>
          <reporter-output>
            <line>
              <![CDATA[<a href='C:\Users\ftarannum\git\Sightline_QA_Automation_POM3\sightline/Screenshots/TS_004_BasicAndAdvancedSearchOperations--searchsavedSearch.png'> <img src='C:\Users\ftarannum\git\Sightline_QA_Automation_POM3\sightline/Screenshots/TS_004_BasicAndAdvancedSearchOperations--searchsavedSearch.png' height='100' width='100'/> </a>]]>
            </line>
          </reporter-output>
        </test-method> <!-- takeScreenShot -->
        <test-method status="FAIL" signature="close()[pri:0, instance:testScriptsSmoke.TS_004_BasicAndAdvancedSearchOperations@72d818d1]" name="close" is-config="true" duration-ms="16718" started-at="2021-02-25T15:10:48Z" finished-at="2021-02-25T15:11:05Z">
          <exception class="org.openqa.selenium.NoSuchElementException">
            <message>
              <![CDATA[no such element: Unable to locate element: {"method":"xpath","selector":"//*[@id='user-selector']"}
  (Session info: chrome=88.0.4324.150)
  (Driver info: chromedriver=2.36.540470 (e522d04694c7ebea4ba8821272dbef4f9b818c91),platform=Windows NT 10.0.17763 x86_64) (WARNING: The server did not provide any stacktrace information)
Command duration or timeout: 10 milliseconds
For documentation on this error, please visit: http://seleniumhq.org/exceptions/no_such_element.html
Build info: version: '3.4.0', revision: 'unknown', time: 'unknown'
System info: host: 'INLTP-FERHAT', ip: '10.12.49.154', os.name: 'Windows 10', os.arch: 'amd64', os.version: '10.0', java.version: '1.8.0_241'
Driver info: org.openqa.selenium.chrome.ChromeDriver
Capabilities [{applicationCacheEnabled=false, rotatable=false, mobileEmulationEnabled=false, networkConnectionEnabled=false, chrome={chromedriverVersion=2.36.540470 (e522d04694c7ebea4ba8821272dbef4f9b818c91), userDataDir=C:\Users\FTARAN~1\AppData\Local\Temp\scoped_dir18680_7112}, takesHeapSnapshot=true, pageLoadStrategy=normal, databaseEnabled=false, handlesAlerts=true, hasTouchScreen=false, version=88.0.4324.150, platform=XP, browserConnectionEnabled=false, nativeEvents=true, acceptSslCerts=false, acceptInsecureCerts=false, locationContextEnabled=true, webStorageEnabled=true, browserName=chrome, takesScreenshot=true, javascriptEnabled=true, cssSelectorsEnabled=true, setWindowRect=true, unexpectedAlertBehaviour=}]
Session ID: c60344958f1e4ac7c84a317675a2d3d3
*** Element info: {Using=xpath, value=//*[@id='user-selector']}]]>
            </message>
            <full-stacktrace>
              <![CDATA[org.openqa.selenium.NoSuchElementException: no such element: Unable to locate element: {"method":"xpath","selector":"//*[@id='user-selector']"}
  (Session info: chrome=88.0.4324.150)
  (Driver info: chromedriver=2.36.540470 (e522d04694c7ebea4ba8821272dbef4f9b818c91),platform=Windows NT 10.0.17763 x86_64) (WARNING: The server did not provide any stacktrace information)
Command duration or timeout: 10 milliseconds
For documentation on this error, please visit: http://seleniumhq.org/exceptions/no_such_element.html
Build info: version: '3.4.0', revision: 'unknown', time: 'unknown'
System info: host: 'INLTP-FERHAT', ip: '10.12.49.154', os.name: 'Windows 10', os.arch: 'amd64', os.version: '10.0', java.version: '1.8.0_241'
Driver info: org.openqa.selenium.chrome.ChromeDriver
Capabilities [{applicationCacheEnabled=false, rotatable=false, mobileEmulationEnabled=false, networkConnectionEnabled=false, chrome={chromedriverVersion=2.36.540470 (e522d04694c7ebea4ba8821272dbef4f9b818c91), userDataDir=C:\Users\FTARAN~1\AppData\Local\Temp\scoped_dir18680_7112}, takesHeapSnapshot=true, pageLoadStrategy=normal, databaseEnabled=false, handlesAlerts=true, hasTouchScreen=false, version=88.0.4324.150, platform=XP, browserConnectionEnabled=false, nativeEvents=true, acceptSslCerts=false, acceptInsecureCerts=false, locationContextEnabled=true, webStorageEnabled=true, browserName=chrome, takesScreenshot=true, javascriptEnabled=true, cssSelectorsEnabled=true, setWindowRect=true, unexpectedAlertBehaviour=}]
Session ID: c60344958f1e4ac7c84a317675a2d3d3
*** Element info: {Using=xpath, value=//*[@id='user-selector']}
	at sun.reflect.GeneratedConstructorAccessor13.newInstance(Unknown Source)
	at sun.reflect.DelegatingConstructorAccessorImpl.newInstance(Unknown Source)
	at java.lang.reflect.Constructor.newInstance(Unknown Source)
	at org.openqa.selenium.remote.ErrorHandler.createThrowable(ErrorHandler.java:215)
	at org.openqa.selenium.remote.ErrorHandler.throwIfResponseFailed(ErrorHandler.java:167)
	at org.openqa.selenium.remote.RemoteWebDriver.execute(RemoteWebDriver.java:671)
	at org.openqa.selenium.remote.RemoteWebDriver.findElement(RemoteWebDriver.java:410)
	at org.openqa.selenium.remote.RemoteWebDriver.findElementByXPath(RemoteWebDriver.java:509)
	at org.openqa.selenium.By$ByXPath.findElement(By.java:361)
	at org.openqa.selenium.remote.RemoteWebDriver.findElement(RemoteWebDriver.java:402)
	at automationLibrary.Element.AssertExists(Element.java:501)
	at automationLibrary.Element.waitAndClick(Element.java:256)
	at pageFactory.LoginPage.logout(LoginPage.java:140)
	at testScriptsSmoke.TS_004_BasicAndAdvancedSearchOperations.close(TS_004_BasicAndAdvancedSearchOperations.java:316)
	at sun.reflect.NativeMethodAccessorImpl.invoke0(Native Method)
	at sun.reflect.NativeMethodAccessorImpl.invoke(Unknown Source)
	at sun.reflect.DelegatingMethodAccessorImpl.invoke(Unknown Source)
	at java.lang.reflect.Method.invoke(Unknown Source)
	at org.testng.internal.MethodInvocationHelper.invokeMethod(MethodInvocationHelper.java:108)
	at org.testng.internal.Invoker.invokeConfigurationMethod(Invoker.java:523)
	at org.testng.internal.Invoker.invokeConfigurations(Invoker.java:224)
	at org.testng.internal.Invoker.invokeConfigurations(Invoker.java:146)
	at org.testng.internal.TestMethodWorker.invokeAfterClassMethods(TestMethodWorker.java:212)
	at org.testng.internal.TestMethodWorker.run(TestMethodWorker.java:112)
	at org.testng.TestRunner.privateRun(TestRunner.java:744)
	at org.testng.TestRunner.run(TestRunner.java:602)
	at org.testng.SuiteRunner.runTest(SuiteRunner.java:380)
	at org.testng.SuiteRunner.runSequentially(SuiteRunner.java:375)
	at org.testng.SuiteRunner.privateRun(SuiteRunner.java:340)
	at org.testng.SuiteRunner.run(SuiteRunner.java:289)
	at org.testng.SuiteRunnerWorker.runSuite(SuiteRunnerWorker.java:52)
	at org.testng.SuiteRunnerWorker.run(SuiteRunnerWorker.java:86)
	at org.testng.TestNG.runSuitesSequentially(TestNG.java:1301)
	at org.testng.TestNG.runSuitesLocally(TestNG.java:1226)
	at org.testng.TestNG.runSuites(TestNG.java:1144)
	at org.testng.TestNG.run(TestNG.java:1115)
	at org.testng.remote.AbstractRemoteTestNG.run(AbstractRemoteTestNG.java:132)
	at org.testng.remote.RemoteTestNG.initAndRun(RemoteTestNG.java:236)
	at org.testng.remote.RemoteTestNG.main(RemoteTestNG.java:81)
]]>
            </full-stacktrace>
          </exception> <!-- org.openqa.selenium.NoSuchElementException -->
          <reporter-output>
          </reporter-output>
        </test-method> <!-- close -->
      </class> <!-- testScriptsSmoke.TS_004_BasicAndAdvancedSearchOperations -->
    </test> <!-- Default test -->
  </suite> <!-- Default suite -->
</testng-results>
