<?xml version="1.0" encoding="UTF-8"?>
<testng-results skipped="0" failed="3" ignored="0" total="6" passed="3">
  <reporter-output>
    <line>
      <![CDATA[<a href='C:\Users\ftarannum\git\Sightline_QA_Automation_POM3\sightline/Screenshots/TS_004_BasicAndAdvancedSearchOperations--audioSearch.png'> <img src='C:\Users\ftarannum\git\Sightline_QA_Automation_POM3\sightline/Screenshots/TS_004_BasicAndAdvancedSearchOperations--audioSearch.png' height='100' width='100'/> </a>]]>
    </line>
    <line>
      <![CDATA[<a href='C:\Users\ftarannum\git\Sightline_QA_Automation_POM3\sightline/Screenshots/TS_004_BasicAndAdvancedSearchOperations--contentSearchWithOperatorsInAS.png'> <img src='C:\Users\ftarannum\git\Sightline_QA_Automation_POM3\sightline/Screenshots/TS_004_BasicAndAdvancedSearchOperations--contentSearchWithOperatorsInAS.png' height='100' width='100'/> </a>]]>
    </line>
    <line>
      <![CDATA[<a href='C:\Users\ftarannum\git\Sightline_QA_Automation_POM3\sightline/Screenshots/TS_004_BasicAndAdvancedSearchOperations--contentSearchWithOperatorsInBS.png'> <img src='C:\Users\ftarannum\git\Sightline_QA_Automation_POM3\sightline/Screenshots/TS_004_BasicAndAdvancedSearchOperations--contentSearchWithOperatorsInBS.png' height='100' width='100'/> </a>]]>
    </line>
  </reporter-output>
  <suite name="Default suite" duration-ms="682749" started-at="2021-03-01T13:54:49Z" finished-at="2021-03-01T14:06:11Z">
    <groups>
      <group name="regression">
        <method signature="TS_004_BasicAndAdvancedSearchOperations.ConceptualSearch()[pri:0, instance:testScriptsSmoke.TS_004_BasicAndAdvancedSearchOperations@27c20538]" name="ConceptualSearch" class="testScriptsSmoke.TS_004_BasicAndAdvancedSearchOperations"/>
        <method signature="TS_004_BasicAndAdvancedSearchOperations.audioSearch()[pri:0, instance:testScriptsSmoke.TS_004_BasicAndAdvancedSearchOperations@27c20538]" name="audioSearch" class="testScriptsSmoke.TS_004_BasicAndAdvancedSearchOperations"/>
        <method signature="TS_004_BasicAndAdvancedSearchOperations.contentSearchWithOperatorsInAS()[pri:0, instance:testScriptsSmoke.TS_004_BasicAndAdvancedSearchOperations@27c20538]" name="contentSearchWithOperatorsInAS" class="testScriptsSmoke.TS_004_BasicAndAdvancedSearchOperations"/>
        <method signature="TS_004_BasicAndAdvancedSearchOperations.contentSearchWithOperatorsInBS()[pri:0, instance:testScriptsSmoke.TS_004_BasicAndAdvancedSearchOperations@27c20538]" name="contentSearchWithOperatorsInBS" class="testScriptsSmoke.TS_004_BasicAndAdvancedSearchOperations"/>
        <method signature="TS_004_BasicAndAdvancedSearchOperations.metaDataSearch()[pri:0, instance:testScriptsSmoke.TS_004_BasicAndAdvancedSearchOperations@27c20538]" name="metaDataSearch" class="testScriptsSmoke.TS_004_BasicAndAdvancedSearchOperations"/>
        <method signature="TS_004_BasicAndAdvancedSearchOperations.searchsavedSearch()[pri:0, instance:testScriptsSmoke.TS_004_BasicAndAdvancedSearchOperations@27c20538]" name="searchsavedSearch" class="testScriptsSmoke.TS_004_BasicAndAdvancedSearchOperations"/>
      </group> <!-- regression -->
      <group name="smoke">
        <method signature="TS_004_BasicAndAdvancedSearchOperations.ConceptualSearch()[pri:0, instance:testScriptsSmoke.TS_004_BasicAndAdvancedSearchOperations@27c20538]" name="ConceptualSearch" class="testScriptsSmoke.TS_004_BasicAndAdvancedSearchOperations"/>
        <method signature="TS_004_BasicAndAdvancedSearchOperations.audioSearch()[pri:0, instance:testScriptsSmoke.TS_004_BasicAndAdvancedSearchOperations@27c20538]" name="audioSearch" class="testScriptsSmoke.TS_004_BasicAndAdvancedSearchOperations"/>
        <method signature="TS_004_BasicAndAdvancedSearchOperations.contentSearchWithOperatorsInAS()[pri:0, instance:testScriptsSmoke.TS_004_BasicAndAdvancedSearchOperations@27c20538]" name="contentSearchWithOperatorsInAS" class="testScriptsSmoke.TS_004_BasicAndAdvancedSearchOperations"/>
        <method signature="TS_004_BasicAndAdvancedSearchOperations.contentSearchWithOperatorsInBS()[pri:0, instance:testScriptsSmoke.TS_004_BasicAndAdvancedSearchOperations@27c20538]" name="contentSearchWithOperatorsInBS" class="testScriptsSmoke.TS_004_BasicAndAdvancedSearchOperations"/>
        <method signature="TS_004_BasicAndAdvancedSearchOperations.metaDataSearch()[pri:0, instance:testScriptsSmoke.TS_004_BasicAndAdvancedSearchOperations@27c20538]" name="metaDataSearch" class="testScriptsSmoke.TS_004_BasicAndAdvancedSearchOperations"/>
        <method signature="TS_004_BasicAndAdvancedSearchOperations.searchsavedSearch()[pri:0, instance:testScriptsSmoke.TS_004_BasicAndAdvancedSearchOperations@27c20538]" name="searchsavedSearch" class="testScriptsSmoke.TS_004_BasicAndAdvancedSearchOperations"/>
      </group> <!-- smoke -->
    </groups>
    <test name="Default test" duration-ms="682749" started-at="2021-03-01T13:54:49Z" finished-at="2021-03-01T14:06:11Z">
      <class name="testScriptsSmoke.TS_004_BasicAndAdvancedSearchOperations">
        <test-method status="PASS" signature="preCondition()[pri:0, instance:testScriptsSmoke.TS_004_BasicAndAdvancedSearchOperations@27c20538]" name="preCondition" is-config="true" duration-ms="50670" started-at="2021-03-01T19:24:49Z" finished-at="2021-03-01T19:25:39Z">
          <reporter-output>
          </reporter-output>
        </test-method> <!-- preCondition -->
        <test-method status="PASS" signature="beforeTestMethod(java.lang.reflect.Method)[pri:0, instance:testScriptsSmoke.TS_004_BasicAndAdvancedSearchOperations@27c20538]" name="beforeTestMethod" is-config="true" duration-ms="5" started-at="2021-03-01T19:25:39Z" finished-at="2021-03-01T19:25:39Z">
          <params>
            <param index="0">
              <value>
                <![CDATA[public void testScriptsSmoke.TS_004_BasicAndAdvancedSearchOperations.ConceptualSearch()]]>
              </value>
            </param>
          </params>
          <reporter-output>
          </reporter-output>
        </test-method> <!-- beforeTestMethod -->
        <test-method status="PASS" signature="ConceptualSearch()[pri:0, instance:testScriptsSmoke.TS_004_BasicAndAdvancedSearchOperations@27c20538]" name="ConceptualSearch" duration-ms="20619" started-at="2021-03-01T19:25:39Z" finished-at="2021-03-01T19:26:00Z">
          <reporter-output>
          </reporter-output>
        </test-method> <!-- ConceptualSearch -->
        <test-method status="PASS" signature="takeScreenShot(org.testng.ITestResult, java.lang.reflect.Method)[pri:0, instance:testScriptsSmoke.TS_004_BasicAndAdvancedSearchOperations@27c20538]" name="takeScreenShot" is-config="true" duration-ms="1" started-at="2021-03-01T19:26:00Z" finished-at="2021-03-01T19:26:00Z">
          <params>
            <param index="0">
              <value>
                <![CDATA[[TestResult name=ConceptualSearch status=SUCCESS method=TS_004_BasicAndAdvancedSearchOperations.ConceptualSearch()[pri:0, instance:testScriptsSmoke.TS_004_BasicAndAdvancedSearchOperations@27c20538] output={null}]]]>
              </value>
            </param>
            <param index="1">
              <value>
                <![CDATA[public void testScriptsSmoke.TS_004_BasicAndAdvancedSearchOperations.ConceptualSearch()]]>
              </value>
            </param>
          </params>
          <reporter-output>
          </reporter-output>
        </test-method> <!-- takeScreenShot -->
        <test-method status="PASS" signature="beforeTestMethod(java.lang.reflect.Method)[pri:0, instance:testScriptsSmoke.TS_004_BasicAndAdvancedSearchOperations@27c20538]" name="beforeTestMethod" is-config="true" duration-ms="2" started-at="2021-03-01T19:26:00Z" finished-at="2021-03-01T19:26:00Z">
          <params>
            <param index="0">
              <value>
                <![CDATA[public void testScriptsSmoke.TS_004_BasicAndAdvancedSearchOperations.audioSearch()]]>
              </value>
            </param>
          </params>
          <reporter-output>
          </reporter-output>
        </test-method> <!-- beforeTestMethod -->
        <test-method status="FAIL" signature="audioSearch()[pri:0, instance:testScriptsSmoke.TS_004_BasicAndAdvancedSearchOperations@27c20538]" name="audioSearch" duration-ms="22327" started-at="2021-03-01T19:26:00Z" finished-at="2021-03-01T19:26:22Z">
          <exception class="junit.framework.AssertionFailedError">
            <full-stacktrace>
              <![CDATA[junit.framework.AssertionFailedError
	at junit.framework.Assert.fail(Assert.java:47)
	at junit.framework.Assert.assertTrue(Assert.java:20)
	at junit.framework.Assert.assertTrue(Assert.java:27)
	at testScriptsSmoke.TS_004_BasicAndAdvancedSearchOperations.audioSearch(TS_004_BasicAndAdvancedSearchOperations.java:238)
	at sun.reflect.NativeMethodAccessorImpl.invoke0(Native Method)
	at sun.reflect.NativeMethodAccessorImpl.invoke(Unknown Source)
	at sun.reflect.DelegatingMethodAccessorImpl.invoke(Unknown Source)
	at java.lang.reflect.Method.invoke(Unknown Source)
	at org.testng.internal.MethodInvocationHelper.invokeMethod(MethodInvocationHelper.java:108)
	at org.testng.internal.Invoker.invokeMethod(Invoker.java:661)
	at org.testng.internal.Invoker.invokeTestMethod(Invoker.java:869)
	at org.testng.internal.Invoker.invokeTestMethods(Invoker.java:1193)
	at org.testng.internal.TestMethodWorker.invokeTestMethods(TestMethodWorker.java:126)
	at org.testng.internal.TestMethodWorker.run(TestMethodWorker.java:109)
	at org.testng.TestRunner.privateRun(TestRunner.java:744)
	at org.testng.TestRunner.run(TestRunner.java:602)
	at org.testng.SuiteRunner.runTest(SuiteRunner.java:380)
	at org.testng.SuiteRunner.runSequentially(SuiteRunner.java:375)
	at org.testng.SuiteRunner.privateRun(SuiteRunner.java:340)
	at org.testng.SuiteRunner.run(SuiteRunner.java:289)
	at org.testng.SuiteRunnerWorker.runSuite(SuiteRunnerWorker.java:52)
	at org.testng.SuiteRunnerWorker.run(SuiteRunnerWorker.java:86)
	at org.testng.TestNG.runSuitesSequentially(TestNG.java:1301)
	at org.testng.TestNG.runSuitesLocally(TestNG.java:1226)
	at org.testng.TestNG.runSuites(TestNG.java:1144)
	at org.testng.TestNG.run(TestNG.java:1115)
	at org.testng.remote.AbstractRemoteTestNG.run(AbstractRemoteTestNG.java:132)
	at org.testng.remote.RemoteTestNG.initAndRun(RemoteTestNG.java:236)
	at org.testng.remote.RemoteTestNG.main(RemoteTestNG.java:81)
]]>
            </full-stacktrace>
          </exception> <!-- junit.framework.AssertionFailedError -->
          <reporter-output>
          </reporter-output>
        </test-method> <!-- audioSearch -->
        <test-method status="PASS" signature="takeScreenShot(org.testng.ITestResult, java.lang.reflect.Method)[pri:0, instance:testScriptsSmoke.TS_004_BasicAndAdvancedSearchOperations@27c20538]" name="takeScreenShot" is-config="true" duration-ms="422" started-at="2021-03-01T19:26:22Z" finished-at="2021-03-01T19:26:23Z">
          <params>
            <param index="0">
              <value>
                <![CDATA[[TestResult name=audioSearch status=FAILURE method=TS_004_BasicAndAdvancedSearchOperations.audioSearch()[pri:0, instance:testScriptsSmoke.TS_004_BasicAndAdvancedSearchOperations@27c20538] output={null}]]]>
              </value>
            </param>
            <param index="1">
              <value>
                <![CDATA[public void testScriptsSmoke.TS_004_BasicAndAdvancedSearchOperations.audioSearch()]]>
              </value>
            </param>
          </params>
          <reporter-output>
            <line>
              <![CDATA[<a href='C:\Users\ftarannum\git\Sightline_QA_Automation_POM3\sightline/Screenshots/TS_004_BasicAndAdvancedSearchOperations--audioSearch.png'> <img src='C:\Users\ftarannum\git\Sightline_QA_Automation_POM3\sightline/Screenshots/TS_004_BasicAndAdvancedSearchOperations--audioSearch.png' height='100' width='100'/> </a>]]>
            </line>
          </reporter-output>
        </test-method> <!-- takeScreenShot -->
        <test-method status="PASS" signature="beforeTestMethod(java.lang.reflect.Method)[pri:0, instance:testScriptsSmoke.TS_004_BasicAndAdvancedSearchOperations@27c20538]" name="beforeTestMethod" is-config="true" duration-ms="1" started-at="2021-03-01T19:26:23Z" finished-at="2021-03-01T19:26:23Z">
          <params>
            <param index="0">
              <value>
                <![CDATA[public void testScriptsSmoke.TS_004_BasicAndAdvancedSearchOperations.contentSearchWithOperatorsInAS()]]>
              </value>
            </param>
          </params>
          <reporter-output>
          </reporter-output>
        </test-method> <!-- beforeTestMethod -->
        <test-method status="FAIL" signature="contentSearchWithOperatorsInAS()[pri:0, instance:testScriptsSmoke.TS_004_BasicAndAdvancedSearchOperations@27c20538]" name="contentSearchWithOperatorsInAS" duration-ms="143341" started-at="2021-03-01T19:26:23Z" finished-at="2021-03-01T19:28:46Z">
          <exception class="java.lang.AssertionError">
            <message>
              <![CDATA[The following asserts failed:
	expected [true] but found [false],
	expected [true] but found [false],
	expected [true] but found [false]]]>
            </message>
            <full-stacktrace>
              <![CDATA[java.lang.AssertionError: The following asserts failed:
	expected [true] but found [false],
	expected [true] but found [false],
	expected [true] but found [false]
	at org.testng.asserts.SoftAssert.assertAll(SoftAssert.java:43)
	at testScriptsSmoke.TS_004_BasicAndAdvancedSearchOperations.contentSearchWithOperatorsInAS(TS_004_BasicAndAdvancedSearchOperations.java:153)
	at sun.reflect.NativeMethodAccessorImpl.invoke0(Native Method)
	at sun.reflect.NativeMethodAccessorImpl.invoke(Unknown Source)
	at sun.reflect.DelegatingMethodAccessorImpl.invoke(Unknown Source)
	at java.lang.reflect.Method.invoke(Unknown Source)
	at org.testng.internal.MethodInvocationHelper.invokeMethod(MethodInvocationHelper.java:108)
	at org.testng.internal.Invoker.invokeMethod(Invoker.java:661)
	at org.testng.internal.Invoker.invokeTestMethod(Invoker.java:869)
	at org.testng.internal.Invoker.invokeTestMethods(Invoker.java:1193)
	at org.testng.internal.TestMethodWorker.invokeTestMethods(TestMethodWorker.java:126)
	at org.testng.internal.TestMethodWorker.run(TestMethodWorker.java:109)
	at org.testng.TestRunner.privateRun(TestRunner.java:744)
	at org.testng.TestRunner.run(TestRunner.java:602)
	at org.testng.SuiteRunner.runTest(SuiteRunner.java:380)
	at org.testng.SuiteRunner.runSequentially(SuiteRunner.java:375)
	at org.testng.SuiteRunner.privateRun(SuiteRunner.java:340)
	at org.testng.SuiteRunner.run(SuiteRunner.java:289)
	at org.testng.SuiteRunnerWorker.runSuite(SuiteRunnerWorker.java:52)
	at org.testng.SuiteRunnerWorker.run(SuiteRunnerWorker.java:86)
	at org.testng.TestNG.runSuitesSequentially(TestNG.java:1301)
	at org.testng.TestNG.runSuitesLocally(TestNG.java:1226)
	at org.testng.TestNG.runSuites(TestNG.java:1144)
	at org.testng.TestNG.run(TestNG.java:1115)
	at org.testng.remote.AbstractRemoteTestNG.run(AbstractRemoteTestNG.java:132)
	at org.testng.remote.RemoteTestNG.initAndRun(RemoteTestNG.java:236)
	at org.testng.remote.RemoteTestNG.main(RemoteTestNG.java:81)
]]>
            </full-stacktrace>
          </exception> <!-- java.lang.AssertionError -->
          <reporter-output>
          </reporter-output>
        </test-method> <!-- contentSearchWithOperatorsInAS -->
        <test-method status="PASS" signature="takeScreenShot(org.testng.ITestResult, java.lang.reflect.Method)[pri:0, instance:testScriptsSmoke.TS_004_BasicAndAdvancedSearchOperations@27c20538]" name="takeScreenShot" is-config="true" duration-ms="367" started-at="2021-03-01T19:28:46Z" finished-at="2021-03-01T19:28:46Z">
          <params>
            <param index="0">
              <value>
                <![CDATA[[TestResult name=contentSearchWithOperatorsInAS status=FAILURE method=TS_004_BasicAndAdvancedSearchOperations.contentSearchWithOperatorsInAS()[pri:0, instance:testScriptsSmoke.TS_004_BasicAndAdvancedSearchOperations@27c20538] output={null}]]]>
              </value>
            </param>
            <param index="1">
              <value>
                <![CDATA[public void testScriptsSmoke.TS_004_BasicAndAdvancedSearchOperations.contentSearchWithOperatorsInAS()]]>
              </value>
            </param>
          </params>
          <reporter-output>
            <line>
              <![CDATA[<a href='C:\Users\ftarannum\git\Sightline_QA_Automation_POM3\sightline/Screenshots/TS_004_BasicAndAdvancedSearchOperations--contentSearchWithOperatorsInAS.png'> <img src='C:\Users\ftarannum\git\Sightline_QA_Automation_POM3\sightline/Screenshots/TS_004_BasicAndAdvancedSearchOperations--contentSearchWithOperatorsInAS.png' height='100' width='100'/> </a>]]>
            </line>
          </reporter-output>
        </test-method> <!-- takeScreenShot -->
        <test-method status="PASS" signature="beforeTestMethod(java.lang.reflect.Method)[pri:0, instance:testScriptsSmoke.TS_004_BasicAndAdvancedSearchOperations@27c20538]" name="beforeTestMethod" is-config="true" duration-ms="1" started-at="2021-03-01T19:28:46Z" finished-at="2021-03-01T19:28:46Z">
          <params>
            <param index="0">
              <value>
                <![CDATA[public void testScriptsSmoke.TS_004_BasicAndAdvancedSearchOperations.contentSearchWithOperatorsInBS()]]>
              </value>
            </param>
          </params>
          <reporter-output>
          </reporter-output>
        </test-method> <!-- beforeTestMethod -->
        <test-method status="FAIL" signature="contentSearchWithOperatorsInBS()[pri:0, instance:testScriptsSmoke.TS_004_BasicAndAdvancedSearchOperations@27c20538]" name="contentSearchWithOperatorsInBS" duration-ms="174542" started-at="2021-03-01T19:28:46Z" finished-at="2021-03-01T19:31:41Z">
          <exception class="java.lang.AssertionError">
            <message>
              <![CDATA[The following asserts failed:
	expected [true] but found [false],
	expected [true] but found [false],
	expected [true] but found [false]]]>
            </message>
            <full-stacktrace>
              <![CDATA[java.lang.AssertionError: The following asserts failed:
	expected [true] but found [false],
	expected [true] but found [false],
	expected [true] but found [false]
	at org.testng.asserts.SoftAssert.assertAll(SoftAssert.java:43)
	at testScriptsSmoke.TS_004_BasicAndAdvancedSearchOperations.contentSearchWithOperatorsInBS(TS_004_BasicAndAdvancedSearchOperations.java:122)
	at sun.reflect.NativeMethodAccessorImpl.invoke0(Native Method)
	at sun.reflect.NativeMethodAccessorImpl.invoke(Unknown Source)
	at sun.reflect.DelegatingMethodAccessorImpl.invoke(Unknown Source)
	at java.lang.reflect.Method.invoke(Unknown Source)
	at org.testng.internal.MethodInvocationHelper.invokeMethod(MethodInvocationHelper.java:108)
	at org.testng.internal.Invoker.invokeMethod(Invoker.java:661)
	at org.testng.internal.Invoker.invokeTestMethod(Invoker.java:869)
	at org.testng.internal.Invoker.invokeTestMethods(Invoker.java:1193)
	at org.testng.internal.TestMethodWorker.invokeTestMethods(TestMethodWorker.java:126)
	at org.testng.internal.TestMethodWorker.run(TestMethodWorker.java:109)
	at org.testng.TestRunner.privateRun(TestRunner.java:744)
	at org.testng.TestRunner.run(TestRunner.java:602)
	at org.testng.SuiteRunner.runTest(SuiteRunner.java:380)
	at org.testng.SuiteRunner.runSequentially(SuiteRunner.java:375)
	at org.testng.SuiteRunner.privateRun(SuiteRunner.java:340)
	at org.testng.SuiteRunner.run(SuiteRunner.java:289)
	at org.testng.SuiteRunnerWorker.runSuite(SuiteRunnerWorker.java:52)
	at org.testng.SuiteRunnerWorker.run(SuiteRunnerWorker.java:86)
	at org.testng.TestNG.runSuitesSequentially(TestNG.java:1301)
	at org.testng.TestNG.runSuitesLocally(TestNG.java:1226)
	at org.testng.TestNG.runSuites(TestNG.java:1144)
	at org.testng.TestNG.run(TestNG.java:1115)
	at org.testng.remote.AbstractRemoteTestNG.run(AbstractRemoteTestNG.java:132)
	at org.testng.remote.RemoteTestNG.initAndRun(RemoteTestNG.java:236)
	at org.testng.remote.RemoteTestNG.main(RemoteTestNG.java:81)
]]>
            </full-stacktrace>
          </exception> <!-- java.lang.AssertionError -->
          <reporter-output>
          </reporter-output>
        </test-method> <!-- contentSearchWithOperatorsInBS -->
        <test-method status="PASS" signature="takeScreenShot(org.testng.ITestResult, java.lang.reflect.Method)[pri:0, instance:testScriptsSmoke.TS_004_BasicAndAdvancedSearchOperations@27c20538]" name="takeScreenShot" is-config="true" duration-ms="327" started-at="2021-03-01T19:31:41Z" finished-at="2021-03-01T19:31:41Z">
          <params>
            <param index="0">
              <value>
                <![CDATA[[TestResult name=contentSearchWithOperatorsInBS status=FAILURE method=TS_004_BasicAndAdvancedSearchOperations.contentSearchWithOperatorsInBS()[pri:0, instance:testScriptsSmoke.TS_004_BasicAndAdvancedSearchOperations@27c20538] output={null}]]]>
              </value>
            </param>
            <param index="1">
              <value>
                <![CDATA[public void testScriptsSmoke.TS_004_BasicAndAdvancedSearchOperations.contentSearchWithOperatorsInBS()]]>
              </value>
            </param>
          </params>
          <reporter-output>
            <line>
              <![CDATA[<a href='C:\Users\ftarannum\git\Sightline_QA_Automation_POM3\sightline/Screenshots/TS_004_BasicAndAdvancedSearchOperations--contentSearchWithOperatorsInBS.png'> <img src='C:\Users\ftarannum\git\Sightline_QA_Automation_POM3\sightline/Screenshots/TS_004_BasicAndAdvancedSearchOperations--contentSearchWithOperatorsInBS.png' height='100' width='100'/> </a>]]>
            </line>
          </reporter-output>
        </test-method> <!-- takeScreenShot -->
        <test-method status="PASS" signature="beforeTestMethod(java.lang.reflect.Method)[pri:0, instance:testScriptsSmoke.TS_004_BasicAndAdvancedSearchOperations@27c20538]" name="beforeTestMethod" is-config="true" duration-ms="1" started-at="2021-03-01T19:31:41Z" finished-at="2021-03-01T19:31:41Z">
          <params>
            <param index="0">
              <value>
                <![CDATA[public void testScriptsSmoke.TS_004_BasicAndAdvancedSearchOperations.metaDataSearch()]]>
              </value>
            </param>
          </params>
          <reporter-output>
          </reporter-output>
        </test-method> <!-- beforeTestMethod -->
        <test-method status="PASS" signature="metaDataSearch()[pri:0, instance:testScriptsSmoke.TS_004_BasicAndAdvancedSearchOperations@27c20538]" name="metaDataSearch" duration-ms="195858" started-at="2021-03-01T19:31:41Z" finished-at="2021-03-01T19:34:57Z">
          <reporter-output>
          </reporter-output>
        </test-method> <!-- metaDataSearch -->
        <test-method status="PASS" signature="takeScreenShot(org.testng.ITestResult, java.lang.reflect.Method)[pri:0, instance:testScriptsSmoke.TS_004_BasicAndAdvancedSearchOperations@27c20538]" name="takeScreenShot" is-config="true" duration-ms="1" started-at="2021-03-01T19:34:57Z" finished-at="2021-03-01T19:34:57Z">
          <params>
            <param index="0">
              <value>
                <![CDATA[[TestResult name=metaDataSearch status=SUCCESS method=TS_004_BasicAndAdvancedSearchOperations.metaDataSearch()[pri:0, instance:testScriptsSmoke.TS_004_BasicAndAdvancedSearchOperations@27c20538] output={null}]]]>
              </value>
            </param>
            <param index="1">
              <value>
                <![CDATA[public void testScriptsSmoke.TS_004_BasicAndAdvancedSearchOperations.metaDataSearch()]]>
              </value>
            </param>
          </params>
          <reporter-output>
          </reporter-output>
        </test-method> <!-- takeScreenShot -->
        <test-method status="PASS" signature="beforeTestMethod(java.lang.reflect.Method)[pri:0, instance:testScriptsSmoke.TS_004_BasicAndAdvancedSearchOperations@27c20538]" name="beforeTestMethod" is-config="true" duration-ms="6" started-at="2021-03-01T19:34:57Z" finished-at="2021-03-01T19:34:57Z">
          <params>
            <param index="0">
              <value>
                <![CDATA[public void testScriptsSmoke.TS_004_BasicAndAdvancedSearchOperations.searchsavedSearch()]]>
              </value>
            </param>
          </params>
          <reporter-output>
          </reporter-output>
        </test-method> <!-- beforeTestMethod -->
        <test-method status="PASS" signature="searchsavedSearch()[pri:0, instance:testScriptsSmoke.TS_004_BasicAndAdvancedSearchOperations@27c20538]" name="searchsavedSearch" duration-ms="60353" started-at="2021-03-01T19:34:57Z" finished-at="2021-03-01T19:35:57Z">
          <reporter-output>
          </reporter-output>
        </test-method> <!-- searchsavedSearch -->
        <test-method status="PASS" signature="takeScreenShot(org.testng.ITestResult, java.lang.reflect.Method)[pri:0, instance:testScriptsSmoke.TS_004_BasicAndAdvancedSearchOperations@27c20538]" name="takeScreenShot" is-config="true" duration-ms="1" started-at="2021-03-01T19:35:57Z" finished-at="2021-03-01T19:35:57Z">
          <params>
            <param index="0">
              <value>
                <![CDATA[[TestResult name=searchsavedSearch status=SUCCESS method=TS_004_BasicAndAdvancedSearchOperations.searchsavedSearch()[pri:0, instance:testScriptsSmoke.TS_004_BasicAndAdvancedSearchOperations@27c20538] output={null}]]]>
              </value>
            </param>
            <param index="1">
              <value>
                <![CDATA[public void testScriptsSmoke.TS_004_BasicAndAdvancedSearchOperations.searchsavedSearch()]]>
              </value>
            </param>
          </params>
          <reporter-output>
          </reporter-output>
        </test-method> <!-- takeScreenShot -->
        <test-method status="PASS" signature="close()[pri:0, instance:testScriptsSmoke.TS_004_BasicAndAdvancedSearchOperations@27c20538]" name="close" is-config="true" duration-ms="13862" started-at="2021-03-01T19:35:57Z" finished-at="2021-03-01T19:36:11Z">
          <reporter-output>
          </reporter-output>
        </test-method> <!-- close -->
      </class> <!-- testScriptsSmoke.TS_004_BasicAndAdvancedSearchOperations -->
    </test> <!-- Default test -->
  </suite> <!-- Default suite -->
</testng-results>
