<?xml version="1.0" encoding="UTF-8"?>
<!-- Generated by org.testng.reporters.JUnitXMLReporter -->
<testsuite hostname="INLTP-SHILPIM" ignored="0" name="AdvancedSearchBulkActions" tests="2" failures="0" timestamp="04 Apr 2020 09:03:35 GMT" time="133.867" errors="0">
  <testcase name="bulkFolderInAdvancedSearch" time="20.893" classname="testScriptsSmoke.TS_003_AdvancedSearchBulkActions"/>
  <testcase name="bulkTagInAdvancedSearch" time="26.039" classname="testScriptsSmoke.TS_003_AdvancedSearchBulkActions"/>
</testsuite> <!-- AdvancedSearchBulkActions -->
