<?xml version="1.0" encoding="UTF-8"?>
<!-- Generated by org.testng.reporters.JUnitXMLReporter -->
<testsuite hostname="INLTP-SHILPIM" ignored="0" name="AdvancedSearchBulkActions" tests="2" failures="0" timestamp="19 Mar 2020 09:42:15 GMT" time="126.649" errors="0">
  <testcase name="bulkFolderInAdvancedSearch" time="16.86" classname="testScriptsSmoke.TS_003_AdvancedSearchBulkActions"/>
  <testcase name="bulkTagInAdvancedSearch" time="29.14" classname="testScriptsSmoke.TS_003_AdvancedSearchBulkActions"/>
</testsuite> <!-- AdvancedSearchBulkActions -->
