<?xml version="1.0" encoding="UTF-8"?>
<!-- Generated by org.testng.reporters.JUnitXMLReporter -->
<testsuite hostname="INLTP-FERHAT" ignored="0" name="AdvancedSearchBulkActions" tests="2" failures="0" timestamp="18 Feb 2021 08:17:52 GMT" time="97.467" errors="0">
  <testcase name="bulkFolderInAdvancedSearch" time="14.642" classname="testScriptsSmoke.TS_003_AdvancedSearchBulkActions"/>
  <testcase name="bulkTagInAdvancedSearch" time="20.753" classname="testScriptsSmoke.TS_003_AdvancedSearchBulkActions"/>
</testsuite> <!-- AdvancedSearchBulkActions -->
