<?xml version="1.0" encoding="UTF-8"?>
<!-- Generated by org.testng.reporters.JUnitXMLReporter -->
<testsuite hostname="INLTP-SHILPIM" ignored="0" name="AdvancedSearchBulkActions" tests="2" failures="0" timestamp="13 Jun 2020 06:35:55 GMT" time="162.037" errors="0">
  <testcase name="bulkFolderInAdvancedSearch" time="22.588" classname="testScriptsSmoke.TS_003_AdvancedSearchBulkActions"/>
  <testcase name="bulkTagInAdvancedSearch" time="25.887" classname="testScriptsSmoke.TS_003_AdvancedSearchBulkActions"/>
</testsuite> <!-- AdvancedSearchBulkActions -->
