<?xml version="1.0" encoding="UTF-8"?>
<!-- Generated by org.testng.reporters.JUnitXMLReporter -->
<testsuite hostname="INLTP-SHILPIM" ignored="0" name="AdvancedSearchBulkActions" tests="2" failures="0" timestamp="26 May 2020 07:10:48 GMT" time="232.03" errors="0">
  <testcase name="bulkFolderInAdvancedSearch" time="73.213" classname="testScriptsSmoke.TS_003_AdvancedSearchBulkActions"/>
  <testcase name="bulkTagInAdvancedSearch" time="93.79" classname="testScriptsSmoke.TS_003_AdvancedSearchBulkActions"/>
</testsuite> <!-- AdvancedSearchBulkActions -->
