<?xml version="1.0" encoding="UTF-8"?>
<!-- Generated by org.testng.reporters.JUnitXMLReporter -->
<testsuite hostname="INLTP-FERHAT" ignored="0" name="AdvancedSearchBulkActions" tests="2" failures="0" timestamp="11 Feb 2021 11:26:57 GMT" time="113.46" errors="0">
  <testcase name="bulkFolderInAdvancedSearch" time="25.756" classname="testScriptsSmoke.TS_003_AdvancedSearchBulkActions"/>
  <testcase name="bulkTagInAdvancedSearch" time="25.138" classname="testScriptsSmoke.TS_003_AdvancedSearchBulkActions"/>
</testsuite> <!-- AdvancedSearchBulkActions -->
