<?xml version="1.0" encoding="UTF-8"?>
<!-- Generated by org.testng.reporters.JUnitXMLReporter -->
<testsuite hostname="INLTP-SHILPIM" ignored="0" name="BulkActionsFromSessionSearch" tests="5" failures="0" timestamp="26 May 2020 07:06:56 GMT" time="178.291" errors="0">
  <testcase name="@BeforeClass preCondition" time="163.043" classname="testScriptsSmoke.TS_003_BulkActionsFromBasicSearch">
    <failure type="java.lang.NumberFormatException" message="For input string: &amp;quot; &amp;quot;">
      <![CDATA[java.lang.NumberFormatException: For input string: " "
	at java.lang.NumberFormatException.forInputString(NumberFormatException.java:65)
	at java.lang.Integer.parseInt(Integer.java:569)
	at java.lang.Integer.parseInt(Integer.java:615)
	at pageFactory.SessionSearch.basicContentSearch(SessionSearch.java:533)
	at testScriptsSmoke.TS_003_BulkActionsFromBasicSearch.preCondition(TS_003_BulkActionsFromBasicSearch.java:60)
... Removed 26 stack frames]]>
    </failure>
  </testcase> <!-- @BeforeClass preCondition -->
  <testcase name="bulkFolderInBasicSearch" time="0.0" classname="testScriptsSmoke.TS_003_BulkActionsFromBasicSearch">
    <skipped/>
  </testcase> <!-- bulkFolderInBasicSearch -->
  <testcase name="bulkTagInBasicSearch" time="0.0" classname="testScriptsSmoke.TS_003_BulkActionsFromBasicSearch">
    <skipped/>
  </testcase> <!-- bulkTagInBasicSearch -->
  <testcase name="viewInDocViewInBasicSearch" time="0.001" classname="testScriptsSmoke.TS_003_BulkActionsFromBasicSearch">
    <skipped/>
  </testcase> <!-- viewInDocViewInBasicSearch -->
  <testcase name="viewInDoclistInBasicSearch" time="0.0" classname="testScriptsSmoke.TS_003_BulkActionsFromBasicSearch">
    <skipped/>
  </testcase> <!-- viewInDoclistInBasicSearch -->
  <testcase name="viewInTallyResultsInBasicSearch" time="0.0" classname="testScriptsSmoke.TS_003_BulkActionsFromBasicSearch">
    <skipped/>
  </testcase> <!-- viewInTallyResultsInBasicSearch -->
</testsuite> <!-- BulkActionsFromSessionSearch -->
