<?xml version="1.0" encoding="UTF-8"?>
<!-- Generated by org.testng.reporters.JUnitXMLReporter -->
<testsuite hostname="INLTP-SHILPIM" ignored="0" name="Categorization" tests="1" failures="1" timestamp="19 Mar 2020 09:14:41 GMT" time="316.051" errors="0">
  <testcase name="validateCategorization" time="190.023" classname="testScriptsSmoke.TS_005_ValidateCategorization">
    <failure type="java.lang.NumberFormatException" message="For input string: &amp;quot;&amp;quot;">
      <![CDATA[java.lang.NumberFormatException: For input string: ""
	at java.lang.NumberFormatException.forInputString(NumberFormatException.java:65)
	at java.lang.Integer.parseInt(Integer.java:592)
	at java.lang.Integer.parseInt(Integer.java:615)
	at pageFactory.Categorization.runCatWithTagsAndFolders(Categorization.java:127)
	at testScriptsSmoke.TS_005_ValidateCategorization.validateCategorization(TS_005_ValidateCategorization.java:77)
... Removed 26 stack frames]]>
    </failure>
  </testcase> <!-- validateCategorization -->
</testsuite> <!-- Categorization -->
