<?xml version="1.0" encoding="UTF-8"?>
<!-- Generated by org.testng.reporters.JUnitXMLReporter -->
<testsuite hostname="INLTP-FERHAT" ignored="0" name="Categorization" tests="1" failures="1" timestamp="18 Feb 2021 07:55:07 GMT" time="227.727" errors="0">
  <testcase name="validateCategorization" time="135.343" classname="testScriptsSmoke.TS_005_ValidateCategorization">
    <failure type="java.lang.AssertionError" message="expected [true] but found [false]">
      <![CDATA[java.lang.AssertionError: expected [true] but found [false]
	at testScriptsSmoke.TS_005_ValidateCategorization.validateCategorization(TS_005_ValidateCategorization.java:76)
... Removed 30 stack frames]]>
    </failure>
  </testcase> <!-- validateCategorization -->
</testsuite> <!-- Categorization -->
