<?xml version="1.0" encoding="UTF-8"?>
<!-- Generated by org.testng.reporters.JUnitXMLReporter -->
<testsuite hostname="LNT-HZ-NP-SQA18" ignored="0" name="DocViewAudio" tests="5" failures="0" timestamp="26 Apr 2021 01:43:41 GMT" time="92.991" errors="0">
  <testcase name="@BeforeClass before" time="79.841" classname="testScriptsSmoke.TS_018_DocViewAudio">
    <failure type="org.openqa.selenium.WebDriverException" message="unknown error: Element &amp;lt;button class=&amp;quot;btn text-center btn-default addblock disabled&amp;quot; id=&amp;quot;audio&amp;quot;&amp;gt;...&amp;lt;/button&amp;gt; is not clickable at point (692, 256). Other element would receive the click: &amp;lt;div class=&amp;quot;audiobtn&amp;quot; style=&amp;quot;display:inline-block&amp;quot; title=&amp;quot;There are no applicable audio indexes available for search&amp;quot;&amp;gt;...&amp;lt;/div&amp;gt;
  (Session info: chrome=86.0.4240.198)
  (Driver info: chromedriver=2.36.540470 (e522d04694c7ebea4ba8821272dbef4f9b818c91),platform=Windows NT 10.0.18363 x86_64) (WARNING: The server did not provide any stacktrace information)
Command duration or timeout: 18 milliseconds
Build info: version: &amp;apos;3.4.0&amp;apos;, revision: &amp;apos;unknown&amp;apos;, time: &amp;apos;unknown&amp;apos;
System info: host: &amp;apos;LNT-HZ-NP-SQA18&amp;apos;, ip: &amp;apos;10.224.187.142&amp;apos;, os.name: &amp;apos;Windows 10&amp;apos;, os.arch: &amp;apos;amd64&amp;apos;, os.version: &amp;apos;10.0&amp;apos;, java.version: &amp;apos;1.8.0_271&amp;apos;
Driver info: org.openqa.selenium.chrome.ChromeDriver
Capabilities [{applicationCacheEnabled=false, rotatable=false, mobileEmulationEnabled=false, networkConnectionEnabled=false, chrome={chromedriverVersion=2.36.540470 (e522d04694c7ebea4ba8821272dbef4f9b818c91), userDataDir=C:\Users\LOCAL_~1.A\Temp\scoped_dir12164_12779}, takesHeapSnapshot=true, pageLoadStrategy=normal, databaseEnabled=false, handlesAlerts=true, hasTouchScreen=false, version=86.0.4240.198, platform=XP, browserConnectionEnabled=false, nativeEvents=true, acceptSslCerts=false, acceptInsecureCerts=false, locationContextEnabled=true, webStorageEnabled=true, browserName=chrome, takesScreenshot=true, javascriptEnabled=true, cssSelectorsEnabled=true, setWindowRect=true, unexpectedAlertBehaviour=}]
Session ID: dcac3d8ac70e3692e62b23f85e51bd1f">
      <![CDATA[org.openqa.selenium.WebDriverException: unknown error: Element <button class="btn text-center btn-default addblock disabled" id="audio">...</button> is not clickable at point (692, 256). Other element would receive the click: <div class="audiobtn" style="display:inline-block" title="There are no applicable audio indexes available for search">...</div>
  (Session info: chrome=86.0.4240.198)
  (Driver info: chromedriver=2.36.540470 (e522d04694c7ebea4ba8821272dbef4f9b818c91),platform=Windows NT 10.0.18363 x86_64) (WARNING: The server did not provide any stacktrace information)
Command duration or timeout: 18 milliseconds
Build info: version: '3.4.0', revision: 'unknown', time: 'unknown'
System info: host: 'LNT-HZ-NP-SQA18', ip: '10.224.187.142', os.name: 'Windows 10', os.arch: 'amd64', os.version: '10.0', java.version: '1.8.0_271'
Driver info: org.openqa.selenium.chrome.ChromeDriver
Capabilities [{applicationCacheEnabled=false, rotatable=false, mobileEmulationEnabled=false, networkConnectionEnabled=false, chrome={chromedriverVersion=2.36.540470 (e522d04694c7ebea4ba8821272dbef4f9b818c91), userDataDir=C:\Users\LOCAL_~1.A\Temp\scoped_dir12164_12779}, takesHeapSnapshot=true, pageLoadStrategy=normal, databaseEnabled=false, handlesAlerts=true, hasTouchScreen=false, version=86.0.4240.198, platform=XP, browserConnectionEnabled=false, nativeEvents=true, acceptSslCerts=false, acceptInsecureCerts=false, locationContextEnabled=true, webStorageEnabled=true, browserName=chrome, takesScreenshot=true, javascriptEnabled=true, cssSelectorsEnabled=true, setWindowRect=true, unexpectedAlertBehaviour=}]
Session ID: dcac3d8ac70e3692e62b23f85e51bd1f
at org.openqa.selenium.remote.ErrorHandler.createThrowable(ErrorHandler.java:215)
at org.openqa.selenium.remote.ErrorHandler.throwIfResponseFailed(ErrorHandler.java:167)
at org.openqa.selenium.remote.RemoteWebDriver.execute(RemoteWebDriver.java:671)
at org.openqa.selenium.remote.RemoteWebElement.execute(RemoteWebElement.java:272)
at org.openqa.selenium.remote.RemoteWebElement.click(RemoteWebElement.java:82)
at automationLibrary.Element.waitAndClick(Element.java:257)
at pageFactory.SessionSearch.audioSearch(SessionSearch.java:727)
at testScriptsSmoke.TS_018_DocViewAudio.before(TS_018_DocViewAudio.java:61)
... Removed 30 stack frames]]>
    </failure>
  </testcase> <!-- @BeforeClass before -->
  <testcase name="AudioDownload" time="0.0" classname="testScriptsSmoke.TS_018_DocViewAudio">
    <skipped/>
  </testcase> <!-- AudioDownload -->
  <testcase name="addComment" time="0.0" classname="testScriptsSmoke.TS_018_DocViewAudio">
    <skipped/>
  </testcase> <!-- addComment -->
  <testcase name="addPlay" time="0.0" classname="testScriptsSmoke.TS_018_DocViewAudio">
    <skipped/>
  </testcase> <!-- addPlay -->
  <testcase name="addRemark" time="0.0" classname="testScriptsSmoke.TS_018_DocViewAudio">
    <skipped/>
  </testcase> <!-- addRemark -->
  <testcase name="addreduction" time="0.0" classname="testScriptsSmoke.TS_018_DocViewAudio">
    <skipped/>
  </testcase> <!-- addreduction -->
</testsuite> <!-- DocViewAudio -->
