<?xml version="1.0" encoding="UTF-8"?>
<!-- Generated by org.testng.reporters.JUnitXMLReporter -->
<testsuite hostname="INLTP-SHILPIM" ignored="0" name="DocViewAudio" tests="5" failures="0" timestamp="19 Mar 2020 10:11:37 GMT" time="222.275" errors="0">
  <testcase name="AudioDownload" time="12.748" classname="testScriptsSmoke.TS_018_DocViewAudio"/>
  <testcase name="addComment" time="1.512" classname="testScriptsSmoke.TS_018_DocViewAudio"/>
  <testcase name="addPlay" time="4.999" classname="testScriptsSmoke.TS_018_DocViewAudio"/>
  <testcase name="addRemark" time="33.795" classname="testScriptsSmoke.TS_018_DocViewAudio"/>
  <testcase name="addreduction" time="45.079" classname="testScriptsSmoke.TS_018_DocViewAudio"/>
</testsuite> <!-- DocViewAudio -->
