<?xml version="1.0" encoding="UTF-8"?>
<!-- Generated by org.testng.reporters.JUnitXMLReporter -->
<testsuite hostname="INLTP-SHILPIM" ignored="0" name="Production" tests="1" failures="1" timestamp="19 Mar 2020 10:15:58 GMT" time="261.036" errors="0">
  <testcase name="AddNewProduction" time="140.079" classname="testScriptsSmoke.TS_006_Production">
    <failure type="org.openqa.selenium.NoSuchElementException" message="Cannot locate element with text: \\ProductionWS_hwpoc\Automation
For documentation on this error, please visit: http://seleniumhq.org/exceptions/no_such_element.html
Build info: version: &amp;apos;3.4.0&amp;apos;, revision: &amp;apos;unknown&amp;apos;, time: &amp;apos;unknown&amp;apos;
System info: host: &amp;apos;INLTP-SHILPIM&amp;apos;, ip: &amp;apos;10.12.11.115&amp;apos;, os.name: &amp;apos;Windows 10&amp;apos;, os.arch: &amp;apos;amd64&amp;apos;, os.version: &amp;apos;10.0&amp;apos;, java.version: &amp;apos;1.8.0_181&amp;apos;
Driver info: driver.version: unknown">
      <![CDATA[org.openqa.selenium.NoSuchElementException: Cannot locate element with text: \\ProductionWS_hwpoc\Automation
For documentation on this error, please visit: http://seleniumhq.org/exceptions/no_such_element.html
Build info: version: '3.4.0', revision: 'unknown', time: 'unknown'
System info: host: 'INLTP-SHILPIM', ip: '10.12.11.115', os.name: 'Windows 10', os.arch: 'amd64', os.version: '10.0', java.version: '1.8.0_181'
Driver info: driver.version: unknown
	at org.openqa.selenium.support.ui.Select.selectByVisibleText(Select.java:151)
	at pageFactory.ProductionPage.CreateProduction(ProductionPage.java:390)
	at testScriptsSmoke.TS_006_Production.AddNewProduction(TS_006_Production.java:59)
... Removed 26 stack frames]]>
    </failure>
  </testcase> <!-- AddNewProduction -->
</testsuite> <!-- Production -->
