<?xml version="1.0" encoding="UTF-8"?>
<!-- Generated by org.testng.reporters.JUnitXMLReporter -->
<testsuite hostname="INLTP-SHILPIM" ignored="2" name="Reports" tests="3" failures="0" timestamp="19 Mar 2020 09:59:47 GMT" time="216.545" errors="0">
  <testcase name="conceptExplorer" time="15.085" classname="testScriptsSmoke.TS_012_ValidateReportsFunctionality"/>
  <testcase name="reviewProgressByRevReport" time="44.23" classname="testScriptsSmoke.TS_012_ValidateReportsFunctionality"/>
  <testcase name="tallySubTally" time="97.573" classname="testScriptsSmoke.TS_012_ValidateReportsFunctionality"/>
  <testcase name="customDDRExportAfterSwap" time="0.0" classname="testScriptsSmoke.TS_012_ValidateReportsFunctionality">
    <ignored/>
  </testcase> <!-- customDDRExportAfterSwap -->
  <testcase name="communicationExplorer" time="0.0" classname="testScriptsSmoke.TS_012_ValidateReportsFunctionality">
    <ignored/>
  </testcase> <!-- communicationExplorer -->
</testsuite> <!-- Reports -->
