<?xml version="1.0" encoding="UTF-8"?>
<!-- Generated by org.testng.reporters.JUnitXMLReporter -->
<testsuite hostname="INLTP-SHILPIM" ignored="2" name="Reports" tests="3" failures="1" timestamp="04 Apr 2020 09:19:59 GMT" time="186.874" errors="0">
  <testcase name="conceptExplorer" time="16.146" classname="testScriptsSmoke.TS_012_ValidateReportsFunctionality"/>
  <testcase name="reviewProgressByRevReport" time="57.323" classname="testScriptsSmoke.TS_012_ValidateReportsFunctionality"/>
  <testcase name="tallySubTally" time="52.72" classname="testScriptsSmoke.TS_012_ValidateReportsFunctionality">
    <failure type="org.openqa.selenium.WebDriverException" message="unknown error: Element &amp;lt;a id=&amp;quot;actionSubTally&amp;quot; href=&amp;quot;javascript:void(0);&amp;quot;&amp;gt;...&amp;lt;/a&amp;gt; is not clickable at point (892, 729). Other element would receive the click: &amp;lt;a href=&amp;quot;javascript:void(0);&amp;quot; class=&amp;quot;submenu-a&amp;quot;&amp;gt;...&amp;lt;/a&amp;gt;
  (Session info: chrome=80.0.3987.122)
  (Driver info: chromedriver=2.36.540470 (e522d04694c7ebea4ba8821272dbef4f9b818c91),platform=Windows NT 10.0.17134 x86_64) (WARNING: The server did not provide any stacktrace information)
Command duration or timeout: 42 milliseconds
Build info: version: &amp;apos;3.4.0&amp;apos;, revision: &amp;apos;unknown&amp;apos;, time: &amp;apos;unknown&amp;apos;
System info: host: &amp;apos;INLTP-SHILPIM&amp;apos;, ip: &amp;apos;10.12.53.27&amp;apos;, os.name: &amp;apos;Windows 10&amp;apos;, os.arch: &amp;apos;amd64&amp;apos;, os.version: &amp;apos;10.0&amp;apos;, java.version: &amp;apos;1.8.0_181&amp;apos;
Driver info: org.openqa.selenium.chrome.ChromeDriver
Capabilities [{applicationCacheEnabled=false, rotatable=false, mobileEmulationEnabled=false, networkConnectionEnabled=false, chrome={chromedriverVersion=2.36.540470 (e522d04694c7ebea4ba8821272dbef4f9b818c91), userDataDir=C:\Users\smangal\AppData\Local\Temp\scoped_dir26600_28295}, takesHeapSnapshot=true, pageLoadStrategy=normal, databaseEnabled=false, handlesAlerts=true, hasTouchScreen=false, version=80.0.3987.122, platform=XP, browserConnectionEnabled=false, nativeEvents=true, acceptSslCerts=false, acceptInsecureCerts=false, locationContextEnabled=true, webStorageEnabled=true, browserName=chrome, takesScreenshot=true, javascriptEnabled=true, cssSelectorsEnabled=true, setWindowRect=true, unexpectedAlertBehaviour=}]
Session ID: f382f57656eea684e2ad027809b82ca6">
      <![CDATA[org.openqa.selenium.WebDriverException: unknown error: Element <a id="actionSubTally" href="javascript:void(0);">...</a> is not clickable at point (892, 729). Other element would receive the click: <a href="javascript:void(0);" class="submenu-a">...</a>
  (Session info: chrome=80.0.3987.122)
  (Driver info: chromedriver=2.36.540470 (e522d04694c7ebea4ba8821272dbef4f9b818c91),platform=Windows NT 10.0.17134 x86_64) (WARNING: The server did not provide any stacktrace information)
Command duration or timeout: 42 milliseconds
Build info: version: '3.4.0', revision: 'unknown', time: 'unknown'
System info: host: 'INLTP-SHILPIM', ip: '10.12.53.27', os.name: 'Windows 10', os.arch: 'amd64', os.version: '10.0', java.version: '1.8.0_181'
Driver info: org.openqa.selenium.chrome.ChromeDriver
Capabilities [{applicationCacheEnabled=false, rotatable=false, mobileEmulationEnabled=false, networkConnectionEnabled=false, chrome={chromedriverVersion=2.36.540470 (e522d04694c7ebea4ba8821272dbef4f9b818c91), userDataDir=C:\Users\smangal\AppData\Local\Temp\scoped_dir26600_28295}, takesHeapSnapshot=true, pageLoadStrategy=normal, databaseEnabled=false, handlesAlerts=true, hasTouchScreen=false, version=80.0.3987.122, platform=XP, browserConnectionEnabled=false, nativeEvents=true, acceptSslCerts=false, acceptInsecureCerts=false, locationContextEnabled=true, webStorageEnabled=true, browserName=chrome, takesScreenshot=true, javascriptEnabled=true, cssSelectorsEnabled=true, setWindowRect=true, unexpectedAlertBehaviour=}]
Session ID: f382f57656eea684e2ad027809b82ca6
	at org.openqa.selenium.remote.ErrorHandler.createThrowable(ErrorHandler.java:215)
	at org.openqa.selenium.remote.ErrorHandler.throwIfResponseFailed(ErrorHandler.java:167)
	at org.openqa.selenium.remote.RemoteWebDriver.execute(RemoteWebDriver.java:671)
	at org.openqa.selenium.remote.RemoteWebElement.execute(RemoteWebElement.java:272)
	at org.openqa.selenium.remote.RemoteWebElement.click(RemoteWebElement.java:82)
	at automationLibrary.Element.Click(Element.java:210)
	at pageFactory.TallyPage.ValidateTallySubTally(TallyPage.java:317)
	at testScriptsSmoke.TS_012_ValidateReportsFunctionality.tallySubTally(TS_012_ValidateReportsFunctionality.java:65)
... Removed 29 stack frames]]>
    </failure>
  </testcase> <!-- tallySubTally -->
  <testcase name="customDDRExportAfterSwap" time="0.0" classname="testScriptsSmoke.TS_012_ValidateReportsFunctionality">
    <ignored/>
  </testcase> <!-- customDDRExportAfterSwap -->
  <testcase name="communicationExplorer" time="0.0" classname="testScriptsSmoke.TS_012_ValidateReportsFunctionality">
    <ignored/>
  </testcase> <!-- communicationExplorer -->
</testsuite> <!-- Reports -->
