<?xml version="1.0" encoding="UTF-8"?>
<!-- Generated by org.testng.reporters.JUnitXMLReporter -->
<testsuite hostname="INLTP-SHILPIM" ignored="1" name="Reports" tests="3" failures="0" timestamp="13 Jun 2020 07:00:18 GMT" time="305.382" errors="0">
  <testcase name="conceptExplorer" time="24.046" classname="testScriptsSmoke.TS_012_ValidateReportsFunctionality"/>
  <testcase name="reviewProgressByRevReport" time="43.907" classname="testScriptsSmoke.TS_012_ValidateReportsFunctionality"/>
  <testcase name="tallySubTally" time="159.542" classname="testScriptsSmoke.TS_012_ValidateReportsFunctionality"/>
  <testcase name="communicationExplorer" time="0.0" classname="testScriptsSmoke.TS_012_ValidateReportsFunctionality">
    <ignored/>
  </testcase> <!-- communicationExplorer -->
</testsuite> <!-- Reports -->
