<?xml version="1.0" encoding="UTF-8"?>
<!-- Generated by org.testng.reporters.JUnitXMLReporter -->
<testsuite hostname="LNT-HZ-NP-SQA18" ignored="2" name="Reports" tests="4" failures="1" timestamp="05 Jun 2021 08:47:47 GMT" time="196.315" errors="0">
  <testcase name="conceptExplorer" time="15.948" classname="testScriptsSmoke.TS_012_ValidateReportsFunctionality"/>
  <testcase name="reviewProgressByRevReport" time="34.702" classname="testScriptsSmoke.TS_012_ValidateReportsFunctionality">
    <skipped/>
  </testcase> <!-- reviewProgressByRevReport -->
  <testcase name="reviewProgressByRevReport" time="34.621" classname="testScriptsSmoke.TS_012_ValidateReportsFunctionality">
    <failure type="org.openqa.selenium.NoSuchElementException" message="no such element: Unable to locate element: {&amp;quot;method&amp;quot;:&amp;quot;xpath&amp;quot;,&amp;quot;selector&amp;quot;:&amp;quot;.//*[@id=&amp;apos;DivId_asignmentgrid&amp;apos;]/ul/li/h2[1]&amp;quot;}
  (Session info: chrome=90.0.4430.212)
  (Driver info: chromedriver=2.36.540470 (e522d04694c7ebea4ba8821272dbef4f9b818c91),platform=Windows NT 10.0.18363 x86_64) (WARNING: The server did not provide any stacktrace information)
Command duration or timeout: 7 milliseconds
For documentation on this error, please visit: http://seleniumhq.org/exceptions/no_such_element.html
Build info: version: &amp;apos;3.4.0&amp;apos;, revision: &amp;apos;unknown&amp;apos;, time: &amp;apos;unknown&amp;apos;
System info: host: &amp;apos;LNT-HZ-NP-SQA18&amp;apos;, ip: &amp;apos;10.224.187.104&amp;apos;, os.name: &amp;apos;Windows 10&amp;apos;, os.arch: &amp;apos;amd64&amp;apos;, os.version: &amp;apos;10.0&amp;apos;, java.version: &amp;apos;1.8.0_271&amp;apos;
Driver info: org.openqa.selenium.chrome.ChromeDriver
Capabilities [{applicationCacheEnabled=false, rotatable=false, mobileEmulationEnabled=false, networkConnectionEnabled=false, chrome={chromedriverVersion=2.36.540470 (e522d04694c7ebea4ba8821272dbef4f9b818c91), userDataDir=C:\Users\LOCAL_~1\Temp\scoped_dir8864_1051}, takesHeapSnapshot=true, pageLoadStrategy=normal, databaseEnabled=false, handlesAlerts=true, hasTouchScreen=false, version=90.0.4430.212, platform=XP, browserConnectionEnabled=false, nativeEvents=true, acceptSslCerts=false, acceptInsecureCerts=false, locationContextEnabled=true, webStorageEnabled=true, browserName=chrome, takesScreenshot=true, javascriptEnabled=true, cssSelectorsEnabled=true, setWindowRect=true, unexpectedAlertBehaviour=}]
Session ID: bc426a601c5b777df83c5703be4faaf8
*** Element info: {Using=xpath, value=.//*[@id=&amp;apos;DivId_asignmentgrid&amp;apos;]/ul/li/h2[1]}">
      <![CDATA[org.openqa.selenium.NoSuchElementException: no such element: Unable to locate element: {"method":"xpath","selector":".//*[@id='DivId_asignmentgrid']/ul/li/h2[1]"}
  (Session info: chrome=90.0.4430.212)
  (Driver info: chromedriver=2.36.540470 (e522d04694c7ebea4ba8821272dbef4f9b818c91),platform=Windows NT 10.0.18363 x86_64) (WARNING: The server did not provide any stacktrace information)
Command duration or timeout: 7 milliseconds
For documentation on this error, please visit: http://seleniumhq.org/exceptions/no_such_element.html
Build info: version: '3.4.0', revision: 'unknown', time: 'unknown'
System info: host: 'LNT-HZ-NP-SQA18', ip: '10.224.187.104', os.name: 'Windows 10', os.arch: 'amd64', os.version: '10.0', java.version: '1.8.0_271'
Driver info: org.openqa.selenium.chrome.ChromeDriver
Capabilities [{applicationCacheEnabled=false, rotatable=false, mobileEmulationEnabled=false, networkConnectionEnabled=false, chrome={chromedriverVersion=2.36.540470 (e522d04694c7ebea4ba8821272dbef4f9b818c91), userDataDir=C:\Users\LOCAL_~1\Temp\scoped_dir8864_1051}, takesHeapSnapshot=true, pageLoadStrategy=normal, databaseEnabled=false, handlesAlerts=true, hasTouchScreen=false, version=90.0.4430.212, platform=XP, browserConnectionEnabled=false, nativeEvents=true, acceptSslCerts=false, acceptInsecureCerts=false, locationContextEnabled=true, webStorageEnabled=true, browserName=chrome, takesScreenshot=true, javascriptEnabled=true, cssSelectorsEnabled=true, setWindowRect=true, unexpectedAlertBehaviour=}]
Session ID: bc426a601c5b777df83c5703be4faaf8
*** Element info: {Using=xpath, value=.//*[@id='DivId_asignmentgrid']/ul/li/h2[1]}
at org.openqa.selenium.remote.ErrorHandler.createThrowable(ErrorHandler.java:215)
at org.openqa.selenium.remote.ErrorHandler.throwIfResponseFailed(ErrorHandler.java:167)
at org.openqa.selenium.remote.RemoteWebDriver.execute(RemoteWebDriver.java:671)
at org.openqa.selenium.remote.RemoteWebDriver.findElement(RemoteWebDriver.java:410)
at org.openqa.selenium.remote.RemoteWebDriver.findElementByXPath(RemoteWebDriver.java:509)
at org.openqa.selenium.By$ByXPath.findElement(By.java:361)
at org.openqa.selenium.remote.RemoteWebDriver.findElement(RemoteWebDriver.java:402)
at automationLibrary.Element.AssertExists(Element.java:501)
at automationLibrary.Element.getText(Element.java:520)
at pageFactory.ReviewProgressByReviewerReportPage.ValidateReviewProgressReportShareandSchdule(ReviewProgressByReviewerReportPage.java:98)
at testScriptsSmoke.TS_012_ValidateReportsFunctionality.reviewProgressByRevReport(TS_012_ValidateReportsFunctionality.java:110)
... Removed 29 stack frames]]>
    </failure>
  </testcase> <!-- reviewProgressByRevReport -->
  <testcase name="tallySubTally" time="81.08" classname="testScriptsSmoke.TS_012_ValidateReportsFunctionality"/>
  <testcase name="customDDRExportAfterSwap" time="0.0" classname="testScriptsSmoke.TS_012_ValidateReportsFunctionality">
    <ignored/>
  </testcase> <!-- customDDRExportAfterSwap -->
  <testcase name="communicationExplorer" time="0.0" classname="testScriptsSmoke.TS_012_ValidateReportsFunctionality">
    <ignored/>
  </testcase> <!-- communicationExplorer -->
</testsuite> <!-- Reports -->
