<?xml version="1.0" encoding="UTF-8"?>
<!-- Generated by org.testng.reporters.JUnitXMLReporter -->
<testsuite hostname="INLTP-SHILPIM" ignored="0" name="SavedSearchShareSchedule" tests="4" failures="3" timestamp="26 May 2020 07:16:51 GMT" time="362.851" errors="0">
  <testcase name="saveSearchToDocList" time="19.474" classname="testScriptsSmoke.TS_007_SavedSearchShareSchedule">
    <failure type="java.lang.AssertionError" message="expected [true] but found [false]">
      <![CDATA[java.lang.AssertionError: expected [true] but found [false]
	at testScriptsSmoke.TS_007_SavedSearchShareSchedule.saveSearchToDocList(TS_007_SavedSearchShareSchedule.java:69)
... Removed 30 stack frames]]>
    </failure>
  </testcase> <!-- saveSearchToDocList -->
  <testcase name="saveSearchToDocView" time="22.194" classname="testScriptsSmoke.TS_007_SavedSearchShareSchedule">
    <failure type="java.lang.AssertionError" message="expected [of 9 Docs] but found [of 52 Docs]">
      <![CDATA[java.lang.AssertionError: expected [of 9 Docs] but found [of 52 Docs]
	at testScriptsSmoke.TS_007_SavedSearchShareSchedule.saveSearchToDocView(TS_007_SavedSearchShareSchedule.java:82)
... Removed 32 stack frames]]>
    </failure>
  </testcase> <!-- saveSearchToDocView -->
  <testcase name="scheduleSavedSearch" time="112.212" classname="testScriptsSmoke.TS_007_SavedSearchShareSchedule"/>
  <testcase name="shareSavedSearch" time="40.747" classname="testScriptsSmoke.TS_007_SavedSearchShareSchedule">
    <failure type="org.openqa.selenium.NoSuchElementException" message="no such element: Unable to locate element: {&amp;quot;method&amp;quot;:&amp;quot;xpath&amp;quot;,&amp;quot;selector&amp;quot;:&amp;quot; //div[starts-with(@id,&amp;apos;bigBoxColor&amp;apos;)]//span&amp;quot;}
  (Session info: chrome=81.0.4044.138)
  (Driver info: chromedriver=2.36.540470 (e522d04694c7ebea4ba8821272dbef4f9b818c91),platform=Windows NT 10.0.17134 x86_64) (WARNING: The server did not provide any stacktrace information)
Command duration or timeout: 21 milliseconds
For documentation on this error, please visit: http://seleniumhq.org/exceptions/no_such_element.html
Build info: version: &amp;apos;3.4.0&amp;apos;, revision: &amp;apos;unknown&amp;apos;, time: &amp;apos;unknown&amp;apos;
System info: host: &amp;apos;INLTP-SHILPIM&amp;apos;, ip: &amp;apos;10.12.51.128&amp;apos;, os.name: &amp;apos;Windows 10&amp;apos;, os.arch: &amp;apos;amd64&amp;apos;, os.version: &amp;apos;10.0&amp;apos;, java.version: &amp;apos;1.8.0_181&amp;apos;
Driver info: org.openqa.selenium.chrome.ChromeDriver
Capabilities [{applicationCacheEnabled=false, rotatable=false, mobileEmulationEnabled=false, networkConnectionEnabled=false, chrome={chromedriverVersion=2.36.540470 (e522d04694c7ebea4ba8821272dbef4f9b818c91), userDataDir=C:\Users\smangal\AppData\Local\Temp\scoped_dir27848_12435}, takesHeapSnapshot=true, pageLoadStrategy=normal, databaseEnabled=false, handlesAlerts=true, hasTouchScreen=false, version=81.0.4044.138, platform=XP, browserConnectionEnabled=false, nativeEvents=true, acceptSslCerts=false, acceptInsecureCerts=false, locationContextEnabled=true, webStorageEnabled=true, browserName=chrome, takesScreenshot=true, javascriptEnabled=true, cssSelectorsEnabled=true, setWindowRect=true, unexpectedAlertBehaviour=}]
Session ID: c785c2e341e1eee56f92d3e55c1f1637
*** Element info: {Using=xpath, value= //div[starts-with(@id,&amp;apos;bigBoxColor&amp;apos;)]//span}">
      <![CDATA[org.openqa.selenium.NoSuchElementException: no such element: Unable to locate element: {"method":"xpath","selector":" //div[starts-with(@id,'bigBoxColor')]//span"}
  (Session info: chrome=81.0.4044.138)
  (Driver info: chromedriver=2.36.540470 (e522d04694c7ebea4ba8821272dbef4f9b818c91),platform=Windows NT 10.0.17134 x86_64) (WARNING: The server did not provide any stacktrace information)
Command duration or timeout: 21 milliseconds
For documentation on this error, please visit: http://seleniumhq.org/exceptions/no_such_element.html
Build info: version: '3.4.0', revision: 'unknown', time: 'unknown'
System info: host: 'INLTP-SHILPIM', ip: '10.12.51.128', os.name: 'Windows 10', os.arch: 'amd64', os.version: '10.0', java.version: '1.8.0_181'
Driver info: org.openqa.selenium.chrome.ChromeDriver
Capabilities [{applicationCacheEnabled=false, rotatable=false, mobileEmulationEnabled=false, networkConnectionEnabled=false, chrome={chromedriverVersion=2.36.540470 (e522d04694c7ebea4ba8821272dbef4f9b818c91), userDataDir=C:\Users\smangal\AppData\Local\Temp\scoped_dir27848_12435}, takesHeapSnapshot=true, pageLoadStrategy=normal, databaseEnabled=false, handlesAlerts=true, hasTouchScreen=false, version=81.0.4044.138, platform=XP, browserConnectionEnabled=false, nativeEvents=true, acceptSslCerts=false, acceptInsecureCerts=false, locationContextEnabled=true, webStorageEnabled=true, browserName=chrome, takesScreenshot=true, javascriptEnabled=true, cssSelectorsEnabled=true, setWindowRect=true, unexpectedAlertBehaviour=}]
Session ID: c785c2e341e1eee56f92d3e55c1f1637
*** Element info: {Using=xpath, value= //div[starts-with(@id,'bigBoxColor')]//span}
	at org.openqa.selenium.remote.ErrorHandler.createThrowable(ErrorHandler.java:215)
	at org.openqa.selenium.remote.ErrorHandler.throwIfResponseFailed(ErrorHandler.java:167)
	at org.openqa.selenium.remote.RemoteWebDriver.execute(RemoteWebDriver.java:671)
	at org.openqa.selenium.remote.RemoteWebDriver.findElement(RemoteWebDriver.java:410)
	at org.openqa.selenium.remote.RemoteWebDriver.findElementByXPath(RemoteWebDriver.java:509)
	at org.openqa.selenium.By$ByXPath.findElement(By.java:361)
	at org.openqa.selenium.remote.RemoteWebDriver.findElement(RemoteWebDriver.java:402)
	at automationLibrary.Element.AssertExists(Element.java:486)
	at automationLibrary.Element.getText(Element.java:505)
	at pageFactory.BaseClass.VerifySuccessMessage(BaseClass.java:241)
	at pageFactory.SavedSearch.shareSavedSearchPA(SavedSearch.java:313)
	at testScriptsSmoke.TS_007_SavedSearchShareSchedule.shareSavedSearch(TS_007_SavedSearchShareSchedule.java:117)
... Removed 29 stack frames]]>
    </failure>
  </testcase> <!-- shareSavedSearch -->
</testsuite> <!-- SavedSearchShareSchedule -->
