<?xml version="1.0" encoding="UTF-8"?>
<!-- Generated by org.testng.reporters.JUnitXMLReporter -->
<testsuite hostname="INLTP-SHILPIM" ignored="0" name="TS_017_DocList" tests="3" failures="2" timestamp="13 Jun 2020 06:30:18 GMT" time="357.802" errors="0">
  <testcase name="doclistBulkRelease" time="77.424" classname="testScriptsSmoke.TS_017_DocList"/>
  <testcase name="doclistToDocView" time="72.253" classname="testScriptsSmoke.TS_017_DocList">
    <failure type="junit.framework.ComparisonFailure" message="expected:&amp;lt;...10...&amp;gt; but was:&amp;lt;...9...&amp;gt;">
      <![CDATA[junit.framework.ComparisonFailure: expected:<...10...> but was:<...9...>
	at junit.framework.Assert.assertEquals(Assert.java:81)
	at junit.framework.Assert.assertEquals(Assert.java:87)
	at testScriptsSmoke.TS_017_DocList.doclistToDocView(TS_017_DocList.java:134)
... Removed 26 stack frames]]>
    </failure>
  </testcase> <!-- doclistToDocView -->
  <testcase name="bulkTagAndBulkFolder" time="142.333" classname="testScriptsSmoke.TS_017_DocList">
    <failure type="junit.framework.AssertionFailedError" message="expected:&amp;lt;10&amp;gt; but was:&amp;lt;9&amp;gt;">
      <![CDATA[junit.framework.AssertionFailedError: expected:<10> but was:<9>
	at junit.framework.Assert.fail(Assert.java:47)
	at junit.framework.Assert.failNotEquals(Assert.java:282)
	at junit.framework.Assert.assertEquals(Assert.java:64)
	at junit.framework.Assert.assertEquals(Assert.java:201)
	at junit.framework.Assert.assertEquals(Assert.java:207)
	at testScriptsSmoke.TS_017_DocList.bulkTagAndBulkFolder(TS_017_DocList.java:98)
... Removed 26 stack frames]]>
    </failure>
  </testcase> <!-- bulkTagAndBulkFolder -->
</testsuite> <!-- TS_017_DocList -->
