<?xml version="1.0" encoding="UTF-8"?>
<!-- Generated by org.testng.reporters.JUnitXMLReporter -->
<testsuite hostname="INLTP-SHILPIM" ignored="4" name="TS_017_DocList" tests="3" failures="2" timestamp="04 Apr 2020 08:57:38 GMT" time="390.179" errors="0">
  <testcase name="doclistBulkRelease" time="81.91" classname="testScriptsSmoke.TS_017_DocList"/>
  <testcase name="doclistToDocView" time="85.495" classname="testScriptsSmoke.TS_017_DocList">
    <failure type="junit.framework.ComparisonFailure" message="expected:&amp;lt;...10...&amp;gt; but was:&amp;lt;...9...&amp;gt;">
      <![CDATA[junit.framework.ComparisonFailure: expected:<...10...> but was:<...9...>
	at junit.framework.Assert.assertEquals(Assert.java:81)
	at junit.framework.Assert.assertEquals(Assert.java:87)
	at testScriptsSmoke.TS_017_DocList.doclistToDocView(TS_017_DocList.java:195)
... Removed 26 stack frames]]>
    </failure>
  </testcase> <!-- doclistToDocView -->
  <testcase name="bulkTagAndBulkFolder" time="159.253" classname="testScriptsSmoke.TS_017_DocList">
    <failure type="junit.framework.AssertionFailedError" message="expected:&amp;lt;10&amp;gt; but was:&amp;lt;9&amp;gt;">
      <![CDATA[junit.framework.AssertionFailedError: expected:<10> but was:<9>
	at junit.framework.Assert.fail(Assert.java:47)
	at junit.framework.Assert.failNotEquals(Assert.java:282)
	at junit.framework.Assert.assertEquals(Assert.java:64)
	at junit.framework.Assert.assertEquals(Assert.java:201)
	at junit.framework.Assert.assertEquals(Assert.java:207)
	at testScriptsSmoke.TS_017_DocList.bulkTagAndBulkFolder(TS_017_DocList.java:97)
... Removed 26 stack frames]]>
    </failure>
  </testcase> <!-- bulkTagAndBulkFolder -->
  <testcase name="custodianFiltersInDocList" time="0.0" classname="testScriptsSmoke.TS_017_DocList">
    <ignored/>
  </testcase> <!-- custodianFiltersInDocList -->
  <testcase name="masterDateFiltersInDocList" time="0.0" classname="testScriptsSmoke.TS_017_DocList">
    <ignored/>
  </testcase> <!-- masterDateFiltersInDocList -->
  <testcase name="docFileTypeInDocList" time="0.0" classname="testScriptsSmoke.TS_017_DocList">
    <ignored/>
  </testcase> <!-- docFileTypeInDocList -->
  <testcase name="masterDateForImageDocs" time="0.0" classname="testScriptsSmoke.TS_017_DocList">
    <ignored/>
  </testcase> <!-- masterDateForImageDocs -->
</testsuite> <!-- TS_017_DocList -->
