<?xml version="1.0" encoding="UTF-8"?>
<!-- Generated by org.testng.reporters.JUnitXMLReporter -->
<testsuite hostname="INLTP-FERHAT" ignored="0" name="TS_017_DocList" tests="3" failures="3" timestamp="18 Feb 2021 08:13:12 GMT" time="69.336" errors="0">
  <testcase name="doclistBulkRelease" time="2.098" classname="testScriptsSmoke.TS_017_DocList">
    <failure type="java.lang.ClassCastException" message="automationLibrary.Driver cannot be cast to org.openqa.selenium.WebDriver">
      <![CDATA[java.lang.ClassCastException: automationLibrary.Driver cannot be cast to org.openqa.selenium.WebDriver
	at pageFactory.SecurityGroupsPage.AddSecurityGroup(SecurityGroupsPage.java:48)
	at testScriptsSmoke.TS_017_DocList.doclistBulkRelease(TS_017_DocList.java:154)
... Removed 26 stack frames]]>
    </failure>
  </testcase> <!-- doclistBulkRelease -->
  <testcase name="bulkTagAndBulkFolder" time="9.513" classname="testScriptsSmoke.TS_017_DocList">
    <failure type="org.openqa.selenium.WebDriverException" message="unknown error: Element &amp;lt;span id=&amp;quot;project-selector&amp;quot; class=&amp;quot;popover-trigger-element dropdown-toggle left&amp;quot; data-toggle=&amp;quot;dropdown&amp;quot; style=&amp;quot;padding-bottom:8px;&amp;quot; title=&amp;quot;...&amp;quot;&amp;gt;Smoke1102&amp;lt;/span&amp;gt; is not clickable at point (273, 36). Other element would receive the click: &amp;lt;div class=&amp;quot;ui-widget-overlay ui-front&amp;quot; style=&amp;quot;z-index: 1049;&amp;quot;&amp;gt;&amp;lt;/div&amp;gt;
  (Session info: chrome=88.0.4324.150)
  (Driver info: chromedriver=2.36.540470 (e522d04694c7ebea4ba8821272dbef4f9b818c91),platform=Windows NT 10.0.17763 x86_64) (WARNING: The server did not provide any stacktrace information)
Command duration or timeout: 54 milliseconds
Build info: version: &amp;apos;3.4.0&amp;apos;, revision: &amp;apos;unknown&amp;apos;, time: &amp;apos;unknown&amp;apos;
System info: host: &amp;apos;INLTP-FERHAT&amp;apos;, ip: &amp;apos;10.12.51.136&amp;apos;, os.name: &amp;apos;Windows 10&amp;apos;, os.arch: &amp;apos;amd64&amp;apos;, os.version: &amp;apos;10.0&amp;apos;, java.version: &amp;apos;1.8.0_241&amp;apos;
Driver info: org.openqa.selenium.chrome.ChromeDriver
Capabilities [{applicationCacheEnabled=false, rotatable=false, mobileEmulationEnabled=false, networkConnectionEnabled=false, chrome={chromedriverVersion=2.36.540470 (e522d04694c7ebea4ba8821272dbef4f9b818c91), userDataDir=C:\Users\FTARAN~1\AppData\Local\Temp\scoped_dir37480_27165}, takesHeapSnapshot=true, pageLoadStrategy=normal, databaseEnabled=false, handlesAlerts=true, hasTouchScreen=false, version=88.0.4324.150, platform=XP, browserConnectionEnabled=false, nativeEvents=true, acceptSslCerts=false, acceptInsecureCerts=false, locationContextEnabled=true, webStorageEnabled=true, browserName=chrome, takesScreenshot=true, javascriptEnabled=true, cssSelectorsEnabled=true, setWindowRect=true, unexpectedAlertBehaviour=}]
Session ID: fb950804bd3427492879cf286dcd128c">
      <![CDATA[org.openqa.selenium.WebDriverException: unknown error: Element <span id="project-selector" class="popover-trigger-element dropdown-toggle left" data-toggle="dropdown" style="padding-bottom:8px;" title="...">Smoke1102</span> is not clickable at point (273, 36). Other element would receive the click: <div class="ui-widget-overlay ui-front" style="z-index: 1049;"></div>
  (Session info: chrome=88.0.4324.150)
  (Driver info: chromedriver=2.36.540470 (e522d04694c7ebea4ba8821272dbef4f9b818c91),platform=Windows NT 10.0.17763 x86_64) (WARNING: The server did not provide any stacktrace information)
Command duration or timeout: 54 milliseconds
Build info: version: '3.4.0', revision: 'unknown', time: 'unknown'
System info: host: 'INLTP-FERHAT', ip: '10.12.51.136', os.name: 'Windows 10', os.arch: 'amd64', os.version: '10.0', java.version: '1.8.0_241'
Driver info: org.openqa.selenium.chrome.ChromeDriver
Capabilities [{applicationCacheEnabled=false, rotatable=false, mobileEmulationEnabled=false, networkConnectionEnabled=false, chrome={chromedriverVersion=2.36.540470 (e522d04694c7ebea4ba8821272dbef4f9b818c91), userDataDir=C:\Users\FTARAN~1\AppData\Local\Temp\scoped_dir37480_27165}, takesHeapSnapshot=true, pageLoadStrategy=normal, databaseEnabled=false, handlesAlerts=true, hasTouchScreen=false, version=88.0.4324.150, platform=XP, browserConnectionEnabled=false, nativeEvents=true, acceptSslCerts=false, acceptInsecureCerts=false, locationContextEnabled=true, webStorageEnabled=true, browserName=chrome, takesScreenshot=true, javascriptEnabled=true, cssSelectorsEnabled=true, setWindowRect=true, unexpectedAlertBehaviour=}]
Session ID: fb950804bd3427492879cf286dcd128c
	at org.openqa.selenium.remote.ErrorHandler.createThrowable(ErrorHandler.java:215)
	at org.openqa.selenium.remote.ErrorHandler.throwIfResponseFailed(ErrorHandler.java:167)
	at org.openqa.selenium.remote.RemoteWebDriver.execute(RemoteWebDriver.java:671)
	at org.openqa.selenium.remote.RemoteWebElement.execute(RemoteWebElement.java:272)
	at org.openqa.selenium.remote.RemoteWebElement.click(RemoteWebElement.java:82)
	at automationLibrary.Element.waitAndClick(Element.java:257)
	at pageFactory.BaseClass.selectproject(BaseClass.java:196)
	at testScriptsSmoke.TS_017_DocList.bulkTagAndBulkFolder(TS_017_DocList.java:65)
... Removed 29 stack frames]]>
    </failure>
  </testcase> <!-- bulkTagAndBulkFolder -->
  <testcase name="doclistToDocView" time="9.426" classname="testScriptsSmoke.TS_017_DocList">
    <failure type="org.openqa.selenium.WebDriverException" message="unknown error: Element &amp;lt;span id=&amp;quot;project-selector&amp;quot; class=&amp;quot;popover-trigger-element dropdown-toggle left&amp;quot; data-toggle=&amp;quot;dropdown&amp;quot; style=&amp;quot;padding-bottom:8px;&amp;quot; title=&amp;quot;...&amp;quot;&amp;gt;Smoke1102&amp;lt;/span&amp;gt; is not clickable at point (273, 36). Other element would receive the click: &amp;lt;div class=&amp;quot;ui-widget-overlay ui-front&amp;quot; style=&amp;quot;z-index: 1049;&amp;quot;&amp;gt;&amp;lt;/div&amp;gt;
  (Session info: chrome=88.0.4324.150)
  (Driver info: chromedriver=2.36.540470 (e522d04694c7ebea4ba8821272dbef4f9b818c91),platform=Windows NT 10.0.17763 x86_64) (WARNING: The server did not provide any stacktrace information)
Command duration or timeout: 55 milliseconds
Build info: version: &amp;apos;3.4.0&amp;apos;, revision: &amp;apos;unknown&amp;apos;, time: &amp;apos;unknown&amp;apos;
System info: host: &amp;apos;INLTP-FERHAT&amp;apos;, ip: &amp;apos;10.12.51.136&amp;apos;, os.name: &amp;apos;Windows 10&amp;apos;, os.arch: &amp;apos;amd64&amp;apos;, os.version: &amp;apos;10.0&amp;apos;, java.version: &amp;apos;1.8.0_241&amp;apos;
Driver info: org.openqa.selenium.chrome.ChromeDriver
Capabilities [{applicationCacheEnabled=false, rotatable=false, mobileEmulationEnabled=false, networkConnectionEnabled=false, chrome={chromedriverVersion=2.36.540470 (e522d04694c7ebea4ba8821272dbef4f9b818c91), userDataDir=C:\Users\FTARAN~1\AppData\Local\Temp\scoped_dir37480_27165}, takesHeapSnapshot=true, pageLoadStrategy=normal, databaseEnabled=false, handlesAlerts=true, hasTouchScreen=false, version=88.0.4324.150, platform=XP, browserConnectionEnabled=false, nativeEvents=true, acceptSslCerts=false, acceptInsecureCerts=false, locationContextEnabled=true, webStorageEnabled=true, browserName=chrome, takesScreenshot=true, javascriptEnabled=true, cssSelectorsEnabled=true, setWindowRect=true, unexpectedAlertBehaviour=}]
Session ID: fb950804bd3427492879cf286dcd128c">
      <![CDATA[org.openqa.selenium.WebDriverException: unknown error: Element <span id="project-selector" class="popover-trigger-element dropdown-toggle left" data-toggle="dropdown" style="padding-bottom:8px;" title="...">Smoke1102</span> is not clickable at point (273, 36). Other element would receive the click: <div class="ui-widget-overlay ui-front" style="z-index: 1049;"></div>
  (Session info: chrome=88.0.4324.150)
  (Driver info: chromedriver=2.36.540470 (e522d04694c7ebea4ba8821272dbef4f9b818c91),platform=Windows NT 10.0.17763 x86_64) (WARNING: The server did not provide any stacktrace information)
Command duration or timeout: 55 milliseconds
Build info: version: '3.4.0', revision: 'unknown', time: 'unknown'
System info: host: 'INLTP-FERHAT', ip: '10.12.51.136', os.name: 'Windows 10', os.arch: 'amd64', os.version: '10.0', java.version: '1.8.0_241'
Driver info: org.openqa.selenium.chrome.ChromeDriver
Capabilities [{applicationCacheEnabled=false, rotatable=false, mobileEmulationEnabled=false, networkConnectionEnabled=false, chrome={chromedriverVersion=2.36.540470 (e522d04694c7ebea4ba8821272dbef4f9b818c91), userDataDir=C:\Users\FTARAN~1\AppData\Local\Temp\scoped_dir37480_27165}, takesHeapSnapshot=true, pageLoadStrategy=normal, databaseEnabled=false, handlesAlerts=true, hasTouchScreen=false, version=88.0.4324.150, platform=XP, browserConnectionEnabled=false, nativeEvents=true, acceptSslCerts=false, acceptInsecureCerts=false, locationContextEnabled=true, webStorageEnabled=true, browserName=chrome, takesScreenshot=true, javascriptEnabled=true, cssSelectorsEnabled=true, setWindowRect=true, unexpectedAlertBehaviour=}]
Session ID: fb950804bd3427492879cf286dcd128c
	at org.openqa.selenium.remote.ErrorHandler.createThrowable(ErrorHandler.java:215)
	at org.openqa.selenium.remote.ErrorHandler.throwIfResponseFailed(ErrorHandler.java:167)
	at org.openqa.selenium.remote.RemoteWebDriver.execute(RemoteWebDriver.java:671)
	at org.openqa.selenium.remote.RemoteWebElement.execute(RemoteWebElement.java:272)
	at org.openqa.selenium.remote.RemoteWebElement.click(RemoteWebElement.java:82)
	at automationLibrary.Element.waitAndClick(Element.java:257)
	at pageFactory.BaseClass.selectproject(BaseClass.java:196)
	at testScriptsSmoke.TS_017_DocList.doclistToDocView(TS_017_DocList.java:117)
... Removed 29 stack frames]]>
    </failure>
  </testcase> <!-- doclistToDocView -->
</testsuite> <!-- TS_017_DocList -->
