<?xml version="1.0" encoding="UTF-8"?>
<!-- Generated by org.testng.reporters.JUnitXMLReporter -->
<testsuite hostname="INLTP-SHILPIM" ignored="0" name="TS_017_DocList" tests="3" failures="2" timestamp="26 May 2020 07:03:58 GMT" time="236.135" errors="0">
  <testcase name="doclistBulkRelease" time="106.311" classname="testScriptsSmoke.TS_017_DocList"/>
  <testcase name="doclistToDocView" time="63.514" classname="testScriptsSmoke.TS_017_DocList">
    <failure type="org.openqa.selenium.WebDriverException" message="unknown error: Element &amp;lt;button id=&amp;quot;idAction&amp;quot; class=&amp;quot;btn btn-primary dropdown-toggle&amp;quot; data-toggle=&amp;quot;dropdown&amp;quot;&amp;gt;...&amp;lt;/button&amp;gt; is not clickable at point (1851, 151). Other element would receive the click: &amp;lt;div class=&amp;quot;divMessageBox animated fast fadeOut&amp;quot; id=&amp;quot;MsgBoxBack&amp;quot;&amp;gt;...&amp;lt;/div&amp;gt;
  (Session info: chrome=81.0.4044.138)
  (Driver info: chromedriver=2.36.540470 (e522d04694c7ebea4ba8821272dbef4f9b818c91),platform=Windows NT 10.0.17134 x86_64) (WARNING: The server did not provide any stacktrace information)
Command duration or timeout: 47 milliseconds
Build info: version: &amp;apos;3.4.0&amp;apos;, revision: &amp;apos;unknown&amp;apos;, time: &amp;apos;unknown&amp;apos;
System info: host: &amp;apos;INLTP-SHILPIM&amp;apos;, ip: &amp;apos;10.12.51.128&amp;apos;, os.name: &amp;apos;Windows 10&amp;apos;, os.arch: &amp;apos;amd64&amp;apos;, os.version: &amp;apos;10.0&amp;apos;, java.version: &amp;apos;1.8.0_181&amp;apos;
Driver info: org.openqa.selenium.chrome.ChromeDriver
Capabilities [{applicationCacheEnabled=false, rotatable=false, mobileEmulationEnabled=false, networkConnectionEnabled=false, chrome={chromedriverVersion=2.36.540470 (e522d04694c7ebea4ba8821272dbef4f9b818c91), userDataDir=C:\Users\smangal\AppData\Local\Temp\scoped_dir19012_27750}, takesHeapSnapshot=true, pageLoadStrategy=normal, databaseEnabled=false, handlesAlerts=true, hasTouchScreen=false, version=81.0.4044.138, platform=XP, browserConnectionEnabled=false, nativeEvents=true, acceptSslCerts=false, acceptInsecureCerts=false, locationContextEnabled=true, webStorageEnabled=true, browserName=chrome, takesScreenshot=true, javascriptEnabled=true, cssSelectorsEnabled=true, setWindowRect=true, unexpectedAlertBehaviour=}]
Session ID: a0104baddd9f2bc3a50f44d02740e98b">
      <![CDATA[org.openqa.selenium.WebDriverException: unknown error: Element <button id="idAction" class="btn btn-primary dropdown-toggle" data-toggle="dropdown">...</button> is not clickable at point (1851, 151). Other element would receive the click: <div class="divMessageBox animated fast fadeOut" id="MsgBoxBack">...</div>
  (Session info: chrome=81.0.4044.138)
  (Driver info: chromedriver=2.36.540470 (e522d04694c7ebea4ba8821272dbef4f9b818c91),platform=Windows NT 10.0.17134 x86_64) (WARNING: The server did not provide any stacktrace information)
Command duration or timeout: 47 milliseconds
Build info: version: '3.4.0', revision: 'unknown', time: 'unknown'
System info: host: 'INLTP-SHILPIM', ip: '10.12.51.128', os.name: 'Windows 10', os.arch: 'amd64', os.version: '10.0', java.version: '1.8.0_181'
Driver info: org.openqa.selenium.chrome.ChromeDriver
Capabilities [{applicationCacheEnabled=false, rotatable=false, mobileEmulationEnabled=false, networkConnectionEnabled=false, chrome={chromedriverVersion=2.36.540470 (e522d04694c7ebea4ba8821272dbef4f9b818c91), userDataDir=C:\Users\smangal\AppData\Local\Temp\scoped_dir19012_27750}, takesHeapSnapshot=true, pageLoadStrategy=normal, databaseEnabled=false, handlesAlerts=true, hasTouchScreen=false, version=81.0.4044.138, platform=XP, browserConnectionEnabled=false, nativeEvents=true, acceptSslCerts=false, acceptInsecureCerts=false, locationContextEnabled=true, webStorageEnabled=true, browserName=chrome, takesScreenshot=true, javascriptEnabled=true, cssSelectorsEnabled=true, setWindowRect=true, unexpectedAlertBehaviour=}]
Session ID: a0104baddd9f2bc3a50f44d02740e98b
	at org.openqa.selenium.remote.ErrorHandler.createThrowable(ErrorHandler.java:215)
	at org.openqa.selenium.remote.ErrorHandler.throwIfResponseFailed(ErrorHandler.java:167)
	at org.openqa.selenium.remote.RemoteWebDriver.execute(RemoteWebDriver.java:671)
	at org.openqa.selenium.remote.RemoteWebElement.execute(RemoteWebElement.java:272)
	at org.openqa.selenium.remote.RemoteWebElement.click(RemoteWebElement.java:82)
	at automationLibrary.Element.waitAndClick(Element.java:242)
	at pageFactory.SessionSearch.ViewInDocView(SessionSearch.java:1138)
	at testScriptsSmoke.TS_017_DocList.doclistToDocView(TS_017_DocList.java:127)
... Removed 29 stack frames]]>
    </failure>
  </testcase> <!-- doclistToDocView -->
  <testcase name="bulkTagAndBulkFolder" time="9.524" classname="testScriptsSmoke.TS_017_DocList">
    <failure type="org.openqa.selenium.WebDriverException" message="unknown error: Element &amp;lt;span id=&amp;quot;project-selector&amp;quot; class=&amp;quot;popover-trigger-element dropdown-toggle left&amp;quot; data-toggle=&amp;quot;dropdown&amp;quot; style=&amp;quot;padding-bottom:8px;&amp;quot; title=&amp;quot;...&amp;quot;&amp;gt;Auto_Regression&amp;lt;/span&amp;gt; is not clickable at point (273, 36). Other element would receive the click: &amp;lt;div class=&amp;quot;divMessageBox animated fast fadeOut&amp;quot; id=&amp;quot;MsgBoxBack&amp;quot;&amp;gt;...&amp;lt;/div&amp;gt;
  (Session info: chrome=81.0.4044.138)
  (Driver info: chromedriver=2.36.540470 (e522d04694c7ebea4ba8821272dbef4f9b818c91),platform=Windows NT 10.0.17134 x86_64) (WARNING: The server did not provide any stacktrace information)
Command duration or timeout: 49 milliseconds
Build info: version: &amp;apos;3.4.0&amp;apos;, revision: &amp;apos;unknown&amp;apos;, time: &amp;apos;unknown&amp;apos;
System info: host: &amp;apos;INLTP-SHILPIM&amp;apos;, ip: &amp;apos;10.12.51.128&amp;apos;, os.name: &amp;apos;Windows 10&amp;apos;, os.arch: &amp;apos;amd64&amp;apos;, os.version: &amp;apos;10.0&amp;apos;, java.version: &amp;apos;1.8.0_181&amp;apos;
Driver info: org.openqa.selenium.chrome.ChromeDriver
Capabilities [{applicationCacheEnabled=false, rotatable=false, mobileEmulationEnabled=false, networkConnectionEnabled=false, chrome={chromedriverVersion=2.36.540470 (e522d04694c7ebea4ba8821272dbef4f9b818c91), userDataDir=C:\Users\smangal\AppData\Local\Temp\scoped_dir19012_27750}, takesHeapSnapshot=true, pageLoadStrategy=normal, databaseEnabled=false, handlesAlerts=true, hasTouchScreen=false, version=81.0.4044.138, platform=XP, browserConnectionEnabled=false, nativeEvents=true, acceptSslCerts=false, acceptInsecureCerts=false, locationContextEnabled=true, webStorageEnabled=true, browserName=chrome, takesScreenshot=true, javascriptEnabled=true, cssSelectorsEnabled=true, setWindowRect=true, unexpectedAlertBehaviour=}]
Session ID: a0104baddd9f2bc3a50f44d02740e98b">
      <![CDATA[org.openqa.selenium.WebDriverException: unknown error: Element <span id="project-selector" class="popover-trigger-element dropdown-toggle left" data-toggle="dropdown" style="padding-bottom:8px;" title="...">Auto_Regression</span> is not clickable at point (273, 36). Other element would receive the click: <div class="divMessageBox animated fast fadeOut" id="MsgBoxBack">...</div>
  (Session info: chrome=81.0.4044.138)
  (Driver info: chromedriver=2.36.540470 (e522d04694c7ebea4ba8821272dbef4f9b818c91),platform=Windows NT 10.0.17134 x86_64) (WARNING: The server did not provide any stacktrace information)
Command duration or timeout: 49 milliseconds
Build info: version: '3.4.0', revision: 'unknown', time: 'unknown'
System info: host: 'INLTP-SHILPIM', ip: '10.12.51.128', os.name: 'Windows 10', os.arch: 'amd64', os.version: '10.0', java.version: '1.8.0_181'
Driver info: org.openqa.selenium.chrome.ChromeDriver
Capabilities [{applicationCacheEnabled=false, rotatable=false, mobileEmulationEnabled=false, networkConnectionEnabled=false, chrome={chromedriverVersion=2.36.540470 (e522d04694c7ebea4ba8821272dbef4f9b818c91), userDataDir=C:\Users\smangal\AppData\Local\Temp\scoped_dir19012_27750}, takesHeapSnapshot=true, pageLoadStrategy=normal, databaseEnabled=false, handlesAlerts=true, hasTouchScreen=false, version=81.0.4044.138, platform=XP, browserConnectionEnabled=false, nativeEvents=true, acceptSslCerts=false, acceptInsecureCerts=false, locationContextEnabled=true, webStorageEnabled=true, browserName=chrome, takesScreenshot=true, javascriptEnabled=true, cssSelectorsEnabled=true, setWindowRect=true, unexpectedAlertBehaviour=}]
Session ID: a0104baddd9f2bc3a50f44d02740e98b
	at org.openqa.selenium.remote.ErrorHandler.createThrowable(ErrorHandler.java:215)
	at org.openqa.selenium.remote.ErrorHandler.throwIfResponseFailed(ErrorHandler.java:167)
	at org.openqa.selenium.remote.RemoteWebDriver.execute(RemoteWebDriver.java:671)
	at org.openqa.selenium.remote.RemoteWebElement.execute(RemoteWebElement.java:272)
	at org.openqa.selenium.remote.RemoteWebElement.click(RemoteWebElement.java:82)
	at automationLibrary.Element.waitAndClick(Element.java:242)
	at pageFactory.BaseClass.selectproject(BaseClass.java:193)
	at testScriptsSmoke.TS_017_DocList.bulkTagAndBulkFolder(TS_017_DocList.java:61)
... Removed 29 stack frames]]>
    </failure>
  </testcase> <!-- bulkTagAndBulkFolder -->
</testsuite> <!-- TS_017_DocList -->
