<?xml version="1.0" encoding="UTF-8"?>
<!-- Generated by org.testng.reporters.JUnitXMLReporter -->
<testsuite hostname="INLTP-SHILPIM" ignored="4" name="TS_017_DocList" tests="3" failures="0" timestamp="19 Mar 2020 09:36:26 GMT" time="363.6" errors="0">
  <testcase name="doclistBulkRelease" time="56.332" classname="testScriptsSmoke.TS_017_DocList"/>
  <testcase name="doclistToDocView" time="53.431" classname="testScriptsSmoke.TS_017_DocList"/>
  <testcase name="bulkTagAndBulkFolder" time="186.67" classname="testScriptsSmoke.TS_017_DocList"/>
  <testcase name="custodianFiltersInDocList" time="0.0" classname="testScriptsSmoke.TS_017_DocList">
    <ignored/>
  </testcase> <!-- custodianFiltersInDocList -->
  <testcase name="masterDateFiltersInDocList" time="0.0" classname="testScriptsSmoke.TS_017_DocList">
    <ignored/>
  </testcase> <!-- masterDateFiltersInDocList -->
  <testcase name="docFileTypeInDocList" time="0.0" classname="testScriptsSmoke.TS_017_DocList">
    <ignored/>
  </testcase> <!-- docFileTypeInDocList -->
  <testcase name="masterDateForImageDocs" time="0.0" classname="testScriptsSmoke.TS_017_DocList">
    <ignored/>
  </testcase> <!-- masterDateForImageDocs -->
</testsuite> <!-- TS_017_DocList -->
