<?xml version="1.0" encoding="UTF-8"?>
<!-- Generated by org.testng.reporters.JUnitXMLReporter -->
<testsuite hostname="FRA-14L-10-SBAV" name="ValidateAssignmentFunctionality" tests="2" failures="0" timestamp="11 Feb 2021 21:27:00 GMT" time="206.149" errors="0">
  <testcase name="CreateQuickBatch" time="33.546" classname="testScriptsSmoke.TS_009_ValidateAssignmentFunctionality"/>
  <testcase name="CreateAssignmentDistributeToReviwer" time="108.416" classname="testScriptsSmoke.TS_009_ValidateAssignmentFunctionality"/>
</testsuite> <!-- ValidateAssignmentFunctionality -->
