# JRE version: Java(TM) SE Runtime Environment (8.0_181-b13) (build 1.8.0_181-b13)
# Java VM: Java HotSpot(TM) 64-Bit Server VM (25.181-b13 mixed mode windows-amd64 compressed oops)
Heap:
 PSYoungGen      total 35840K, used 17251K [0x00000000d8500000, 0x00000000dcb00000, 0x0000000100000000)
  eden space 30720K, 56% used [0x00000000d8500000,0x00000000d95d8fe0,0x00000000da300000)
  from space 5120K, 0% used [0x00000000da800000,0x00000000da800000,0x00000000dad00000)
  to   space 5120K, 0% used [0x00000000da300000,0x00000000da300000,0x00000000da800000)
 ParOldGen       total 50176K, used 5959K [0x0000000088e00000, 0x000000008bf00000, 0x00000000d8500000)
  object space 50176K, 11% used [0x0000000088e00000,0x00000000893d1e38,0x000000008bf00000)
 Metaspace       used 22436K, capacity 22748K, committed 22960K, reserved 1069056K
  class space    used 2676K, capacity 2810K, committed 2816K, reserved 1048576K
GC Heap History (10 events):
Event: 1.749 GC heap before
{Heap before GC invocations=1 (full 0):
 PSYoungGen      total 35840K, used 30720K [0x00000000d8500000, 0x00000000dad00000, 0x0000000100000000)
  eden space 30720K, 100% used [0x00000000d8500000,0x00000000da300000,0x00000000da300000)
  from space 5120K, 0% used [0x00000000da800000,0x00000000da800000,0x00000000dad00000)
  to   space 5120K, 0% used [0x00000000da300000,0x00000000da300000,0x00000000da800000)
 ParOldGen       total 81920K, used 0K [0x0000000088e00000, 0x000000008de00000, 0x00000000d8500000)
  object space 81920K, 0% used [0x0000000088e00000,0x0000000088e00000,0x000000008de00000)
 Metaspace       used 10321K, capacity 10476K, committed 10752K, reserved 1058816K
  class space    used 1132K, capacity 1170K, committed 1280K, reserved 1048576K
Event: 1.755 GC heap after
Heap after GC invocations=1 (full 0):
 PSYoungGen      total 35840K, used 5107K [0x00000000d8500000, 0x00000000dad00000, 0x0000000100000000)
  eden space 30720K, 0% used [0x00000000d8500000,0x00000000d8500000,0x00000000da300000)
  from space 5120K, 99% used [0x00000000da300000,0x00000000da7fcd20,0x00000000da800000)
  to   space 5120K, 0% used [0x00000000da800000,0x00000000da800000,0x00000000dad00000)
 ParOldGen       total 81920K, used 326K [0x0000000088e00000, 0x000000008de00000, 0x00000000d8500000)
  object space 81920K, 0% used [0x0000000088e00000,0x0000000088e51aa0,0x000000008de00000)
 Metaspace       used 10321K, capacity 10476K, committed 10752K, reserved 1058816K
  class space    used 1132K, capacity 1170K, committed 1280K, reserved 1048576K
}
Event: 2.172 GC heap before
{Heap before GC invocations=2 (full 0):
 PSYoungGen      total 35840K, used 35827K [0x00000000d8500000, 0x00000000dad00000, 0x0000000100000000)
  eden space 30720K, 100% used [0x00000000d8500000,0x00000000da300000,0x00000000da300000)
  from space 5120K, 99% used [0x00000000da300000,0x00000000da7fcd20,0x00000000da800000)
  to   space 5120K, 0% used [0x00000000da800000,0x00000000da800000,0x00000000dad00000)
 ParOldGen       total 81920K, used 326K [0x0000000088e00000, 0x000000008de00000, 0x00000000d8500000)
  object space 81920K, 0% used [0x0000000088e00000,0x0000000088e51aa0,0x000000008de00000)
 Metaspace       used 14313K, capacity 14380K, committed 14464K, reserved 1062912K
  class space    used 1608K, capacity 1618K, committed 1664K, reserved 1048576K
Event: 2.178 GC heap after
Heap after GC invocations=2 (full 0):
 PSYoungGen      total 35840K, used 5090K [0x00000000d8500000, 0x00000000dad00000, 0x0000000100000000)
  eden space 30720K, 0% used [0x00000000d8500000,0x00000000d8500000,0x00000000da300000)
  from space 5120K, 99% used [0x00000000da800000,0x00000000dacf8a98,0x00000000dad00000)
  to   space 5120K, 0% used [0x00000000da300000,0x00000000da300000,0x00000000da800000)
 ParOldGen       total 81920K, used 1224K [0x0000000088e00000, 0x000000008de00000, 0x00000000d8500000)
  object space 81920K, 1% used [0x0000000088e00000,0x0000000088f32320,0x000000008de00000)
 Metaspace       used 14313K, capacity 14380K, committed 14464K, reserved 1062912K
  class space    used 1608K, capacity 1618K, committed 1664K, reserved 1048576K
}
Event: 3.749 GC heap before
{Heap before GC invocations=3 (full 0):
 PSYoungGen      total 35840K, used 35810K [0x00000000d8500000, 0x00000000dad00000, 0x0000000100000000)
  eden space 30720K, 100% used [0x00000000d8500000,0x00000000da300000,0x00000000da300000)
  from space 5120K, 99% used [0x00000000da800000,0x00000000dacf8a98,0x00000000dad00000)
  to   space 5120K, 0% used [0x00000000da300000,0x00000000da300000,0x00000000da800000)
 ParOldGen       total 81920K, used 1224K [0x0000000088e00000, 0x000000008de00000, 0x00000000d8500000)
  object space 81920K, 1% used [0x0000000088e00000,0x0000000088f32320,0x000000008de00000)
 Metaspace       used 20112K, capacity 20368K, committed 20480K, reserved 1067008K
  class space    used 2386K, capacity 2492K, committed 2560K, reserved 1048576K
Event: 3.758 GC heap after
Heap after GC invocations=3 (full 0):
 PSYoungGen      total 35840K, used 5088K [0x00000000d8500000, 0x00000000dad00000, 0x0000000100000000)
  eden space 30720K, 0% used [0x00000000d8500000,0x00000000d8500000,0x00000000da300000)
  from space 5120K, 99% used [0x00000000da300000,0x00000000da7f8040,0x00000000da800000)
  to   space 5120K, 0% used [0x00000000da800000,0x00000000da800000,0x00000000dad00000)
 ParOldGen       total 81920K, used 3529K [0x0000000088e00000, 0x000000008de00000, 0x00000000d8500000)
  object space 81920K, 4% used [0x0000000088e00000,0x00000000891727d0,0x000000008de00000)
 Metaspace       used 20112K, capacity 20368K, committed 20480K, reserved 1067008K
  class space    used 2386K, capacity 2492K, committed 2560K, reserved 1048576K
}
Event: 3.885 GC heap before
{Heap before GC invocations=4 (full 0):
 PSYoungGen      total 35840K, used 11106K [0x00000000d8500000, 0x00000000dad00000, 0x0000000100000000)
  eden space 30720K, 19% used [0x00000000d8500000,0x00000000d8ae0a28,0x00000000da300000)
  from space 5120K, 99% used [0x00000000da300000,0x00000000da7f8040,0x00000000da800000)
  to   space 5120K, 0% used [0x00000000da800000,0x00000000da800000,0x00000000dad00000)
 ParOldGen       total 81920K, used 3529K [0x0000000088e00000, 0x000000008de00000, 0x00000000d8500000)
  object space 81920K, 4% used [0x0000000088e00000,0x00000000891727d0,0x000000008de00000)
 Metaspace       used 20909K, capacity 21200K, committed 21296K, reserved 1069056K
  class space    used 2525K, capacity 2684K, committed 2688K, reserved 1048576K
Event: 3.892 GC heap after
Heap after GC invocations=4 (full 0):
 PSYoungGen      total 35840K, used 5088K [0x00000000d8500000, 0x00000000dcb00000, 0x0000000100000000)
  eden space 30720K, 0% used [0x00000000d8500000,0x00000000d8500000,0x00000000da300000)
  from space 5120K, 99% used [0x00000000da800000,0x00000000dacf8060,0x00000000dad00000)
  to   space 5120K, 0% used [0x00000000da300000,0x00000000da300000,0x00000000da800000)
 ParOldGen       total 81920K, used 4277K [0x0000000088e00000, 0x000000008de00000, 0x00000000d8500000)
  object space 81920K, 5% used [0x0000000088e00000,0x000000008922d748,0x000000008de00000)
 Metaspace       used 20909K, capacity 21200K, committed 21296K, reserved 1069056K
  class space    used 2525K, capacity 2684K, committed 2688K, reserved 1048576K
}
Event: 3.892 GC heap before
{Heap before GC invocations=5 (full 1):
 PSYoungGen      total 35840K, used 5088K [0x00000000d8500000, 0x00000000dcb00000, 0x0000000100000000)
  eden space 30720K, 0% used [0x00000000d8500000,0x00000000d8500000,0x00000000da300000)
  from space 5120K, 99% used [0x00000000da800000,0x00000000dacf8060,0x00000000dad00000)
  to   space 5120K, 0% used [0x00000000da300000,0x00000000da300000,0x00000000da800000)
 ParOldGen       total 81920K, used 4277K [0x0000000088e00000, 0x000000008de00000, 0x00000000d8500000)
  object space 81920K, 5% used [0x0000000088e00000,0x000000008922d748,0x000000008de00000)
 Metaspace       used 20909K, capacity 21200K, committed 21296K, reserved 1069056K
  class space    used 2525K, capacity 2684K, committed 2688K, reserved 1048576K
Event: 3.930 GC heap after
Heap after GC invocations=5 (full 1):
 PSYoungGen      total 35840K, used 0K [0x00000000d8500000, 0x00000000dcb00000, 0x0000000100000000)
  eden space 30720K, 0% used [0x00000000d8500000,0x00000000d8500000,0x00000000da300000)
  from space 5120K, 0% used [0x00000000da800000,0x00000000da800000,0x00000000dad00000)
  to   space 5120K, 0% used [0x00000000da300000,0x00000000da300000,0x00000000da800000)
 ParOldGen       total 50176K, used 5959K [0x0000000088e00000, 0x000000008bf00000, 0x00000000d8500000)
  object space 50176K, 11% used [0x0000000088e00000,0x00000000893d1e38,0x000000008bf00000)
 Metaspace       used 20909K, capacity 21200K, committed 21296K, reserved 1069056K
  class space    used 2525K, capacity 2684K, committed 2688K, reserved 1048576K
}

