<?xml version="1.0" encoding="UTF-8"?>
<!-- Generated by org.testng.reporters.JUnitXMLReporter -->
<testsuite hostname="FRA-14L-10-SBAV" name="Default test" tests="6" failures="0" timestamp="11 Feb 2021 20:35:48 GMT" time="181.249" errors="0">
  <testcase name="proximityAndRegExInBS" time="18.75" classname="testScriptsSmoke.TS_004_BasicAndAdvancedSearchOperations"/>
  <testcase name="proximityAndRegExInBS" time="23.262" classname="testScriptsSmoke.TS_004_BasicAndAdvancedSearchOperations"/>
  <testcase name="proximityAndRegExInBS" time="19.647" classname="testScriptsSmoke.TS_004_BasicAndAdvancedSearchOperations"/>
  <testcase name="proximityAndRegExInBS" time="21.409" classname="testScriptsSmoke.TS_004_BasicAndAdvancedSearchOperations"/>
  <testcase name="proximityAndRegExInBS" time="20.395" classname="testScriptsSmoke.TS_004_BasicAndAdvancedSearchOperations"/>
  <testcase name="proximityAndRegExInBS" time="20.24" classname="testScriptsSmoke.TS_004_BasicAndAdvancedSearchOperations"/>
</testsuite> <!-- Default test -->
